#
# There is insufficient memory for the Java Runtime Environment to continue.
# Native memory allocation (malloc) failed to allocate 1551376 bytes for Chunk::new
# Possible reasons:
#   The system is out of physical RAM or swap space
#   The process is running with CompressedOops enabled, and the Java Heap may be blocking the growth of the native heap
# Possible solutions:
#   Reduce memory load on the system
#   Increase physical memory or swap space
#   Check if swap backing store is full
#   Decrease Java heap size (-Xmx/-Xms)
#   Decrease number of Java threads
#   Decrease Java thread stack sizes (-Xss)
#   Set larger code cache with -XX:ReservedCodeCacheSize=
#   JVM is running with Unscaled Compressed Oops mode in which the Java heap is
#     placed in the first 4GB address space. The Java Heap base address is the
#     maximum limit for the native heap growth. Please use -XX:HeapBaseMinAddress
#     to set the Java Heap base and to place the Java Heap above 4GB virtual address.
# This output file may be truncated or incomplete.
#
#  Out of Memory Error (src/hotspot/share/memory/arena.cpp:197), pid=13700, tid=4748
#
# JRE version: OpenJDK Runtime Environment (11.0.15) (build 11.0.15+0-b2043.56-9505619)
# Java VM: OpenJDK 64-Bit Server VM (11.0.15+0-b2043.56-9505619, mixed mode, tiered, compressed oops, g1 gc, windows-amd64)
# No core dump will be written. Minidumps are not enabled by default on client versions of Windows
#

---------------  S U M M A R Y ------------

Command Line: --add-opens=java.base/java.util=ALL-UNNAMED --add-opens=java.base/java.lang=ALL-UNNAMED --add-opens=java.base/java.lang.invoke=ALL-UNNAMED --add-opens=java.prefs/java.util.prefs=ALL-UNNAMED --add-opens=java.base/java.nio.charset=ALL-UNNAMED --add-opens=java.base/java.net=ALL-UNNAMED --add-opens=java.base/java.util.concurrent.atomic=ALL-UNNAMED -Xmx2048m -Dfile.encoding=UTF-8 -Duser.country=KR -Duser.language=ko -Duser.variant org.gradle.launcher.daemon.bootstrap.GradleDaemon 8.0

Host: Intel(R) Core(TM) i5-10210U CPU @ 1.60GHz, 8 cores, 7G,  Windows 11 , 64 bit Build 22621 (10.0.22621.1928)
Time: Wed Aug  2 12:03:51 2023  Windows 11 , 64 bit Build 22621 (10.0.22621.1928) elapsed time: 29.167527 seconds (0d 0h 0m 29s)

---------------  T H R E A D  ---------------

Current thread (0x000001f47faf1000):  JavaThread "C2 CompilerThread0" daemon [_thread_in_native, id=4748, stack(0x0000009812a00000,0x0000009812b00000)]


Current CompileTask:
C2:  29167 13030   !   4       org.gradle.internal.instantiation.generator.DependencyInjectingInstantiator::doCreate (64 bytes)

Stack: [0x0000009812a00000,0x0000009812b00000]
Native frames: (J=compiled Java code, j=interpreted, Vv=VM code, C=native code)
V  [jvm.dll+0x64135a]
V  [jvm.dll+0x7d39f9]
V  [jvm.dll+0x7d51b9]
V  [jvm.dll+0x7d58a3]
V  [jvm.dll+0x2691c5]
V  [jvm.dll+0xc1a5c]
V  [jvm.dll+0xc200c]
V  [jvm.dll+0x3774a7]
V  [jvm.dll+0x342495]
V  [jvm.dll+0x34186a]
V  [jvm.dll+0x2214bd]
V  [jvm.dll+0x220498]
V  [jvm.dll+0x19e851]
V  [jvm.dll+0x230479]
V  [jvm.dll+0x22e5ef]
V  [jvm.dll+0x794de1]
V  [jvm.dll+0x78dc24]
V  [jvm.dll+0x6400f6]
C  [ucrtbase.dll+0x29363]
C  [KERNEL32.DLL+0x126ad]
C  [ntdll.dll+0x5aa68]


---------------  P R O C E S S  ---------------

Threads class SMR info:
_java_thread_list=0x000001f412d93880, length=125, elements={
0x000001f47652e800, 0x000001f47f9d5800, 0x000001f47f9d8800, 0x000001f47f9fe800,
0x000001f47fae8800, 0x000001f47faec000, 0x000001f47faf1000, 0x000001f47faf2800,
0x000001f47fafe000, 0x000001f47fc68000, 0x000001f412884800, 0x000001f47fe99800,
0x000001f412312800, 0x000001f412e2a000, 0x000001f413edb800, 0x000001f414500000,
0x000001f412dee000, 0x000001f414059000, 0x000001f41405a000, 0x000001f41405b800,
0x000001f414057800, 0x000001f41405c800, 0x000001f414bce000, 0x000001f414bd2000,
0x000001f414bd4800, 0x000001f414bd3000, 0x000001f414bd5800, 0x000001f4182df800,
0x000001f4182e2000, 0x000001f4182de000, 0x000001f4182e4800, 0x000001f4182e0800,
0x000001f41d5fe000, 0x000001f41d5fa800, 0x000001f41d5fb800, 0x000001f41d5fe800,
0x000001f41d601000, 0x000001f41d5fd000, 0x000001f41d5ff800, 0x000001f41d602000,
0x000001f41d600800, 0x000001f41d5fc000, 0x000001f41d602800, 0x000001f41d607000,
0x000001f41d604800, 0x000001f41d609800, 0x000001f41d607800, 0x000001f41d603800,
0x000001f41d605000, 0x000001f41d606000, 0x000001f41d608800, 0x000001f4182dc800,
0x000001f4182d6800, 0x000001f4182d9000, 0x000001f4182da800, 0x000001f4182db800,
0x000001f4182dd000, 0x000001f4182d7800, 0x000001f4182d8800, 0x000001f4182da000,
0x000001f4182e3800, 0x000001f4182df000, 0x000001f4182e1800, 0x000001f4182e3000,
0x000001f414bcf800, 0x000001f414bd0800, 0x000001f414bd1800, 0x000001f414bd4000,
0x000001f414bcf000, 0x000001f414bda800, 0x000001f414bdc000, 0x000001f414bd8800,
0x000001f414bdb000, 0x000001f414bd7000, 0x000001f414bd6000, 0x000001f414bd8000,
0x000001f414bd9800, 0x000001f414056000, 0x000001f414058800, 0x000001f41405b000,
0x000001f414056800, 0x000001f41d43d000, 0x000001f41d439000, 0x000001f41d439800,
0x000001f41d43a800, 0x000001f41d43b800, 0x000001f41d43c000, 0x000001f41d437800,
0x000001f41d43e000, 0x000001f41d438000, 0x000001f41d43f800, 0x000001f41d443800,
0x000001f41d441000, 0x000001f41d444800, 0x000001f41d440800, 0x000001f41d442000,
0x000001f41d442800, 0x000001f41d43e800, 0x000001f41d445000, 0x000001f41d446000,
0x000001f411935800, 0x000001f411936000, 0x000001f411930800, 0x000001f411931000,
0x000001f411937000, 0x000001f411932000, 0x000001f411933000, 0x000001f411938000,
0x000001f411933800, 0x000001f411938800, 0x000001f411934800, 0x000001f41193f000,
0x000001f41193d800, 0x000001f411939800, 0x000001f41193a000, 0x000001f41193b000,
0x000001f41193c000, 0x000001f41193c800, 0x000001f41193e800, 0x000001f4147ad800,
0x000001f4147ae800, 0x000001f4147aa800, 0x000001f4147ad000, 0x000001f4147a9000,
0x000001f4147af800
}

Java Threads: ( => current thread )
  0x000001f47652e800 JavaThread "main" [_thread_blocked, id=10208, stack(0x0000009811e00000,0x0000009811f00000)]
  0x000001f47f9d5800 JavaThread "Reference Handler" daemon [_thread_blocked, id=14948, stack(0x0000009812500000,0x0000009812600000)]
  0x000001f47f9d8800 JavaThread "Finalizer" daemon [_thread_blocked, id=5800, stack(0x0000009812600000,0x0000009812700000)]
  0x000001f47f9fe800 JavaThread "Signal Dispatcher" daemon [_thread_blocked, id=14296, stack(0x0000009812700000,0x0000009812800000)]
  0x000001f47fae8800 JavaThread "Attach Listener" daemon [_thread_blocked, id=15236, stack(0x0000009812800000,0x0000009812900000)]
  0x000001f47faec000 JavaThread "Service Thread" daemon [_thread_blocked, id=12080, stack(0x0000009812900000,0x0000009812a00000)]
=>0x000001f47faf1000 JavaThread "C2 CompilerThread0" daemon [_thread_in_native, id=4748, stack(0x0000009812a00000,0x0000009812b00000)]
  0x000001f47faf2800 JavaThread "C1 CompilerThread0" daemon [_thread_in_vm, id=8532, stack(0x0000009812b00000,0x0000009812c00000)]
  0x000001f47fafe000 JavaThread "Sweeper thread" daemon [_thread_blocked, id=5488, stack(0x0000009812c00000,0x0000009812d00000)]
  0x000001f47fc68000 JavaThread "Common-Cleaner" daemon [_thread_blocked, id=5620, stack(0x0000009812d00000,0x0000009812e00000)]
  0x000001f412884800 JavaThread "Daemon health stats" [_thread_blocked, id=14800, stack(0x0000009813300000,0x0000009813400000)]
  0x000001f47fe99800 JavaThread "Incoming local TCP Connector on port 51314" [_thread_in_native, id=13292, stack(0x0000009812f00000,0x0000009813000000)]
  0x000001f412312800 JavaThread "Daemon periodic checks" [_thread_blocked, id=4540, stack(0x0000009813200000,0x0000009813300000)]
  0x000001f412e2a000 JavaThread "Daemon" [_thread_blocked, id=14824, stack(0x0000009813400000,0x0000009813500000)]
  0x000001f413edb800 JavaThread "Daemon worker" [_thread_in_Java, id=3828, stack(0x0000009813700000,0x0000009813800000)]
  0x000001f414500000 JavaThread "Cache worker for journal cache (C:\Users\user\.gradle\caches\journal-1)" [_thread_blocked, id=10288, stack(0x0000009814000000,0x0000009814100000)]
  0x000001f412dee000 JavaThread "File lock request listener" [_thread_in_native, id=8028, stack(0x0000009814200000,0x0000009814300000)]
  0x000001f414059000 JavaThread "Cache worker for file hash cache (C:\Users\user\.gradle\caches\8.0\fileHashes)" [_thread_blocked, id=14716, stack(0x0000009814300000,0x0000009814400000)]
  0x000001f41405a000 JavaThread "File watcher server" daemon [_thread_in_native, id=15004, stack(0x0000009814500000,0x0000009814600000)]
  0x000001f41405b800 JavaThread "File watcher consumer" daemon [_thread_blocked, id=13716, stack(0x0000009814600000,0x0000009814700000)]
  0x000001f414057800 JavaThread "Cache worker for file content cache (C:\Users\user\.gradle\caches\8.0\fileContent)" [_thread_blocked, id=11452, stack(0x0000009814900000,0x0000009814a00000)]
  0x000001f41405c800 JavaThread "Cache worker for execution history cache (C:\Users\user\.gradle\caches\8.0\executionHistory)" [_thread_blocked, id=1688, stack(0x0000009814c00000,0x0000009814d00000)]
  0x000001f414bce000 JavaThread "jar transforms" [_thread_blocked, id=3056, stack(0x0000009814d00000,0x0000009814e00000)]
  0x000001f414bd2000 JavaThread "jar transforms Thread 2" [_thread_blocked, id=14700, stack(0x0000009814f00000,0x0000009815000000)]
  0x000001f414bd4800 JavaThread "jar transforms Thread 3" [_thread_blocked, id=13000, stack(0x0000009815000000,0x0000009815100000)]
  0x000001f414bd3000 JavaThread "jar transforms Thread 4" [_thread_blocked, id=14676, stack(0x0000009815100000,0x0000009815200000)]
  0x000001f414bd5800 JavaThread "jar transforms Thread 5" [_thread_blocked, id=7180, stack(0x0000009815300000,0x0000009815400000)]
  0x000001f4182df800 JavaThread "jar transforms Thread 6" [_thread_blocked, id=2928, stack(0x000000981a500000,0x000000981a600000)]
  0x000001f4182e2000 JavaThread "jar transforms Thread 7" [_thread_blocked, id=3604, stack(0x000000981a600000,0x000000981a700000)]
  0x000001f4182de000 JavaThread "jar transforms Thread 8" [_thread_blocked, id=4480, stack(0x000000981a700000,0x000000981a800000)]
  0x000001f4182e4800 JavaThread "Memory manager" [_thread_blocked, id=12932, stack(0x000000981a900000,0x000000981aa00000)]
  0x000001f4182e0800 JavaThread "pool-3-thread-1" [_thread_blocked, id=9384, stack(0x0000009814e00000,0x0000009814f00000)]
  0x000001f41d5fe000 JavaThread "included builds" [_thread_blocked, id=14416, stack(0x000000981ab00000,0x000000981ac00000)]
  0x000001f41d5fa800 JavaThread "Handler for socket connection from /127.0.0.1:51314 to /127.0.0.1:51332" [_thread_in_native, id=15316, stack(0x0000009813500000,0x0000009813600000)]
  0x000001f41d5fb800 JavaThread "Cancel handler" [_thread_blocked, id=13088, stack(0x0000009813600000,0x0000009813700000)]
  0x000001f41d5fe800 JavaThread "Asynchronous log dispatcher for DefaultDaemonConnection: socket connection from /127.0.0.1:51314 to /127.0.0.1:51332" [_thread_blocked, id=14052, stack(0x0000009813800000,0x0000009813900000)]
  0x000001f41d601000 JavaThread "Stdin handler" [_thread_blocked, id=2348, stack(0x0000009813900000,0x0000009813a00000)]
  0x000001f41d5fd000 JavaThread "Daemon client event forwarder" [_thread_blocked, id=8312, stack(0x0000009813a00000,0x0000009813b00000)]
  0x000001f41d5ff800 JavaThread "Cache worker for checksums cache (C:\Users\user\Desktop\github_ww\WW_Client\.gradle\8.0\checksums)" [_thread_blocked, id=12372, stack(0x0000009814400000,0x0000009814500000)]
  0x000001f41d602000 JavaThread "Cache worker for cache directory md-rule (C:\Users\user\.gradle\caches\8.0\md-rule)" [_thread_blocked, id=14732, stack(0x0000009814a00000,0x0000009814b00000)]
  0x000001f41d600800 JavaThread "Cache worker for file hash cache (C:\Users\user\Desktop\github_ww\WW_Client\.gradle\8.0\fileHashes)" [_thread_blocked, id=10068, stack(0x0000009814b00000,0x0000009814c00000)]
  0x000001f41d5fc000 JavaThread "Cache worker for cache directory md-supplier (C:\Users\user\.gradle\caches\8.0\md-supplier)" [_thread_blocked, id=5380, stack(0x0000009815200000,0x0000009815300000)]
  0x000001f41d602800 JavaThread "Cache worker for dependencies-accessors (C:\Users\user\Desktop\github_ww\WW_Client\.gradle\8.0\dependencies-accessors)" [_thread_blocked, id=11564, stack(0x0000009815400000,0x0000009815500000)]
  0x000001f41d607000 JavaThread "Cache worker for Build Output Cleanup Cache (C:\Users\user\Desktop\github_ww\WW_Client\.gradle\buildOutputCleanup)" [_thread_blocked, id=11932, stack(0x0000009815500000,0x0000009815600000)]
  0x000001f41d604800 JavaThread "Unconstrained build operations" [_thread_blocked, id=15084, stack(0x0000009815600000,0x0000009815700000)]
  0x000001f41d609800 JavaThread "Unconstrained build operations Thread 2" [_thread_blocked, id=13240, stack(0x0000009815700000,0x0000009815800000)]
  0x000001f41d607800 JavaThread "Unconstrained build operations Thread 3" [_thread_blocked, id=4352, stack(0x0000009815800000,0x0000009815900000)]
  0x000001f41d603800 JavaThread "Unconstrained build operations Thread 4" [_thread_blocked, id=14708, stack(0x0000009815900000,0x0000009815a00000)]
  0x000001f41d605000 JavaThread "Unconstrained build operations Thread 5" [_thread_blocked, id=14812, stack(0x0000009815a00000,0x0000009815b00000)]
  0x000001f41d606000 JavaThread "Unconstrained build operations Thread 6" [_thread_blocked, id=13672, stack(0x0000009815b00000,0x0000009815c00000)]
  0x000001f41d608800 JavaThread "Unconstrained build operations Thread 7" [_thread_blocked, id=2732, stack(0x0000009815c00000,0x0000009815d00000)]
  0x000001f4182dc800 JavaThread "Unconstrained build operations Thread 8" [_thread_blocked, id=980, stack(0x0000009815d00000,0x0000009815e00000)]
  0x000001f4182d6800 JavaThread "Unconstrained build operations Thread 9" [_thread_blocked, id=5916, stack(0x0000009815e00000,0x0000009815f00000)]
  0x000001f4182d9000 JavaThread "Unconstrained build operations Thread 10" [_thread_blocked, id=14892, stack(0x0000009815f00000,0x0000009816000000)]
  0x000001f4182da800 JavaThread "Unconstrained build operations Thread 11" [_thread_blocked, id=15256, stack(0x0000009816000000,0x0000009816100000)]
  0x000001f4182db800 JavaThread "Unconstrained build operations Thread 12" [_thread_blocked, id=8008, stack(0x0000009816100000,0x0000009816200000)]
  0x000001f4182dd000 JavaThread "Unconstrained build operations Thread 13" [_thread_blocked, id=15052, stack(0x0000009816200000,0x0000009816300000)]
  0x000001f4182d7800 JavaThread "Unconstrained build operations Thread 14" [_thread_blocked, id=5668, stack(0x0000009816300000,0x0000009816400000)]
  0x000001f4182d8800 JavaThread "Unconstrained build operations Thread 15" [_thread_blocked, id=6168, stack(0x0000009816400000,0x0000009816500000)]
  0x000001f4182da000 JavaThread "Unconstrained build operations Thread 16" [_thread_blocked, id=12988, stack(0x0000009816500000,0x0000009816600000)]
  0x000001f4182e3800 JavaThread "Unconstrained build operations Thread 17" [_thread_blocked, id=13760, stack(0x0000009816600000,0x0000009816700000)]
  0x000001f4182df000 JavaThread "Unconstrained build operations Thread 18" [_thread_blocked, id=12360, stack(0x0000009816700000,0x0000009816800000)]
  0x000001f4182e1800 JavaThread "Unconstrained build operations Thread 19" [_thread_blocked, id=1564, stack(0x0000009816800000,0x0000009816900000)]
  0x000001f4182e3000 JavaThread "Unconstrained build operations Thread 20" [_thread_blocked, id=7744, stack(0x0000009816900000,0x0000009816a00000)]
  0x000001f414bcf800 JavaThread "Unconstrained build operations Thread 21" [_thread_blocked, id=9448, stack(0x0000009816a00000,0x0000009816b00000)]
  0x000001f414bd0800 JavaThread "Unconstrained build operations Thread 22" [_thread_blocked, id=5820, stack(0x0000009816b00000,0x0000009816c00000)]
  0x000001f414bd1800 JavaThread "Unconstrained build operations Thread 23" [_thread_blocked, id=2480, stack(0x0000009816c00000,0x0000009816d00000)]
  0x000001f414bd4000 JavaThread "Unconstrained build operations Thread 24" [_thread_blocked, id=8768, stack(0x0000009816d00000,0x0000009816e00000)]
  0x000001f414bcf000 JavaThread "Unconstrained build operations Thread 25" [_thread_blocked, id=2132, stack(0x0000009816e00000,0x0000009816f00000)]
  0x000001f414bda800 JavaThread "Unconstrained build operations Thread 26" [_thread_blocked, id=2880, stack(0x0000009816f00000,0x0000009817000000)]
  0x000001f414bdc000 JavaThread "Unconstrained build operations Thread 27" [_thread_blocked, id=2592, stack(0x0000009817000000,0x0000009817100000)]
  0x000001f414bd8800 JavaThread "Unconstrained build operations Thread 28" [_thread_blocked, id=13500, stack(0x0000009817100000,0x0000009817200000)]
  0x000001f414bdb000 JavaThread "Unconstrained build operations Thread 29" [_thread_blocked, id=11228, stack(0x0000009817200000,0x0000009817300000)]
  0x000001f414bd7000 JavaThread "Unconstrained build operations Thread 30" [_thread_blocked, id=15184, stack(0x0000009817300000,0x0000009817400000)]
  0x000001f414bd6000 JavaThread "Unconstrained build operations Thread 31" [_thread_blocked, id=9616, stack(0x0000009817400000,0x0000009817500000)]
  0x000001f414bd8000 JavaThread "Unconstrained build operations Thread 32" [_thread_blocked, id=8448, stack(0x0000009817500000,0x0000009817600000)]
  0x000001f414bd9800 JavaThread "Unconstrained build operations Thread 33" [_thread_blocked, id=4412, stack(0x0000009817600000,0x0000009817700000)]
  0x000001f414056000 JavaThread "Unconstrained build operations Thread 34" [_thread_blocked, id=14136, stack(0x0000009817700000,0x0000009817800000)]
  0x000001f414058800 JavaThread "Unconstrained build operations Thread 35" [_thread_blocked, id=14868, stack(0x0000009817800000,0x0000009817900000)]
  0x000001f41405b000 JavaThread "Unconstrained build operations Thread 36" [_thread_blocked, id=10372, stack(0x0000009817900000,0x0000009817a00000)]
  0x000001f414056800 JavaThread "Unconstrained build operations Thread 37" [_thread_blocked, id=13828, stack(0x0000009817a00000,0x0000009817b00000)]
  0x000001f41d43d000 JavaThread "Unconstrained build operations Thread 38" [_thread_blocked, id=13148, stack(0x0000009817b00000,0x0000009817c00000)]
  0x000001f41d439000 JavaThread "Unconstrained build operations Thread 39" [_thread_blocked, id=14456, stack(0x0000009817c00000,0x0000009817d00000)]
  0x000001f41d439800 JavaThread "Unconstrained build operations Thread 40" [_thread_blocked, id=3528, stack(0x0000009817d00000,0x0000009817e00000)]
  0x000001f41d43a800 JavaThread "Unconstrained build operations Thread 41" [_thread_blocked, id=1572, stack(0x0000009817e00000,0x0000009817f00000)]
  0x000001f41d43b800 JavaThread "Unconstrained build operations Thread 42" [_thread_blocked, id=4580, stack(0x0000009817f00000,0x0000009818000000)]
  0x000001f41d43c000 JavaThread "Unconstrained build operations Thread 43" [_thread_blocked, id=14528, stack(0x0000009818000000,0x0000009818100000)]
  0x000001f41d437800 JavaThread "Unconstrained build operations Thread 44" [_thread_blocked, id=14688, stack(0x0000009818100000,0x0000009818200000)]
  0x000001f41d43e000 JavaThread "Unconstrained build operations Thread 45" [_thread_blocked, id=8456, stack(0x0000009818200000,0x0000009818300000)]
  0x000001f41d438000 JavaThread "Unconstrained build operations Thread 46" [_thread_blocked, id=14048, stack(0x0000009818300000,0x0000009818400000)]
  0x000001f41d43f800 JavaThread "Unconstrained build operations Thread 47" [_thread_blocked, id=4568, stack(0x0000009818400000,0x0000009818500000)]
  0x000001f41d443800 JavaThread "Unconstrained build operations Thread 48" [_thread_blocked, id=12032, stack(0x0000009818500000,0x0000009818600000)]
  0x000001f41d441000 JavaThread "Unconstrained build operations Thread 49" [_thread_blocked, id=9208, stack(0x0000009818600000,0x0000009818700000)]
  0x000001f41d444800 JavaThread "Unconstrained build operations Thread 50" [_thread_blocked, id=14480, stack(0x0000009818700000,0x0000009818800000)]
  0x000001f41d440800 JavaThread "Unconstrained build operations Thread 51" [_thread_blocked, id=11480, stack(0x0000009818800000,0x0000009818900000)]
  0x000001f41d442000 JavaThread "Unconstrained build operations Thread 52" [_thread_blocked, id=15108, stack(0x0000009818900000,0x0000009818a00000)]
  0x000001f41d442800 JavaThread "Unconstrained build operations Thread 53" [_thread_blocked, id=7808, stack(0x0000009818a00000,0x0000009818b00000)]
  0x000001f41d43e800 JavaThread "Unconstrained build operations Thread 54" [_thread_blocked, id=14972, stack(0x0000009818b00000,0x0000009818c00000)]
  0x000001f41d445000 JavaThread "Unconstrained build operations Thread 55" [_thread_blocked, id=15036, stack(0x0000009818c00000,0x0000009818d00000)]
  0x000001f41d446000 JavaThread "Unconstrained build operations Thread 56" [_thread_blocked, id=6824, stack(0x0000009818d00000,0x0000009818e00000)]
  0x000001f411935800 JavaThread "Unconstrained build operations Thread 57" [_thread_blocked, id=15112, stack(0x0000009818e00000,0x0000009818f00000)]
  0x000001f411936000 JavaThread "Unconstrained build operations Thread 58" [_thread_blocked, id=13020, stack(0x0000009818f00000,0x0000009819000000)]
  0x000001f411930800 JavaThread "Unconstrained build operations Thread 59" [_thread_blocked, id=14884, stack(0x0000009819000000,0x0000009819100000)]
  0x000001f411931000 JavaThread "Unconstrained build operations Thread 60" [_thread_blocked, id=14580, stack(0x0000009819100000,0x0000009819200000)]
  0x000001f411937000 JavaThread "Unconstrained build operations Thread 61" [_thread_blocked, id=9552, stack(0x0000009819200000,0x0000009819300000)]
  0x000001f411932000 JavaThread "Unconstrained build operations Thread 62" [_thread_blocked, id=2220, stack(0x0000009819300000,0x0000009819400000)]
  0x000001f411933000 JavaThread "Unconstrained build operations Thread 63" [_thread_blocked, id=7184, stack(0x0000009819400000,0x0000009819500000)]
  0x000001f411938000 JavaThread "Unconstrained build operations Thread 64" [_thread_blocked, id=12424, stack(0x0000009819500000,0x0000009819600000)]
  0x000001f411933800 JavaThread "Unconstrained build operations Thread 65" [_thread_blocked, id=8592, stack(0x0000009819600000,0x0000009819700000)]
  0x000001f411938800 JavaThread "Unconstrained build operations Thread 66" [_thread_blocked, id=2432, stack(0x0000009819700000,0x0000009819800000)]
  0x000001f411934800 JavaThread "Unconstrained build operations Thread 67" [_thread_blocked, id=14140, stack(0x0000009819800000,0x0000009819900000)]
  0x000001f41193f000 JavaThread "Unconstrained build operations Thread 68" [_thread_blocked, id=12724, stack(0x0000009819900000,0x0000009819a00000)]
  0x000001f41193d800 JavaThread "Unconstrained build operations Thread 69" [_thread_blocked, id=15264, stack(0x0000009819a00000,0x0000009819b00000)]
  0x000001f411939800 JavaThread "Unconstrained build operations Thread 70" [_thread_blocked, id=11852, stack(0x0000009819b00000,0x0000009819c00000)]
  0x000001f41193a000 JavaThread "Unconstrained build operations Thread 71" [_thread_blocked, id=15092, stack(0x0000009819c00000,0x0000009819d00000)]
  0x000001f41193b000 JavaThread "Unconstrained build operations Thread 72" [_thread_blocked, id=12584, stack(0x0000009819d00000,0x0000009819e00000)]
  0x000001f41193c000 JavaThread "Unconstrained build operations Thread 73" [_thread_blocked, id=15296, stack(0x0000009819e00000,0x0000009819f00000)]
  0x000001f41193c800 JavaThread "Unconstrained build operations Thread 74" [_thread_blocked, id=14424, stack(0x0000009819f00000,0x000000981a000000)]
  0x000001f41193e800 JavaThread "Unconstrained build operations Thread 75" [_thread_blocked, id=8588, stack(0x000000981a000000,0x000000981a100000)]
  0x000001f4147ad800 JavaThread "Unconstrained build operations Thread 76" [_thread_blocked, id=4800, stack(0x000000981a100000,0x000000981a200000)]
  0x000001f4147ae800 JavaThread "Unconstrained build operations Thread 77" [_thread_blocked, id=14564, stack(0x000000981a200000,0x000000981a300000)]
  0x000001f4147aa800 JavaThread "Unconstrained build operations Thread 78" [_thread_blocked, id=4964, stack(0x000000981a300000,0x000000981a400000)]
  0x000001f4147ad000 JavaThread "Unconstrained build operations Thread 79" [_thread_blocked, id=5076, stack(0x000000981a400000,0x000000981a500000)]
  0x000001f4147a9000 JavaThread "Unconstrained build operations Thread 80" [_thread_blocked, id=15000, stack(0x000000981a800000,0x000000981a900000)]
  0x000001f4147af800 JavaThread "build event listener" [_thread_blocked, id=13616, stack(0x000000981aa00000,0x000000981ab00000)]

Other Threads:
  0x000001f47f9d3800 VMThread "VM Thread" [stack: 0x0000009812400000,0x0000009812500000] [id=14928]
  0x000001f47fc6b000 WatcherThread [stack: 0x0000009812e00000,0x0000009812f00000] [id=13368]
  0x000001f476548000 GCTaskThread "GC Thread#0" [stack: 0x0000009811f00000,0x0000009812000000] [id=2888]
  0x000001f41232d000 GCTaskThread "GC Thread#1" [stack: 0x0000009813000000,0x0000009813100000] [id=10728]
  0x000001f4122a1000 GCTaskThread "GC Thread#2" [stack: 0x0000009813100000,0x0000009813200000] [id=4104]
  0x000001f4142d9000 GCTaskThread "GC Thread#3" [stack: 0x0000009813b00000,0x0000009813c00000] [id=1880]
  0x000001f413f58000 GCTaskThread "GC Thread#4" [stack: 0x0000009813c00000,0x0000009813d00000] [id=3124]
  0x000001f4148fb800 GCTaskThread "GC Thread#5" [stack: 0x0000009813d00000,0x0000009813e00000] [id=10672]
  0x000001f41454d800 GCTaskThread "GC Thread#6" [stack: 0x0000009813e00000,0x0000009813f00000] [id=14740]
  0x000001f411ed5800 GCTaskThread "GC Thread#7" [stack: 0x0000009813f00000,0x0000009814000000] [id=9012]
  0x000001f47657a800 ConcurrentGCThread "G1 Main Marker" [stack: 0x0000009812000000,0x0000009812100000] [id=3136]
  0x000001f47657c800 ConcurrentGCThread "G1 Conc#0" [stack: 0x0000009812100000,0x0000009812200000] [id=10400]
  0x000001f413f55000 ConcurrentGCThread "G1 Conc#1" [stack: 0x0000009814100000,0x0000009814200000] [id=14404]
  0x000001f4765fe000 ConcurrentGCThread "G1 Refine#0" [stack: 0x0000009812200000,0x0000009812300000] [id=3688]
  0x000001f413810800 ConcurrentGCThread "G1 Refine#1" [stack: 0x0000009814700000,0x0000009814800000] [id=11540]
  0x000001f41d2e6000 ConcurrentGCThread "G1 Refine#2" [stack: 0x0000009814800000,0x0000009814900000] [id=15356]
  0x000001f47f822800 ConcurrentGCThread "G1 Young RemSet Sampling" [stack: 0x0000009812300000,0x0000009812400000] [id=2456]

Threads with active compile tasks:
C2 CompilerThread0    29211 13030   !   4       org.gradle.internal.instantiation.generator.DependencyInjectingInstantiator::doCreate (64 bytes)

VM state:not at safepoint (normal execution)

VM Mutex/Monitor currently owned by a thread: None

Heap address: 0x0000000080000000, size: 2048 MB, Compressed Oops mode: 32-bit
Narrow klass base: 0x0000000000000000, Narrow klass shift: 3
Compressed class space size: 1073741824 Address: 0x0000000100000000

Heap:
 garbage-first heap   total 270336K, used 136381K [0x0000000080000000, 0x0000000100000000)
  region size 1024K, 21 young (21504K), 8 survivors (8192K)
 Metaspace       used 103367K, capacity 106025K, committed 106524K, reserved 1142784K
  class space    used 13063K, capacity 14064K, committed 14284K, reserved 1048576K
Heap Regions: E=young(eden), S=young(survivor), O=old, HS=humongous(starts), HC=humongous(continues), CS=collection set, F=free, A=archive, TAMS=top-at-mark-start (previous, next)
|   0|0x0000000080000000, 0x0000000080100000, 0x0000000080100000|100%|HS|  |TAMS 0x0000000080100000, 0x0000000080000000| Complete 
|   1|0x0000000080100000, 0x0000000080200000, 0x0000000080200000|100%|HC|  |TAMS 0x0000000080200000, 0x0000000080100000| Complete 
|   2|0x0000000080200000, 0x0000000080300000, 0x0000000080300000|100%|HC|  |TAMS 0x0000000080300000, 0x0000000080200000| Complete 
|   3|0x0000000080300000, 0x0000000080400000, 0x0000000080400000|100%|HC|  |TAMS 0x0000000080400000, 0x0000000080300000| Complete 
|   4|0x0000000080400000, 0x0000000080500000, 0x0000000080500000|100%| O|  |TAMS 0x0000000080500000, 0x0000000080400000| Updating 
|   5|0x0000000080500000, 0x0000000080600000, 0x0000000080600000|100%| O|  |TAMS 0x0000000080600000, 0x0000000080500000| Updating 
|   6|0x0000000080600000, 0x0000000080700000, 0x0000000080700000|100%| O|  |TAMS 0x0000000080700000, 0x0000000080600000| Updating 
|   7|0x0000000080700000, 0x0000000080800000, 0x0000000080800000|100%| O|  |TAMS 0x0000000080800000, 0x0000000080700000| Updating 
|   8|0x0000000080800000, 0x0000000080900000, 0x0000000080900000|100%| O|  |TAMS 0x0000000080900000, 0x0000000080800000| Updating 
|   9|0x0000000080900000, 0x0000000080a00000, 0x0000000080a00000|100%| O|  |TAMS 0x0000000080a00000, 0x0000000080900000| Updating 
|  10|0x0000000080a00000, 0x0000000080b00000, 0x0000000080b00000|100%| O|  |TAMS 0x0000000080b00000, 0x0000000080a00000| Updating 
|  11|0x0000000080b00000, 0x0000000080c00000, 0x0000000080c00000|100%| O|  |TAMS 0x0000000080c00000, 0x0000000080b00000| Updating 
|  12|0x0000000080c00000, 0x0000000080d00000, 0x0000000080d00000|100%| O|  |TAMS 0x0000000080d00000, 0x0000000080c00000| Updating 
|  13|0x0000000080d00000, 0x0000000080e00000, 0x0000000080e00000|100%| O|  |TAMS 0x0000000080e00000, 0x0000000080d00000| Updating 
|  14|0x0000000080e00000, 0x0000000080f00000, 0x0000000080f00000|100%| O|  |TAMS 0x0000000080f00000, 0x0000000080e00000| Updating 
|  15|0x0000000080f00000, 0x0000000081000000, 0x0000000081000000|100%| O|  |TAMS 0x0000000081000000, 0x0000000080f00000| Updating 
|  16|0x0000000081000000, 0x0000000081100000, 0x0000000081100000|100%| O|  |TAMS 0x0000000081100000, 0x0000000081000000| Updating 
|  17|0x0000000081100000, 0x0000000081200000, 0x0000000081200000|100%| O|  |TAMS 0x0000000081200000, 0x0000000081100000| Updating 
|  18|0x0000000081200000, 0x0000000081300000, 0x0000000081300000|100%|HS|  |TAMS 0x0000000081300000, 0x0000000081200000| Complete 
|  19|0x0000000081300000, 0x0000000081400000, 0x0000000081400000|100%| O|  |TAMS 0x0000000081400000, 0x0000000081300000| Updating 
|  20|0x0000000081400000, 0x0000000081500000, 0x0000000081500000|100%| O|  |TAMS 0x0000000081500000, 0x0000000081400000| Updating 
|  21|0x0000000081500000, 0x0000000081600000, 0x0000000081600000|100%| O|  |TAMS 0x0000000081600000, 0x0000000081500000| Updating 
|  22|0x0000000081600000, 0x0000000081700000, 0x0000000081700000|100%| O|  |TAMS 0x0000000081700000, 0x0000000081600000| Updating 
|  23|0x0000000081700000, 0x0000000081800000, 0x0000000081800000|100%| O|  |TAMS 0x0000000081800000, 0x0000000081700000| Updating 
|  24|0x0000000081800000, 0x0000000081900000, 0x0000000081900000|100%| O|  |TAMS 0x0000000081900000, 0x0000000081800000| Updating 
|  25|0x0000000081900000, 0x0000000081a00000, 0x0000000081a00000|100%| O|  |TAMS 0x0000000081a00000, 0x0000000081900000| Updating 
|  26|0x0000000081a00000, 0x0000000081b00000, 0x0000000081b00000|100%| O|  |TAMS 0x0000000081b00000, 0x0000000081a00000| Updating 
|  27|0x0000000081b00000, 0x0000000081c00000, 0x0000000081c00000|100%| O|  |TAMS 0x0000000081c00000, 0x0000000081b00000| Updating 
|  28|0x0000000081c00000, 0x0000000081d00000, 0x0000000081d00000|100%| O|  |TAMS 0x0000000081d00000, 0x0000000081c00000| Updating 
|  29|0x0000000081d00000, 0x0000000081e00000, 0x0000000081e00000|100%| O|  |TAMS 0x0000000081e00000, 0x0000000081d00000| Updating 
|  30|0x0000000081e00000, 0x0000000081f00000, 0x0000000081f00000|100%| O|  |TAMS 0x0000000081f00000, 0x0000000081e00000| Updating 
|  31|0x0000000081f00000, 0x0000000082000000, 0x0000000082000000|100%|HS|  |TAMS 0x0000000082000000, 0x0000000081f00000| Complete 
|  32|0x0000000082000000, 0x0000000082100000, 0x0000000082100000|100%|HS|  |TAMS 0x0000000082100000, 0x0000000082000000| Complete 
|  33|0x0000000082100000, 0x0000000082200000, 0x0000000082200000|100%|HC|  |TAMS 0x0000000082200000, 0x0000000082100000| Complete 
|  34|0x0000000082200000, 0x0000000082300000, 0x0000000082300000|100%|HS|  |TAMS 0x0000000082300000, 0x0000000082200000| Complete 
|  35|0x0000000082300000, 0x0000000082400000, 0x0000000082400000|100%|HC|  |TAMS 0x0000000082400000, 0x0000000082300000| Complete 
|  36|0x0000000082400000, 0x0000000082500000, 0x0000000082500000|100%|HC|  |TAMS 0x0000000082500000, 0x0000000082400000| Complete 
|  37|0x0000000082500000, 0x0000000082600000, 0x0000000082600000|100%|HC|  |TAMS 0x0000000082600000, 0x0000000082500000| Complete 
|  38|0x0000000082600000, 0x0000000082700000, 0x0000000082700000|100%| O|  |TAMS 0x0000000082700000, 0x0000000082600000| Updating 
|  39|0x0000000082700000, 0x0000000082800000, 0x0000000082800000|100%| O|  |TAMS 0x0000000082800000, 0x0000000082700000| Updating 
|  40|0x0000000082800000, 0x0000000082900000, 0x0000000082900000|100%| O|  |TAMS 0x0000000082900000, 0x0000000082800000| Updating 
|  41|0x0000000082900000, 0x0000000082a00000, 0x0000000082a00000|100%| O|  |TAMS 0x0000000082a00000, 0x0000000082900000| Updating 
|  42|0x0000000082a00000, 0x0000000082b00000, 0x0000000082b00000|100%| O|  |TAMS 0x0000000082b00000, 0x0000000082a00000| Updating 
|  43|0x0000000082b00000, 0x0000000082c00000, 0x0000000082c00000|100%| O|  |TAMS 0x0000000082c00000, 0x0000000082b00000| Updating 
|  44|0x0000000082c00000, 0x0000000082d00000, 0x0000000082d00000|100%| O|  |TAMS 0x0000000082d00000, 0x0000000082c00000| Updating 
|  45|0x0000000082d00000, 0x0000000082e00000, 0x0000000082e00000|100%| O|  |TAMS 0x0000000082e00000, 0x0000000082d00000| Updating 
|  46|0x0000000082e00000, 0x0000000082f00000, 0x0000000082f00000|100%| O|  |TAMS 0x0000000082f00000, 0x0000000082e00000| Updating 
|  47|0x0000000082f00000, 0x0000000083000000, 0x0000000083000000|100%| O|  |TAMS 0x0000000083000000, 0x0000000082f00000| Updating 
|  48|0x0000000083000000, 0x0000000083100000, 0x0000000083100000|100%| O|  |TAMS 0x0000000083100000, 0x0000000083000000| Updating 
|  49|0x0000000083100000, 0x0000000083200000, 0x0000000083200000|100%| O|  |TAMS 0x0000000083200000, 0x0000000083100000| Updating 
|  50|0x0000000083200000, 0x0000000083300000, 0x0000000083300000|100%| O|  |TAMS 0x0000000083300000, 0x0000000083200000| Updating 
|  51|0x0000000083300000, 0x0000000083400000, 0x0000000083400000|100%| O|  |TAMS 0x0000000083400000, 0x0000000083300000| Updating 
|  52|0x0000000083400000, 0x0000000083500000, 0x0000000083500000|100%| O|  |TAMS 0x0000000083500000, 0x0000000083400000| Updating 
|  53|0x0000000083500000, 0x0000000083600000, 0x0000000083600000|100%| O|  |TAMS 0x0000000083600000, 0x0000000083500000| Updating 
|  54|0x0000000083600000, 0x0000000083700000, 0x0000000083700000|100%| O|  |TAMS 0x0000000083700000, 0x0000000083600000| Updating 
|  55|0x0000000083700000, 0x0000000083800000, 0x0000000083800000|100%| O|  |TAMS 0x0000000083800000, 0x0000000083700000| Updating 
|  56|0x0000000083800000, 0x0000000083900000, 0x0000000083900000|100%| O|  |TAMS 0x0000000083900000, 0x0000000083800000| Updating 
|  57|0x0000000083900000, 0x0000000083a00000, 0x0000000083a00000|100%| O|  |TAMS 0x0000000083a00000, 0x0000000083900000| Updating 
|  58|0x0000000083a00000, 0x0000000083b00000, 0x0000000083b00000|100%| O|  |TAMS 0x0000000083b00000, 0x0000000083a00000| Updating 
|  59|0x0000000083b00000, 0x0000000083c00000, 0x0000000083c00000|100%| O|  |TAMS 0x0000000083c00000, 0x0000000083b00000| Updating 
|  60|0x0000000083c00000, 0x0000000083d00000, 0x0000000083d00000|100%| O|  |TAMS 0x0000000083d00000, 0x0000000083c00000| Updating 
|  61|0x0000000083d00000, 0x0000000083e00000, 0x0000000083e00000|100%| O|  |TAMS 0x0000000083e00000, 0x0000000083d00000| Updating 
|  62|0x0000000083e00000, 0x0000000083f00000, 0x0000000083f00000|100%| O|  |TAMS 0x0000000083f00000, 0x0000000083e00000| Updating 
|  63|0x0000000083f00000, 0x0000000084000000, 0x0000000084000000|100%| O|  |TAMS 0x0000000084000000, 0x0000000083f00000| Updating 
|  64|0x0000000084000000, 0x0000000084100000, 0x0000000084100000|100%| O|  |TAMS 0x0000000084100000, 0x0000000084000000| Updating 
|  65|0x0000000084100000, 0x0000000084200000, 0x0000000084200000|100%| O|  |TAMS 0x0000000084200000, 0x0000000084100000| Updating 
|  66|0x0000000084200000, 0x0000000084300000, 0x0000000084300000|100%| O|  |TAMS 0x0000000084300000, 0x0000000084200000| Updating 
|  67|0x0000000084300000, 0x0000000084400000, 0x0000000084400000|100%| O|  |TAMS 0x0000000084400000, 0x0000000084300000| Updating 
|  68|0x0000000084400000, 0x0000000084500000, 0x0000000084500000|100%| O|  |TAMS 0x0000000084500000, 0x0000000084400000| Updating 
|  69|0x0000000084500000, 0x0000000084600000, 0x0000000084600000|100%| O|  |TAMS 0x0000000084600000, 0x0000000084500000| Updating 
|  70|0x0000000084600000, 0x0000000084700000, 0x0000000084700000|100%| O|  |TAMS 0x0000000084700000, 0x0000000084600000| Updating 
|  71|0x0000000084700000, 0x0000000084800000, 0x0000000084800000|100%| O|  |TAMS 0x0000000084800000, 0x0000000084700000| Updating 
|  72|0x0000000084800000, 0x0000000084900000, 0x0000000084900000|100%| O|  |TAMS 0x0000000084900000, 0x0000000084800000| Updating 
|  73|0x0000000084900000, 0x0000000084a00000, 0x0000000084a00000|100%| O|  |TAMS 0x0000000084a00000, 0x0000000084900000| Updating 
|  74|0x0000000084a00000, 0x0000000084b00000, 0x0000000084b00000|100%| O|  |TAMS 0x0000000084b00000, 0x0000000084a00000| Updating 
|  75|0x0000000084b00000, 0x0000000084c00000, 0x0000000084c00000|100%| O|  |TAMS 0x0000000084c00000, 0x0000000084b00000| Updating 
|  76|0x0000000084c00000, 0x0000000084d00000, 0x0000000084d00000|100%| O|  |TAMS 0x0000000084d00000, 0x0000000084c00000| Updating 
|  77|0x0000000084d00000, 0x0000000084e00000, 0x0000000084e00000|100%| O|  |TAMS 0x0000000084e00000, 0x0000000084d00000| Updating 
|  78|0x0000000084e00000, 0x0000000084f00000, 0x0000000084f00000|100%| O|  |TAMS 0x0000000084f00000, 0x0000000084e00000| Updating 
|  79|0x0000000084f00000, 0x0000000085000000, 0x0000000085000000|100%| O|  |TAMS 0x0000000085000000, 0x0000000084f00000| Updating 
|  80|0x0000000085000000, 0x0000000085100000, 0x0000000085100000|100%| O|  |TAMS 0x0000000085100000, 0x0000000085000000| Updating 
|  81|0x0000000085100000, 0x0000000085200000, 0x0000000085200000|100%| O|  |TAMS 0x0000000085200000, 0x0000000085100000| Updating 
|  82|0x0000000085200000, 0x0000000085300000, 0x0000000085300000|100%| O|  |TAMS 0x0000000085300000, 0x0000000085200000| Updating 
|  83|0x0000000085300000, 0x0000000085400000, 0x0000000085400000|100%| O|  |TAMS 0x0000000085400000, 0x0000000085300000| Updating 
|  84|0x0000000085400000, 0x0000000085500000, 0x0000000085500000|100%| O|  |TAMS 0x0000000085500000, 0x0000000085400000| Updating 
|  85|0x0000000085500000, 0x0000000085600000, 0x0000000085600000|100%| O|  |TAMS 0x0000000085600000, 0x0000000085500000| Updating 
|  86|0x0000000085600000, 0x0000000085700000, 0x0000000085700000|100%| O|  |TAMS 0x0000000085700000, 0x0000000085600000| Updating 
|  87|0x0000000085700000, 0x0000000085800000, 0x0000000085800000|100%| O|  |TAMS 0x0000000085800000, 0x0000000085700000| Updating 
|  88|0x0000000085800000, 0x0000000085900000, 0x0000000085900000|100%| O|  |TAMS 0x0000000085900000, 0x0000000085800000| Updating 
|  89|0x0000000085900000, 0x0000000085a00000, 0x0000000085a00000|100%| O|  |TAMS 0x0000000085a00000, 0x0000000085900000| Updating 
|  90|0x0000000085a00000, 0x0000000085b00000, 0x0000000085b00000|100%| O|  |TAMS 0x0000000085b00000, 0x0000000085a00000| Updating 
|  91|0x0000000085b00000, 0x0000000085c00000, 0x0000000085c00000|100%| O|  |TAMS 0x0000000085c00000, 0x0000000085b00000| Updating 
|  92|0x0000000085c00000, 0x0000000085d00000, 0x0000000085d00000|100%| O|  |TAMS 0x0000000085d00000, 0x0000000085c00000| Updating 
|  93|0x0000000085d00000, 0x0000000085e00000, 0x0000000085e00000|100%| O|  |TAMS 0x0000000085e00000, 0x0000000085d00000| Updating 
|  94|0x0000000085e00000, 0x0000000085f00000, 0x0000000085f00000|100%| O|  |TAMS 0x0000000085f00000, 0x0000000085e00000| Updating 
|  95|0x0000000085f00000, 0x0000000086000000, 0x0000000086000000|100%| O|  |TAMS 0x0000000086000000, 0x0000000085f00000| Updating 
|  96|0x0000000086000000, 0x0000000086100000, 0x0000000086100000|100%| O|  |TAMS 0x0000000086100000, 0x0000000086000000| Updating 
|  97|0x0000000086100000, 0x0000000086200000, 0x0000000086200000|100%| O|  |TAMS 0x0000000086200000, 0x0000000086100000| Updating 
|  98|0x0000000086200000, 0x0000000086300000, 0x0000000086300000|100%| O|  |TAMS 0x0000000086300000, 0x0000000086200000| Updating 
|  99|0x0000000086300000, 0x0000000086400000, 0x0000000086400000|100%| O|  |TAMS 0x0000000086400000, 0x0000000086300000| Updating 
| 100|0x0000000086400000, 0x0000000086500000, 0x0000000086500000|100%| O|  |TAMS 0x0000000086500000, 0x0000000086400000| Updating 
| 101|0x0000000086500000, 0x0000000086600000, 0x0000000086600000|100%| O|  |TAMS 0x0000000086600000, 0x0000000086500000| Updating 
| 102|0x0000000086600000, 0x0000000086700000, 0x0000000086700000|100%| O|  |TAMS 0x0000000086700000, 0x0000000086600000| Updating 
| 103|0x0000000086700000, 0x0000000086800000, 0x0000000086800000|100%| O|  |TAMS 0x0000000086800000, 0x0000000086700000| Updating 
| 104|0x0000000086800000, 0x0000000086900000, 0x0000000086900000|100%| O|  |TAMS 0x0000000086900000, 0x0000000086800000| Updating 
| 105|0x0000000086900000, 0x0000000086a00000, 0x0000000086a00000|100%| O|  |TAMS 0x0000000086a00000, 0x0000000086900000| Updating 
| 106|0x0000000086a00000, 0x0000000086b00000, 0x0000000086b00000|100%| O|  |TAMS 0x0000000086b00000, 0x0000000086a00000| Updating 
| 107|0x0000000086b00000, 0x0000000086c00000, 0x0000000086c00000|100%| O|  |TAMS 0x0000000086c00000, 0x0000000086b00000| Updating 
| 108|0x0000000086c00000, 0x0000000086d00000, 0x0000000086d00000|100%| O|  |TAMS 0x0000000086d00000, 0x0000000086c00000| Updating 
| 109|0x0000000086d00000, 0x0000000086e00000, 0x0000000086e00000|100%| O|  |TAMS 0x0000000086e00000, 0x0000000086d00000| Updating 
| 110|0x0000000086e00000, 0x0000000086f00000, 0x0000000086f00000|100%| O|  |TAMS 0x0000000086f00000, 0x0000000086e00000| Updating 
| 111|0x0000000086f00000, 0x0000000087000000, 0x0000000087000000|100%| O|  |TAMS 0x0000000087000000, 0x0000000086f00000| Updating 
| 112|0x0000000087000000, 0x0000000087100000, 0x0000000087100000|100%| O|  |TAMS 0x0000000087100000, 0x0000000087000000| Updating 
| 113|0x0000000087100000, 0x00000000871d9600, 0x0000000087200000| 84%| O|  |TAMS 0x00000000871d9600, 0x0000000087100000| Updating 
| 114|0x0000000087200000, 0x0000000087200000, 0x0000000087300000|  0%| F|  |TAMS 0x0000000087200000, 0x0000000087200000| Untracked 
| 115|0x0000000087300000, 0x0000000087300000, 0x0000000087400000|  0%| F|  |TAMS 0x0000000087300000, 0x0000000087300000| Untracked 
| 116|0x0000000087400000, 0x0000000087400000, 0x0000000087500000|  0%| F|  |TAMS 0x0000000087400000, 0x0000000087400000| Untracked 
| 117|0x0000000087500000, 0x0000000087500000, 0x0000000087600000|  0%| F|  |TAMS 0x0000000087500000, 0x0000000087500000| Untracked 
| 118|0x0000000087600000, 0x0000000087600000, 0x0000000087700000|  0%| F|  |TAMS 0x0000000087600000, 0x0000000087600000| Untracked 
| 119|0x0000000087700000, 0x0000000087700000, 0x0000000087800000|  0%| F|  |TAMS 0x0000000087700000, 0x0000000087700000| Untracked 
| 120|0x0000000087800000, 0x0000000087800000, 0x0000000087900000|  0%| F|  |TAMS 0x0000000087800000, 0x0000000087800000| Untracked 
| 121|0x0000000087900000, 0x0000000087900000, 0x0000000087a00000|  0%| F|  |TAMS 0x0000000087900000, 0x0000000087900000| Untracked 
| 122|0x0000000087a00000, 0x0000000087a00000, 0x0000000087b00000|  0%| F|  |TAMS 0x0000000087a00000, 0x0000000087a00000| Untracked 
| 123|0x0000000087b00000, 0x0000000087b00000, 0x0000000087c00000|  0%| F|  |TAMS 0x0000000087b00000, 0x0000000087b00000| Untracked 
| 124|0x0000000087c00000, 0x0000000087c00000, 0x0000000087d00000|  0%| F|  |TAMS 0x0000000087c00000, 0x0000000087c00000| Untracked 
| 125|0x0000000087d00000, 0x0000000087d00000, 0x0000000087e00000|  0%| F|  |TAMS 0x0000000087d00000, 0x0000000087d00000| Untracked 
| 126|0x0000000087e00000, 0x0000000087e00000, 0x0000000087f00000|  0%| F|  |TAMS 0x0000000087e00000, 0x0000000087e00000| Untracked 
| 127|0x0000000087f00000, 0x0000000087f00000, 0x0000000088000000|  0%| F|  |TAMS 0x0000000087f00000, 0x0000000087f00000| Untracked 
| 128|0x0000000088000000, 0x0000000088000000, 0x0000000088100000|  0%| F|  |TAMS 0x0000000088000000, 0x0000000088000000| Untracked 
| 129|0x0000000088100000, 0x0000000088100000, 0x0000000088200000|  0%| F|  |TAMS 0x0000000088100000, 0x0000000088100000| Untracked 
| 130|0x0000000088200000, 0x0000000088200000, 0x0000000088300000|  0%| F|  |TAMS 0x0000000088200000, 0x0000000088200000| Untracked 
| 131|0x0000000088300000, 0x0000000088300000, 0x0000000088400000|  0%| F|  |TAMS 0x0000000088300000, 0x0000000088300000| Untracked 
| 132|0x0000000088400000, 0x0000000088400000, 0x0000000088500000|  0%| F|  |TAMS 0x0000000088400000, 0x0000000088400000| Untracked 
| 133|0x0000000088500000, 0x0000000088500000, 0x0000000088600000|  0%| F|  |TAMS 0x0000000088500000, 0x0000000088500000| Untracked 
| 134|0x0000000088600000, 0x0000000088600000, 0x0000000088700000|  0%| F|  |TAMS 0x0000000088600000, 0x0000000088600000| Untracked 
| 135|0x0000000088700000, 0x0000000088700000, 0x0000000088800000|  0%| F|  |TAMS 0x0000000088700000, 0x0000000088700000| Untracked 
| 136|0x0000000088800000, 0x0000000088800000, 0x0000000088900000|  0%| F|  |TAMS 0x0000000088800000, 0x0000000088800000| Untracked 
| 137|0x0000000088900000, 0x0000000088900000, 0x0000000088a00000|  0%| F|  |TAMS 0x0000000088900000, 0x0000000088900000| Untracked 
| 138|0x0000000088a00000, 0x0000000088a00000, 0x0000000088b00000|  0%| F|  |TAMS 0x0000000088a00000, 0x0000000088a00000| Untracked 
| 139|0x0000000088b00000, 0x0000000088b00000, 0x0000000088c00000|  0%| F|  |TAMS 0x0000000088b00000, 0x0000000088b00000| Untracked 
| 140|0x0000000088c00000, 0x0000000088c00000, 0x0000000088d00000|  0%| F|  |TAMS 0x0000000088c00000, 0x0000000088c00000| Untracked 
| 141|0x0000000088d00000, 0x0000000088d00000, 0x0000000088e00000|  0%| F|  |TAMS 0x0000000088d00000, 0x0000000088d00000| Untracked 
| 142|0x0000000088e00000, 0x0000000088e00000, 0x0000000088f00000|  0%| F|  |TAMS 0x0000000088e00000, 0x0000000088e00000| Untracked 
| 143|0x0000000088f00000, 0x0000000088f00000, 0x0000000089000000|  0%| F|  |TAMS 0x0000000088f00000, 0x0000000088f00000| Untracked 
| 144|0x0000000089000000, 0x0000000089000000, 0x0000000089100000|  0%| F|  |TAMS 0x0000000089000000, 0x0000000089000000| Untracked 
| 145|0x0000000089100000, 0x0000000089100000, 0x0000000089200000|  0%| F|  |TAMS 0x0000000089100000, 0x0000000089100000| Untracked 
| 146|0x0000000089200000, 0x0000000089200000, 0x0000000089300000|  0%| F|  |TAMS 0x0000000089200000, 0x0000000089200000| Untracked 
| 147|0x0000000089300000, 0x0000000089300000, 0x0000000089400000|  0%| F|  |TAMS 0x0000000089300000, 0x0000000089300000| Untracked 
| 148|0x0000000089400000, 0x00000000894560c0, 0x0000000089500000| 33%| S|CS|TAMS 0x0000000089400000, 0x0000000089400000| Complete 
| 149|0x0000000089500000, 0x0000000089600000, 0x0000000089600000|100%| S|CS|TAMS 0x0000000089500000, 0x0000000089500000| Complete 
| 150|0x0000000089600000, 0x0000000089700000, 0x0000000089700000|100%| S|CS|TAMS 0x0000000089600000, 0x0000000089600000| Complete 
| 151|0x0000000089700000, 0x0000000089800000, 0x0000000089800000|100%| S|CS|TAMS 0x0000000089700000, 0x0000000089700000| Complete 
| 152|0x0000000089800000, 0x0000000089900000, 0x0000000089900000|100%| S|CS|TAMS 0x0000000089800000, 0x0000000089800000| Complete 
| 153|0x0000000089900000, 0x0000000089a00000, 0x0000000089a00000|100%| S|CS|TAMS 0x0000000089900000, 0x0000000089900000| Complete 
| 154|0x0000000089a00000, 0x0000000089b00000, 0x0000000089b00000|100%| S|CS|TAMS 0x0000000089a00000, 0x0000000089a00000| Complete 
| 155|0x0000000089b00000, 0x0000000089c00000, 0x0000000089c00000|100%| S|CS|TAMS 0x0000000089b00000, 0x0000000089b00000| Complete 
| 156|0x0000000089c00000, 0x0000000089c00000, 0x0000000089d00000|  0%| F|  |TAMS 0x0000000089c00000, 0x0000000089c00000| Untracked 
| 157|0x0000000089d00000, 0x0000000089d00000, 0x0000000089e00000|  0%| F|  |TAMS 0x0000000089d00000, 0x0000000089d00000| Untracked 
| 158|0x0000000089e00000, 0x0000000089e00000, 0x0000000089f00000|  0%| F|  |TAMS 0x0000000089e00000, 0x0000000089e00000| Untracked 
| 159|0x0000000089f00000, 0x0000000089f00000, 0x000000008a000000|  0%| F|  |TAMS 0x0000000089f00000, 0x0000000089f00000| Untracked 
| 160|0x000000008a000000, 0x000000008a000000, 0x000000008a100000|  0%| F|  |TAMS 0x000000008a000000, 0x000000008a000000| Untracked 
| 161|0x000000008a100000, 0x000000008a100000, 0x000000008a200000|  0%| F|  |TAMS 0x000000008a100000, 0x000000008a100000| Untracked 
| 162|0x000000008a200000, 0x000000008a200000, 0x000000008a300000|  0%| F|  |TAMS 0x000000008a200000, 0x000000008a200000| Untracked 
| 163|0x000000008a300000, 0x000000008a300000, 0x000000008a400000|  0%| F|  |TAMS 0x000000008a300000, 0x000000008a300000| Untracked 
| 164|0x000000008a400000, 0x000000008a400000, 0x000000008a500000|  0%| F|  |TAMS 0x000000008a400000, 0x000000008a400000| Untracked 
| 165|0x000000008a500000, 0x000000008a500000, 0x000000008a600000|  0%| F|  |TAMS 0x000000008a500000, 0x000000008a500000| Untracked 
| 166|0x000000008a600000, 0x000000008a600000, 0x000000008a700000|  0%| F|  |TAMS 0x000000008a600000, 0x000000008a600000| Untracked 
| 167|0x000000008a700000, 0x000000008a700000, 0x000000008a800000|  0%| F|  |TAMS 0x000000008a700000, 0x000000008a700000| Untracked 
| 168|0x000000008a800000, 0x000000008a800000, 0x000000008a900000|  0%| F|  |TAMS 0x000000008a800000, 0x000000008a800000| Untracked 
| 169|0x000000008a900000, 0x000000008a900000, 0x000000008aa00000|  0%| F|  |TAMS 0x000000008a900000, 0x000000008a900000| Untracked 
| 170|0x000000008aa00000, 0x000000008aa00000, 0x000000008ab00000|  0%| F|  |TAMS 0x000000008aa00000, 0x000000008aa00000| Untracked 
| 171|0x000000008ab00000, 0x000000008ab00000, 0x000000008ac00000|  0%| F|  |TAMS 0x000000008ab00000, 0x000000008ab00000| Untracked 
| 172|0x000000008ac00000, 0x000000008ac00000, 0x000000008ad00000|  0%| F|  |TAMS 0x000000008ac00000, 0x000000008ac00000| Untracked 
| 173|0x000000008ad00000, 0x000000008ad00000, 0x000000008ae00000|  0%| F|  |TAMS 0x000000008ad00000, 0x000000008ad00000| Untracked 
| 174|0x000000008ae00000, 0x000000008ae00000, 0x000000008af00000|  0%| F|  |TAMS 0x000000008ae00000, 0x000000008ae00000| Untracked 
| 175|0x000000008af00000, 0x000000008af00000, 0x000000008b000000|  0%| F|  |TAMS 0x000000008af00000, 0x000000008af00000| Untracked 
| 176|0x000000008b000000, 0x000000008b000000, 0x000000008b100000|  0%| F|  |TAMS 0x000000008b000000, 0x000000008b000000| Untracked 
| 177|0x000000008b100000, 0x000000008b100000, 0x000000008b200000|  0%| F|  |TAMS 0x000000008b100000, 0x000000008b100000| Untracked 
| 178|0x000000008b200000, 0x000000008b200000, 0x000000008b300000|  0%| F|  |TAMS 0x000000008b200000, 0x000000008b200000| Untracked 
| 179|0x000000008b300000, 0x000000008b300000, 0x000000008b400000|  0%| F|  |TAMS 0x000000008b300000, 0x000000008b300000| Untracked 
| 180|0x000000008b400000, 0x000000008b400000, 0x000000008b500000|  0%| F|  |TAMS 0x000000008b400000, 0x000000008b400000| Untracked 
| 181|0x000000008b500000, 0x000000008b500000, 0x000000008b600000|  0%| F|  |TAMS 0x000000008b500000, 0x000000008b500000| Untracked 
| 182|0x000000008b600000, 0x000000008b600000, 0x000000008b700000|  0%| F|  |TAMS 0x000000008b600000, 0x000000008b600000| Untracked 
| 183|0x000000008b700000, 0x000000008b700000, 0x000000008b800000|  0%| F|  |TAMS 0x000000008b700000, 0x000000008b700000| Untracked 
| 184|0x000000008b800000, 0x000000008b800000, 0x000000008b900000|  0%| F|  |TAMS 0x000000008b800000, 0x000000008b800000| Untracked 
| 185|0x000000008b900000, 0x000000008b900000, 0x000000008ba00000|  0%| F|  |TAMS 0x000000008b900000, 0x000000008b900000| Untracked 
| 186|0x000000008ba00000, 0x000000008ba00000, 0x000000008bb00000|  0%| F|  |TAMS 0x000000008ba00000, 0x000000008ba00000| Untracked 
| 187|0x000000008bb00000, 0x000000008bb00000, 0x000000008bc00000|  0%| F|  |TAMS 0x000000008bb00000, 0x000000008bb00000| Untracked 
| 188|0x000000008bc00000, 0x000000008bc00000, 0x000000008bd00000|  0%| F|  |TAMS 0x000000008bc00000, 0x000000008bc00000| Untracked 
| 189|0x000000008bd00000, 0x000000008bd00000, 0x000000008be00000|  0%| F|  |TAMS 0x000000008bd00000, 0x000000008bd00000| Untracked 
| 190|0x000000008be00000, 0x000000008be00000, 0x000000008bf00000|  0%| F|  |TAMS 0x000000008be00000, 0x000000008be00000| Untracked 
| 191|0x000000008bf00000, 0x000000008bf00000, 0x000000008c000000|  0%| F|  |TAMS 0x000000008bf00000, 0x000000008bf00000| Untracked 
| 192|0x000000008c000000, 0x000000008c000000, 0x000000008c100000|  0%| F|  |TAMS 0x000000008c000000, 0x000000008c000000| Untracked 
| 193|0x000000008c100000, 0x000000008c100000, 0x000000008c200000|  0%| F|  |TAMS 0x000000008c100000, 0x000000008c100000| Untracked 
| 194|0x000000008c200000, 0x000000008c200000, 0x000000008c300000|  0%| F|  |TAMS 0x000000008c200000, 0x000000008c200000| Untracked 
| 195|0x000000008c300000, 0x000000008c300000, 0x000000008c400000|  0%| F|  |TAMS 0x000000008c300000, 0x000000008c300000| Untracked 
| 196|0x000000008c400000, 0x000000008c400000, 0x000000008c500000|  0%| F|  |TAMS 0x000000008c400000, 0x000000008c400000| Untracked 
| 197|0x000000008c500000, 0x000000008c500000, 0x000000008c600000|  0%| F|  |TAMS 0x000000008c500000, 0x000000008c500000| Untracked 
| 198|0x000000008c600000, 0x000000008c600000, 0x000000008c700000|  0%| F|  |TAMS 0x000000008c600000, 0x000000008c600000| Untracked 
| 199|0x000000008c700000, 0x000000008c700000, 0x000000008c800000|  0%| F|  |TAMS 0x000000008c700000, 0x000000008c700000| Untracked 
| 200|0x000000008c800000, 0x000000008c800000, 0x000000008c900000|  0%| F|  |TAMS 0x000000008c800000, 0x000000008c800000| Untracked 
| 201|0x000000008c900000, 0x000000008c900000, 0x000000008ca00000|  0%| F|  |TAMS 0x000000008c900000, 0x000000008c900000| Untracked 
| 202|0x000000008ca00000, 0x000000008ca00000, 0x000000008cb00000|  0%| F|  |TAMS 0x000000008ca00000, 0x000000008ca00000| Untracked 
| 203|0x000000008cb00000, 0x000000008cb00000, 0x000000008cc00000|  0%| F|  |TAMS 0x000000008cb00000, 0x000000008cb00000| Untracked 
| 204|0x000000008cc00000, 0x000000008cc00000, 0x000000008cd00000|  0%| F|  |TAMS 0x000000008cc00000, 0x000000008cc00000| Untracked 
| 205|0x000000008cd00000, 0x000000008cd00000, 0x000000008ce00000|  0%| F|  |TAMS 0x000000008cd00000, 0x000000008cd00000| Untracked 
| 206|0x000000008ce00000, 0x000000008ce00000, 0x000000008cf00000|  0%| F|  |TAMS 0x000000008ce00000, 0x000000008ce00000| Untracked 
| 207|0x000000008cf00000, 0x000000008cf00000, 0x000000008d000000|  0%| F|  |TAMS 0x000000008cf00000, 0x000000008cf00000| Untracked 
| 208|0x000000008d000000, 0x000000008d000000, 0x000000008d100000|  0%| F|  |TAMS 0x000000008d000000, 0x000000008d000000| Untracked 
| 209|0x000000008d100000, 0x000000008d100000, 0x000000008d200000|  0%| F|  |TAMS 0x000000008d100000, 0x000000008d100000| Untracked 
| 210|0x000000008d200000, 0x000000008d200000, 0x000000008d300000|  0%| F|  |TAMS 0x000000008d200000, 0x000000008d200000| Untracked 
| 211|0x000000008d300000, 0x000000008d300000, 0x000000008d400000|  0%| F|  |TAMS 0x000000008d300000, 0x000000008d300000| Untracked 
| 212|0x000000008d400000, 0x000000008d400000, 0x000000008d500000|  0%| F|  |TAMS 0x000000008d400000, 0x000000008d400000| Untracked 
| 213|0x000000008d500000, 0x000000008d500000, 0x000000008d600000|  0%| F|  |TAMS 0x000000008d500000, 0x000000008d500000| Untracked 
| 214|0x000000008d600000, 0x000000008d600000, 0x000000008d700000|  0%| F|  |TAMS 0x000000008d600000, 0x000000008d600000| Untracked 
| 215|0x000000008d700000, 0x000000008d700000, 0x000000008d800000|  0%| F|  |TAMS 0x000000008d700000, 0x000000008d700000| Untracked 
| 216|0x000000008d800000, 0x000000008d800000, 0x000000008d900000|  0%| F|  |TAMS 0x000000008d800000, 0x000000008d800000| Untracked 
| 217|0x000000008d900000, 0x000000008d900000, 0x000000008da00000|  0%| F|  |TAMS 0x000000008d900000, 0x000000008d900000| Untracked 
| 218|0x000000008da00000, 0x000000008da00000, 0x000000008db00000|  0%| F|  |TAMS 0x000000008da00000, 0x000000008da00000| Untracked 
| 219|0x000000008db00000, 0x000000008db00000, 0x000000008dc00000|  0%| F|  |TAMS 0x000000008db00000, 0x000000008db00000| Untracked 
| 220|0x000000008dc00000, 0x000000008dc00000, 0x000000008dd00000|  0%| F|  |TAMS 0x000000008dc00000, 0x000000008dc00000| Untracked 
| 221|0x000000008dd00000, 0x000000008dd00000, 0x000000008de00000|  0%| F|  |TAMS 0x000000008dd00000, 0x000000008dd00000| Untracked 
| 222|0x000000008de00000, 0x000000008de00000, 0x000000008df00000|  0%| F|  |TAMS 0x000000008de00000, 0x000000008de00000| Untracked 
| 223|0x000000008df00000, 0x000000008df00000, 0x000000008e000000|  0%| F|  |TAMS 0x000000008df00000, 0x000000008df00000| Untracked 
| 224|0x000000008e000000, 0x000000008e000000, 0x000000008e100000|  0%| F|  |TAMS 0x000000008e000000, 0x000000008e000000| Untracked 
| 225|0x000000008e100000, 0x000000008e100000, 0x000000008e200000|  0%| F|  |TAMS 0x000000008e100000, 0x000000008e100000| Untracked 
| 226|0x000000008e200000, 0x000000008e200000, 0x000000008e300000|  0%| F|  |TAMS 0x000000008e200000, 0x000000008e200000| Untracked 
| 227|0x000000008e300000, 0x000000008e300000, 0x000000008e400000|  0%| F|  |TAMS 0x000000008e300000, 0x000000008e300000| Untracked 
| 228|0x000000008e400000, 0x000000008e400000, 0x000000008e500000|  0%| F|  |TAMS 0x000000008e400000, 0x000000008e400000| Untracked 
| 229|0x000000008e500000, 0x000000008e500000, 0x000000008e600000|  0%| F|  |TAMS 0x000000008e500000, 0x000000008e500000| Untracked 
| 230|0x000000008e600000, 0x000000008e600000, 0x000000008e700000|  0%| F|  |TAMS 0x000000008e600000, 0x000000008e600000| Untracked 
| 231|0x000000008e700000, 0x000000008e700000, 0x000000008e800000|  0%| F|  |TAMS 0x000000008e700000, 0x000000008e700000| Untracked 
| 232|0x000000008e800000, 0x000000008e800000, 0x000000008e900000|  0%| F|  |TAMS 0x000000008e800000, 0x000000008e800000| Untracked 
| 233|0x000000008e900000, 0x000000008e900000, 0x000000008ea00000|  0%| F|  |TAMS 0x000000008e900000, 0x000000008e900000| Untracked 
| 234|0x000000008ea00000, 0x000000008ea00000, 0x000000008eb00000|  0%| F|  |TAMS 0x000000008ea00000, 0x000000008ea00000| Untracked 
| 235|0x000000008eb00000, 0x000000008eb00000, 0x000000008ec00000|  0%| F|  |TAMS 0x000000008eb00000, 0x000000008eb00000| Untracked 
| 236|0x000000008ec00000, 0x000000008ec00000, 0x000000008ed00000|  0%| F|  |TAMS 0x000000008ec00000, 0x000000008ec00000| Untracked 
| 237|0x000000008ed00000, 0x000000008ed00000, 0x000000008ee00000|  0%| F|  |TAMS 0x000000008ed00000, 0x000000008ed00000| Untracked 
| 238|0x000000008ee00000, 0x000000008ee00000, 0x000000008ef00000|  0%| F|  |TAMS 0x000000008ee00000, 0x000000008ee00000| Untracked 
| 239|0x000000008ef00000, 0x000000008ef00000, 0x000000008f000000|  0%| F|  |TAMS 0x000000008ef00000, 0x000000008ef00000| Untracked 
| 240|0x000000008f000000, 0x000000008f000000, 0x000000008f100000|  0%| F|  |TAMS 0x000000008f000000, 0x000000008f000000| Untracked 
| 241|0x000000008f100000, 0x000000008f100000, 0x000000008f200000|  0%| F|  |TAMS 0x000000008f100000, 0x000000008f100000| Untracked 
| 242|0x000000008f200000, 0x000000008f200000, 0x000000008f300000|  0%| F|  |TAMS 0x000000008f200000, 0x000000008f200000| Untracked 
| 243|0x000000008f300000, 0x000000008f300000, 0x000000008f400000|  0%| F|  |TAMS 0x000000008f300000, 0x000000008f300000| Untracked 
| 244|0x000000008f400000, 0x000000008f400000, 0x000000008f500000|  0%| F|  |TAMS 0x000000008f400000, 0x000000008f400000| Untracked 
| 245|0x000000008f500000, 0x000000008f500000, 0x000000008f600000|  0%| F|  |TAMS 0x000000008f500000, 0x000000008f500000| Untracked 
| 246|0x000000008f600000, 0x000000008f600000, 0x000000008f700000|  0%| F|  |TAMS 0x000000008f600000, 0x000000008f600000| Untracked 
| 247|0x000000008f700000, 0x000000008f700000, 0x000000008f800000|  0%| F|  |TAMS 0x000000008f700000, 0x000000008f700000| Untracked 
| 248|0x000000008f800000, 0x000000008f800000, 0x000000008f900000|  0%| F|  |TAMS 0x000000008f800000, 0x000000008f800000| Untracked 
| 249|0x000000008f900000, 0x000000008f900000, 0x000000008fa00000|  0%| F|  |TAMS 0x000000008f900000, 0x000000008f900000| Untracked 
| 250|0x000000008fa00000, 0x000000008fa00000, 0x000000008fb00000|  0%| F|  |TAMS 0x000000008fa00000, 0x000000008fa00000| Untracked 
| 251|0x000000008fb00000, 0x000000008fc00000, 0x000000008fc00000|100%| E|  |TAMS 0x000000008fb00000, 0x000000008fb00000| Complete 
| 252|0x000000008fc00000, 0x000000008fd00000, 0x000000008fd00000|100%| E|CS|TAMS 0x000000008fc00000, 0x000000008fc00000| Complete 
| 253|0x000000008fd00000, 0x000000008fe00000, 0x000000008fe00000|100%| E|CS|TAMS 0x000000008fd00000, 0x000000008fd00000| Complete 
| 254|0x000000008fe00000, 0x000000008ff00000, 0x000000008ff00000|100%| E|CS|TAMS 0x000000008fe00000, 0x000000008fe00000| Complete 
| 255|0x000000008ff00000, 0x0000000090000000, 0x0000000090000000|100%| E|CS|TAMS 0x000000008ff00000, 0x000000008ff00000| Complete 
| 256|0x0000000090000000, 0x0000000090100000, 0x0000000090100000|100%| E|CS|TAMS 0x0000000090000000, 0x0000000090000000| Complete 
| 257|0x0000000090100000, 0x0000000090200000, 0x0000000090200000|100%| E|CS|TAMS 0x0000000090100000, 0x0000000090100000| Complete 
| 258|0x0000000090200000, 0x0000000090300000, 0x0000000090300000|100%| E|CS|TAMS 0x0000000090200000, 0x0000000090200000| Complete 
| 259|0x0000000090300000, 0x0000000090400000, 0x0000000090400000|100%| E|CS|TAMS 0x0000000090300000, 0x0000000090300000| Complete 
| 260|0x0000000090400000, 0x0000000090500000, 0x0000000090500000|100%| E|CS|TAMS 0x0000000090400000, 0x0000000090400000| Complete 
| 261|0x0000000090500000, 0x0000000090600000, 0x0000000090600000|100%| E|CS|TAMS 0x0000000090500000, 0x0000000090500000| Complete 
| 262|0x0000000090600000, 0x0000000090700000, 0x0000000090700000|100%| E|CS|TAMS 0x0000000090600000, 0x0000000090600000| Complete 
| 263|0x0000000090700000, 0x0000000090800000, 0x0000000090800000|100%| E|CS|TAMS 0x0000000090700000, 0x0000000090700000| Complete 

Card table byte_map: [0x000001f47a780000,0x000001f47ab80000] _byte_map_base: 0x000001f47a380000

Marking Bits (Prev, Next): (CMBitMap*) 0x000001f476571a60, (CMBitMap*) 0x000001f476571a28
 Prev Bits: [0x000001f47cf80000, 0x000001f47ef80000)
 Next Bits: [0x000001f47af80000, 0x000001f47cf80000)

Polling page: 0x000001f4744e0000

Metaspace:

Usage:
  Non-class:     89.87 MB capacity,    88.23 MB ( 98%) used,     1.32 MB (  1%) free+waste,   326.62 KB ( <1%) overhead. 
      Class:     13.73 MB capacity,    12.76 MB ( 93%) used,   856.45 KB (  6%) free+waste,   143.62 KB (  1%) overhead. 
       Both:    103.60 MB capacity,   100.99 MB ( 97%) used,     2.15 MB (  2%) free+waste,   470.25 KB ( <1%) overhead. 

Virtual space:
  Non-class space:       92.00 MB reserved,      90.08 MB ( 98%) committed 
      Class space:        1.00 GB reserved,      13.95 MB (  1%) committed 
             Both:        1.09 GB reserved,     104.03 MB (  9%) committed 

Chunk freelists:
   Non-Class:  87.00 KB
       Class:  112.00 KB
        Both:  199.00 KB

MaxMetaspaceSize: 17179869184.00 GB
CompressedClassSpaceSize: 1.00 GB
Initial GC threshold: 20.80 MB
Current GC threshold: 173.38 MB
CDS: off

CodeHeap 'non-profiled nmethods': size=120000Kb used=7684Kb max_used=7684Kb free=112315Kb
 bounds [0x000001f407ad0000, 0x000001f408260000, 0x000001f40f000000]
CodeHeap 'profiled nmethods': size=120000Kb used=28247Kb max_used=28247Kb free=91753Kb
 bounds [0x000001f4005a0000, 0x000001f402140000, 0x000001f407ad0000]
CodeHeap 'non-nmethods': size=5760Kb used=2399Kb max_used=2447Kb free=3360Kb
 bounds [0x000001f400000000, 0x000001f400270000, 0x000001f4005a0000]
 total_blobs=14128 nmethods=13203 adapters=837
 compilation: enabled
              stopped_count=0, restarted_count=0
 full_count=0

Compilation events (20 events):
Event: 29.150 Thread 0x000001f47faf2800 13265       3       org.gradle.api.internal.artifacts.repositories.metadata.DefaultMavenImmutableAttributesFactory$$Lambda$591/0x0000000100681c40::<init> (15 bytes)
Event: 29.150 Thread 0x000001f47faf2800 nmethod 13265 0x000001f402103a90 code [0x000001f402103c40, 0x000001f402103e58]
Event: 29.150 Thread 0x000001f47faf2800 13268       3       org.gradle.internal.component.external.model.JavaEcosystemVariantDerivationStrategy::libraryRuntimeScope (23 bytes)
Event: 29.151 Thread 0x000001f47faf2800 nmethod 13268 0x000001f402103f10 code [0x000001f402104200, 0x000001f402105488]
Event: 29.151 Thread 0x000001f47faf2800 13269       3       org.gradle.api.internal.artifacts.repositories.metadata.DefaultMavenImmutableAttributesFactory::runtimeScope (28 bytes)
Event: 29.151 Thread 0x000001f47faf2800 nmethod 13269 0x000001f402105a10 code [0x000001f402105ca0, 0x000001f402106a08]
Event: 29.151 Thread 0x000001f47faf2800 13270       3       org.gradle.api.internal.artifacts.repositories.metadata.DefaultMavenImmutableAttributesFactory$$Lambda$589/0x0000000100681440::get$Lambda (10 bytes)
Event: 29.151 Thread 0x000001f47faf2800 nmethod 13270 0x000001f402106e10 code [0x000001f402106fe0, 0x000001f402107298]
Event: 29.151 Thread 0x000001f47faf2800 13271       3       org.gradle.api.internal.artifacts.repositories.metadata.DefaultMavenImmutableAttributesFactory$$Lambda$589/0x0000000100681440::<init> (15 bytes)
Event: 29.151 Thread 0x000001f47faf2800 nmethod 13271 0x000001f402107390 code [0x000001f402107540, 0x000001f402107758]
Event: 29.151 Thread 0x000001f47faf2800 13272       3       org.gradle.internal.component.external.model.JavaEcosystemVariantDerivationStrategy::libraryWithJavadocVariant (44 bytes)
Event: 29.152 Thread 0x000001f47faf2800 nmethod 13272 0x000001f402107810 code [0x000001f402107ba0, 0x000001f4021097c8]
Event: 29.152 Thread 0x000001f47faf2800 13275       2       org.gradle.api.internal.artifacts.ivyservice.resolveengine.graph.selectors.SelectorStateResolver::buildResolveResults (90 bytes)
Event: 29.153 Thread 0x000001f47faf2800 nmethod 13275 0x000001f40210a010 code [0x000001f40210a260, 0x000001f40210a838]
Event: 29.153 Thread 0x000001f47faf2800 13273       3       com.google.common.collect.ImmutableList::of (47 bytes)
Event: 29.153 Thread 0x000001f47faf2800 nmethod 13273 0x000001f40210ab90 code [0x000001f40210ae00, 0x000001f40210bdd8]
Event: 29.154 Thread 0x000001f47faf2800 13277       2       com.google.common.collect.ObjectArrays::checkElementsNotNull (23 bytes)
Event: 29.154 Thread 0x000001f47faf2800 nmethod 13277 0x000001f40210c110 code [0x000001f40210c2c0, 0x000001f40210c468]
Event: 29.154 Thread 0x000001f47faf2800 13278       2       org.gradle.api.internal.artifacts.ivyservice.resolveengine.graph.selectors.SelectorStateResolverResults::hasSoftForce (57 bytes)
Event: 29.154 Thread 0x000001f47faf2800 nmethod 13278 0x000001f40210c590 code [0x000001f40210c780, 0x000001f40210c9c8]

GC Heap History (20 events):
Event: 12.645 GC heap before
{Heap before GC invocations=23 (full 0):
 garbage-first heap   total 155648K, used 124804K [0x0000000080000000, 0x0000000100000000)
  region size 1024K, 52 young (53248K), 7 survivors (7168K)
 Metaspace       used 90634K, capacity 92663K, committed 92956K, reserved 1130496K
  class space    used 11790K, capacity 12620K, committed 12748K, reserved 1048576K
}
Event: 12.654 GC heap after
{Heap after GC invocations=24 (full 0):
 garbage-first heap   total 187392K, used 81796K [0x0000000080000000, 0x0000000100000000)
  region size 1024K, 4 young (4096K), 4 survivors (4096K)
 Metaspace       used 90634K, capacity 92663K, committed 92956K, reserved 1130496K
  class space    used 11790K, capacity 12620K, committed 12748K, reserved 1048576K
}
Event: 13.107 GC heap before
{Heap before GC invocations=24 (full 0):
 garbage-first heap   total 187392K, used 142212K [0x0000000080000000, 0x0000000100000000)
  region size 1024K, 63 young (64512K), 4 survivors (4096K)
 Metaspace       used 92824K, capacity 95122K, committed 95260K, reserved 1132544K
  class space    used 12074K, capacity 12919K, committed 13004K, reserved 1048576K
}
Event: 13.114 GC heap after
{Heap after GC invocations=25 (full 0):
 garbage-first heap   total 187392K, used 87543K [0x0000000080000000, 0x0000000100000000)
  region size 1024K, 8 young (8192K), 8 survivors (8192K)
 Metaspace       used 92824K, capacity 95122K, committed 95260K, reserved 1132544K
  class space    used 12074K, capacity 12919K, committed 13004K, reserved 1048576K
}
Event: 13.491 GC heap before
{Heap before GC invocations=25 (full 0):
 garbage-first heap   total 187392K, used 144887K [0x0000000080000000, 0x0000000100000000)
  region size 1024K, 65 young (66560K), 8 survivors (8192K)
 Metaspace       used 94694K, capacity 96961K, committed 97180K, reserved 1134592K
  class space    used 12222K, capacity 13098K, committed 13132K, reserved 1048576K
}
Event: 13.505 GC heap after
{Heap after GC invocations=26 (full 0):
 garbage-first heap   total 187392K, used 96647K [0x0000000080000000, 0x0000000100000000)
  region size 1024K, 9 young (9216K), 9 survivors (9216K)
 Metaspace       used 94694K, capacity 96961K, committed 97180K, reserved 1134592K
  class space    used 12222K, capacity 13098K, committed 13132K, reserved 1048576K
}
Event: 14.358 GC heap before
{Heap before GC invocations=26 (full 0):
 garbage-first heap   total 187392K, used 147847K [0x0000000080000000, 0x0000000100000000)
  region size 1024K, 60 young (61440K), 9 survivors (9216K)
 Metaspace       used 97416K, capacity 100126K, committed 100380K, reserved 1136640K
  class space    used 12666K, capacity 13714K, committed 13772K, reserved 1048576K
}
Event: 14.375 GC heap after
{Heap after GC invocations=27 (full 0):
 garbage-first heap   total 187392K, used 101702K [0x0000000080000000, 0x0000000100000000)
  region size 1024K, 5 young (5120K), 5 survivors (5120K)
 Metaspace       used 97416K, capacity 100126K, committed 100380K, reserved 1136640K
  class space    used 12666K, capacity 13714K, committed 13772K, reserved 1048576K
}
Event: 15.042 GC heap before
{Heap before GC invocations=28 (full 0):
 garbage-first heap   total 187392K, used 150854K [0x0000000080000000, 0x0000000100000000)
  region size 1024K, 54 young (55296K), 5 survivors (5120K)
 Metaspace       used 97911K, capacity 100679K, committed 100892K, reserved 1136640K
  class space    used 12687K, capacity 13736K, committed 13772K, reserved 1048576K
}
Event: 15.054 GC heap after
{Heap after GC invocations=29 (full 0):
 garbage-first heap   total 225280K, used 104862K [0x0000000080000000, 0x0000000100000000)
  region size 1024K, 4 young (4096K), 4 survivors (4096K)
 Metaspace       used 97911K, capacity 100679K, committed 100892K, reserved 1136640K
  class space    used 12687K, capacity 13736K, committed 13772K, reserved 1048576K
}
Event: 15.662 GC heap before
{Heap before GC invocations=29 (full 0):
 garbage-first heap   total 225280K, used 170398K [0x0000000080000000, 0x0000000100000000)
  region size 1024K, 69 young (70656K), 4 survivors (4096K)
 Metaspace       used 98460K, capacity 101202K, committed 101404K, reserved 1136640K
  class space    used 12727K, capacity 13760K, committed 13772K, reserved 1048576K
}
Event: 15.669 GC heap after
{Heap after GC invocations=30 (full 0):
 garbage-first heap   total 225280K, used 108779K [0x0000000080000000, 0x0000000100000000)
  region size 1024K, 8 young (8192K), 8 survivors (8192K)
 Metaspace       used 98460K, capacity 101202K, committed 101404K, reserved 1136640K
  class space    used 12727K, capacity 13760K, committed 13772K, reserved 1048576K
}
Event: 16.123 GC heap before
{Heap before GC invocations=30 (full 0):
 garbage-first heap   total 225280K, used 174315K [0x0000000080000000, 0x0000000100000000)
  region size 1024K, 73 young (74752K), 8 survivors (8192K)
 Metaspace       used 98743K, capacity 101534K, committed 101788K, reserved 1136640K
  class space    used 12749K, capacity 13808K, committed 13900K, reserved 1048576K
}
Event: 16.135 GC heap after
{Heap after GC invocations=31 (full 0):
 garbage-first heap   total 225280K, used 113050K [0x0000000080000000, 0x0000000100000000)
  region size 1024K, 9 young (9216K), 9 survivors (9216K)
 Metaspace       used 98743K, capacity 101534K, committed 101788K, reserved 1136640K
  class space    used 12749K, capacity 13808K, committed 13900K, reserved 1048576K
}
Event: 16.604 GC heap before
{Heap before GC invocations=31 (full 0):
 garbage-first heap   total 225280K, used 177562K [0x0000000080000000, 0x0000000100000000)
  region size 1024K, 73 young (74752K), 9 survivors (9216K)
 Metaspace       used 98943K, capacity 101729K, committed 102044K, reserved 1138688K
  class space    used 12763K, capacity 13825K, committed 13900K, reserved 1048576K
}
Event: 16.621 GC heap after
{Heap after GC invocations=32 (full 0):
 garbage-first heap   total 225280K, used 116607K [0x0000000080000000, 0x0000000100000000)
  region size 1024K, 8 young (8192K), 8 survivors (8192K)
 Metaspace       used 98943K, capacity 101729K, committed 102044K, reserved 1138688K
  class space    used 12763K, capacity 13825K, committed 13900K, reserved 1048576K
}
Event: 17.214 GC heap before
{Heap before GC invocations=33 (full 0):
 garbage-first heap   total 225280K, used 182143K [0x0000000080000000, 0x0000000100000000)
  region size 1024K, 73 young (74752K), 8 survivors (8192K)
 Metaspace       used 98704K, capacity 101329K, committed 102044K, reserved 1138688K
  class space    used 12672K, capacity 13662K, committed 13900K, reserved 1048576K
}
Event: 17.231 GC heap after
{Heap after GC invocations=34 (full 0):
 garbage-first heap   total 225280K, used 120310K [0x0000000080000000, 0x0000000100000000)
  region size 1024K, 8 young (8192K), 8 survivors (8192K)
 Metaspace       used 98704K, capacity 101329K, committed 102044K, reserved 1138688K
  class space    used 12672K, capacity 13662K, committed 13900K, reserved 1048576K
}
Event: 28.991 GC heap before
{Heap before GC invocations=34 (full 0):
 garbage-first heap   total 225280K, used 184822K [0x0000000080000000, 0x0000000100000000)
  region size 1024K, 72 young (73728K), 8 survivors (8192K)
 Metaspace       used 103187K, capacity 105925K, committed 106268K, reserved 1140736K
  class space    used 13061K, capacity 14060K, committed 14284K, reserved 1048576K
}
Event: 29.004 GC heap after
{Heap after GC invocations=35 (full 0):
 garbage-first heap   total 270336K, used 124093K [0x0000000080000000, 0x0000000100000000)
  region size 1024K, 8 young (8192K), 8 survivors (8192K)
 Metaspace       used 103187K, capacity 105925K, committed 106268K, reserved 1140736K
  class space    used 13061K, capacity 14060K, committed 14284K, reserved 1048576K
}

Deoptimization events (20 events):
Event: 28.740 Thread 0x000001f413edb800 DEOPT PACKING pc=0x000001f401e843d5 sp=0x00000098137f85f0
Event: 28.740 Thread 0x000001f413edb800 DEOPT UNPACKING pc=0x000001f40004a95e sp=0x00000098137f7b10 mode 0
Event: 28.787 Thread 0x000001f413edb800 DEOPT PACKING pc=0x000001f401d1403b sp=0x00000098137f7b50
Event: 28.787 Thread 0x000001f413edb800 DEOPT UNPACKING pc=0x000001f40004a95e sp=0x00000098137f7090 mode 0
Event: 28.860 Thread 0x000001f414bce000 Uncommon trap: trap_request=0xffffff4d fr.pc=0x000001f40818d728 relative=0x00000000000009a8
Event: 28.860 Thread 0x000001f414bce000 Uncommon trap: reason=unstable_if action=reinterpret pc=0x000001f40818d728 method=java.util.concurrent.ConcurrentLinkedQueue.poll()Ljava/lang/Object; @ 24 c2
Event: 28.860 Thread 0x000001f414bce000 DEOPT PACKING pc=0x000001f40818d728 sp=0x0000009814dfe400
Event: 28.860 Thread 0x000001f414bce000 DEOPT UNPACKING pc=0x000001f40004a1af sp=0x0000009814dfe358 mode 2
Event: 28.862 Thread 0x000001f414bd5800 Uncommon trap: trap_request=0xffffff4d fr.pc=0x000001f407dd61d4 relative=0x0000000000000494
Event: 28.862 Thread 0x000001f414bd5800 Uncommon trap: reason=unstable_if action=reinterpret pc=0x000001f407dd61d4 method=java.util.concurrent.ConcurrentLinkedQueue.poll()Ljava/lang/Object; @ 24 c2
Event: 28.862 Thread 0x000001f414bd5800 DEOPT PACKING pc=0x000001f407dd61d4 sp=0x00000098153fea10
Event: 28.862 Thread 0x000001f414bd5800 DEOPT UNPACKING pc=0x000001f40004a1af sp=0x00000098153fe9d0 mode 2
Event: 28.867 Thread 0x000001f413edb800 Uncommon trap: trap_request=0xffffff4d fr.pc=0x000001f408177a50 relative=0x00000000000000b0
Event: 28.867 Thread 0x000001f413edb800 Uncommon trap: reason=unstable_if action=reinterpret pc=0x000001f408177a50 method=org.gradle.internal.hash.HashCode$HashCode128.equals(Ljava/lang/Object;)Z @ 36 c2
Event: 28.867 Thread 0x000001f413edb800 DEOPT PACKING pc=0x000001f408177a50 sp=0x00000098137f91d0
Event: 28.867 Thread 0x000001f413edb800 DEOPT UNPACKING pc=0x000001f40004a1af sp=0x00000098137f9168 mode 2
Event: 28.878 Thread 0x000001f413edb800 DEOPT PACKING pc=0x000001f400a84a16 sp=0x00000098137f9040
Event: 28.878 Thread 0x000001f413edb800 DEOPT UNPACKING pc=0x000001f40004a95e sp=0x00000098137f8558 mode 0
Event: 28.989 Thread 0x000001f413edb800 DEOPT PACKING pc=0x000001f401d1403b sp=0x00000098137f84a0
Event: 28.989 Thread 0x000001f413edb800 DEOPT UNPACKING pc=0x000001f40004a95e sp=0x00000098137f79e0 mode 0

Classes redefined (0 events):
No events

Internal exceptions (20 events):
Event: 14.268 Thread 0x000001f414bd8800 Exception <a 'java/lang/NoSuchMethodError'{0x0000000088edf998}: 'void java.lang.invoke.DirectMethodHandle$Holder.invokeVirtual(java.lang.Object, java.lang.Object)'> (0x0000000088edf998) thrown at [src/hotspot/share/interpreter/linkResolver.cpp, line 773]
Event: 14.268 Thread 0x000001f41854b000 Exception <a 'java/lang/NoSuchMethodError'{0x0000000088d75e68}: 'void java.lang.invoke.DirectMethodHandle$Holder.invokeVirtual(java.lang.Object, java.lang.Object)'> (0x0000000088d75e68) thrown at [src/hotspot/share/interpreter/linkResolver.cpp, line 773]
Event: 15.631 Thread 0x000001f41d5fc000 Exception <a 'java/lang/NoSuchMethodError'{0x0000000089df3178}: 'java.lang.Object java.lang.invoke.DirectMethodHandle$Holder.invokeStatic(java.lang.Object, java.lang.Object, java.lang.Object, java.lang.Object, java.lang.Object, java.lang.Object, java.lang.Object, java.lang.Object, java.lang.Object, java.lang.Object, java.lang.Object, java.lang.Object, java.lang.Object, java.lang.Object, java.lang.Object, int)'> (0x0000000089df3178) thrown at [src/hotspot/share/interpreter/linkResolver.cpp, line 773]
Event: 15.811 Thread 0x000001f41d602000 Exception <a 'java/lang/NoSuchMethodError'{0x000000008c11eec0}: <clinit>> (0x000000008c11eec0) thrown at [src/hotspot/share/prims/jni.cpp, line 1367]
Event: 15.811 Thread 0x000001f41d602000 Exception <a 'java/lang/NoSuchMethodError'{0x000000008c120678}: <clinit>> (0x000000008c120678) thrown at [src/hotspot/share/prims/jni.cpp, line 1367]
Event: 15.812 Thread 0x000001f41d602000 Exception <a 'java/lang/NoSuchMethodError'{0x000000008c123880}: <clinit>> (0x000000008c123880) thrown at [src/hotspot/share/prims/jni.cpp, line 1367]
Event: 15.813 Thread 0x000001f41d602000 Exception <a 'java/lang/NoSuchMethodError'{0x000000008c13aa28}: <clinit>> (0x000000008c13aa28) thrown at [src/hotspot/share/prims/jni.cpp, line 1367]
Event: 15.813 Thread 0x000001f41d602000 Exception <a 'java/lang/NoSuchMethodError'{0x000000008c13bc60}: <clinit>> (0x000000008c13bc60) thrown at [src/hotspot/share/prims/jni.cpp, line 1367]
Event: 16.075 Thread 0x000001f4146d4800 Implicit null exception at 0x000001f408144671 to 0x000001f4081449cc
Event: 16.375 Thread 0x000001f41d602000 Exception <a 'sun/nio/fs/WindowsException'{0x000000008bf4f578}> (0x000000008bf4f578) thrown at [src/hotspot/share/prims/jni.cpp, line 617]
Event: 16.449 Thread 0x000001f41d602000 Exception <a 'sun/nio/fs/WindowsException'{0x000000008b2466b8}> (0x000000008b2466b8) thrown at [src/hotspot/share/prims/jni.cpp, line 617]
Event: 17.156 Thread 0x000001f41d602000 Exception <a 'sun/nio/fs/WindowsException'{0x000000008a5fe480}> (0x000000008a5fe480) thrown at [src/hotspot/share/prims/jni.cpp, line 617]
Event: 17.276 Thread 0x000001f41d602000 Exception <a 'sun/nio/fs/WindowsException'{0x000000008d7ec7b0}> (0x000000008d7ec7b0) thrown at [src/hotspot/share/prims/jni.cpp, line 617]
Event: 17.410 Thread 0x000001f413edb800 Exception <a 'sun/nio/fs/WindowsException'{0x000000008d0744b8}> (0x000000008d0744b8) thrown at [src/hotspot/share/prims/jni.cpp, line 617]
Event: 17.410 Thread 0x000001f413edb800 Exception <a 'sun/nio/fs/WindowsException'{0x000000008d074540}> (0x000000008d074540) thrown at [src/hotspot/share/prims/jni.cpp, line 617]
Event: 17.411 Thread 0x000001f413edb800 Exception <a 'sun/nio/fs/WindowsException'{0x000000008d076468}> (0x000000008d076468) thrown at [src/hotspot/share/prims/jni.cpp, line 617]
Event: 17.466 Thread 0x000001f41d602800 Exception <a 'sun/nio/fs/WindowsException'{0x000000008ce81550}> (0x000000008ce81550) thrown at [src/hotspot/share/prims/jni.cpp, line 617]
Event: 28.483 Thread 0x000001f413edb800 Implicit null exception at 0x000001f4081e1c45 to 0x000001f4081e1f54
Event: 28.915 Thread 0x000001f413edb800 Exception <a 'sun/nio/fs/WindowsException'{0x000000008a0c88e0}> (0x000000008a0c88e0) thrown at [src/hotspot/share/prims/jni.cpp, line 617]
Event: 28.936 Thread 0x000001f413edb800 Exception <a 'java/lang/NoSuchMethodError'{0x0000000089fc1288}: 'org.gradle.internal.buildoption.BuildOption$Value org.gradle.api.internal.StartParameterInternal.getIsolatedProjects()'> (0x0000000089fc1288) thrown at [src/hotspot/share/interpreter/linkResolver.cpp, line 773]

Events (20 events):
Event: 28.838 Thread 0x000001f41193d800 Thread added: 0x000001f41193d800
Event: 28.838 Thread 0x000001f411939800 Thread added: 0x000001f411939800
Event: 28.838 Thread 0x000001f41193a000 Thread added: 0x000001f41193a000
Event: 28.838 Thread 0x000001f41193b000 Thread added: 0x000001f41193b000
Event: 28.838 Thread 0x000001f41193c000 Thread added: 0x000001f41193c000
Event: 28.839 Thread 0x000001f41193c800 Thread added: 0x000001f41193c800
Event: 28.839 Thread 0x000001f41193e800 Thread added: 0x000001f41193e800
Event: 28.839 Thread 0x000001f4147ad800 Thread added: 0x000001f4147ad800
Event: 28.839 Thread 0x000001f4147ae800 Thread added: 0x000001f4147ae800
Event: 28.839 Thread 0x000001f4147aa800 Thread added: 0x000001f4147aa800
Event: 28.839 Thread 0x000001f4147ad000 Thread added: 0x000001f4147ad000
Event: 28.840 Thread 0x000001f4147a9000 Thread added: 0x000001f4147a9000
Event: 28.881 Executing VM operation: RevokeBias
Event: 28.881 Executing VM operation: RevokeBias done
Event: 28.881 Executing VM operation: RevokeBias
Event: 28.881 Executing VM operation: RevokeBias done
Event: 28.889 Thread 0x000001f4147af800 Thread added: 0x000001f4147af800
Event: 28.991 Executing VM operation: G1CollectForAllocation
Event: 29.004 Executing VM operation: G1CollectForAllocation done
Event: 29.155 Executing VM operation: CGC_Operation


Dynamic libraries:
0x00007ff70bb70000 - 0x00007ff70bb7a000 	C:\Program Files\Android\Android Studio1\jbr\bin\java.exe
0x00007ffd3c0d0000 - 0x00007ffd3c2e4000 	C:\WINDOWS\SYSTEM32\ntdll.dll
0x00007ffd3a6e0000 - 0x00007ffd3a7a2000 	C:\WINDOWS\System32\KERNEL32.DLL
0x00007ffd39920000 - 0x00007ffd39cc3000 	C:\WINDOWS\System32\KERNELBASE.dll
0x00007ffd396e0000 - 0x00007ffd397f1000 	C:\WINDOWS\System32\ucrtbase.dll
0x00007ffce6930000 - 0x00007ffce694b000 	C:\Program Files\Android\Android Studio1\jbr\bin\VCRUNTIME140.dll
0x00007ffce6950000 - 0x00007ffce6967000 	C:\Program Files\Android\Android Studio1\jbr\bin\jli.dll
0x00007ffd3a340000 - 0x00007ffd3a4ea000 	C:\WINDOWS\System32\USER32.dll
0x00007ffd395f0000 - 0x00007ffd39616000 	C:\WINDOWS\System32\win32u.dll
0x00007ffd3b070000 - 0x00007ffd3b099000 	C:\WINDOWS\System32\GDI32.dll
0x00007ffd168f0000 - 0x00007ffd16b7e000 	C:\WINDOWS\WinSxS\amd64_microsoft.windows.common-controls_6595b64144ccf1df_6.0.22621.1635_none_270f70857386168e\COMCTL32.dll
0x00007ffd394d0000 - 0x00007ffd395e9000 	C:\WINDOWS\System32\gdi32full.dll
0x00007ffd3b0a0000 - 0x00007ffd3b147000 	C:\WINDOWS\System32\msvcrt.dll
0x00007ffd39800000 - 0x00007ffd3989a000 	C:\WINDOWS\System32\msvcp_win.dll
0x00007ffd3a590000 - 0x00007ffd3a5c1000 	C:\WINDOWS\System32\IMM32.DLL
0x00007ffd32450000 - 0x00007ffd3245c000 	C:\Program Files\Android\Android Studio1\jbr\bin\vcruntime140_1.dll
0x00007ffce68a0000 - 0x00007ffce692d000 	C:\Program Files\Android\Android Studio1\jbr\bin\msvcp140.dll
0x00007ffcefd80000 - 0x00007ffcf093c000 	C:\Program Files\Android\Android Studio1\jbr\bin\server\jvm.dll
0x00007ffd3bdd0000 - 0x00007ffd3be7e000 	C:\WINDOWS\System32\ADVAPI32.dll
0x00007ffd3a290000 - 0x00007ffd3a334000 	C:\WINDOWS\System32\sechost.dll
0x00007ffd3a170000 - 0x00007ffd3a287000 	C:\WINDOWS\System32\RPCRT4.dll
0x00007ffd3a6d0000 - 0x00007ffd3a6d8000 	C:\WINDOWS\System32\PSAPI.DLL
0x00007ffd31d80000 - 0x00007ffd31db4000 	C:\WINDOWS\SYSTEM32\WINMM.dll
0x00007ffd08a40000 - 0x00007ffd08a49000 	C:\WINDOWS\SYSTEM32\WSOCK32.dll
0x00007ffd3a0d0000 - 0x00007ffd3a141000 	C:\WINDOWS\System32\WS2_32.dll
0x00007ffd2c5e0000 - 0x00007ffd2c5ea000 	C:\WINDOWS\SYSTEM32\VERSION.dll
0x00007ffd38600000 - 0x00007ffd38618000 	C:\WINDOWS\SYSTEM32\kernel.appcore.dll
0x00007ffcf1860000 - 0x00007ffcf1870000 	C:\Program Files\Android\Android Studio1\jbr\bin\verify.dll
0x00007ffd366a0000 - 0x00007ffd368ce000 	C:\WINDOWS\SYSTEM32\DBGHELP.DLL
0x00007ffd3aad0000 - 0x00007ffd3ae59000 	C:\WINDOWS\System32\combase.dll
0x00007ffd3ae60000 - 0x00007ffd3af37000 	C:\WINDOWS\System32\OLEAUT32.dll
0x00007ffd1e6c0000 - 0x00007ffd1e6f2000 	C:\WINDOWS\SYSTEM32\dbgcore.DLL
0x00007ffd398a0000 - 0x00007ffd3991a000 	C:\WINDOWS\System32\bcryptPrimitives.dll
0x00007ffcefd50000 - 0x00007ffcefd78000 	C:\Program Files\Android\Android Studio1\jbr\bin\java.dll
0x00007ffcf1180000 - 0x00007ffcf118a000 	C:\Program Files\Android\Android Studio1\jbr\bin\jimage.dll
0x00007ffcefd30000 - 0x00007ffcefd48000 	C:\Program Files\Android\Android Studio1\jbr\bin\zip.dll
0x00007ffd3b150000 - 0x00007ffd3b949000 	C:\WINDOWS\System32\SHELL32.dll
0x00007ffd374d0000 - 0x00007ffd37d9e000 	C:\WINDOWS\SYSTEM32\windows.storage.dll
0x00007ffd37390000 - 0x00007ffd374ce000 	C:\WINDOWS\SYSTEM32\wintypes.dll
0x00007ffd3a5d0000 - 0x00007ffd3a6c1000 	C:\WINDOWS\System32\SHCORE.dll
0x00007ffd3aa70000 - 0x00007ffd3aace000 	C:\WINDOWS\System32\shlwapi.dll
0x00007ffd39400000 - 0x00007ffd39426000 	C:\WINDOWS\SYSTEM32\profapi.dll
0x00007ffcefac0000 - 0x00007ffcefad9000 	C:\Program Files\Android\Android Studio1\jbr\bin\net.dll
0x00007ffd2dea0000 - 0x00007ffd2dfd7000 	C:\WINDOWS\SYSTEM32\WINHTTP.dll
0x00007ffd38a80000 - 0x00007ffd38ae9000 	C:\WINDOWS\system32\mswsock.dll
0x00007ffcefaa0000 - 0x00007ffcefab3000 	C:\Program Files\Android\Android Studio1\jbr\bin\nio.dll
0x00007ffce6970000 - 0x00007ffce6997000 	C:\Users\user\.gradle\native\68d5fa5c4cc2d200863cafc0d521ce42e7d3e7ee720ec0a83991735586a16f82\windows-amd64\native-platform.dll
0x00007ffce9690000 - 0x00007ffce97d4000 	C:\Users\user\.gradle\native\e376f236ea51e6404a007f0833ffe2c6e607c4080706a723a18a27aeea778392\windows-amd64\native-platform-file-events.dll
0x00007ffcefa90000 - 0x00007ffcefa9a000 	C:\Program Files\Android\Android Studio1\jbr\bin\management.dll
0x00007ffcefa80000 - 0x00007ffcefa8b000 	C:\Program Files\Android\Android Studio1\jbr\bin\management_ext.dll
0x00007ffd38ce0000 - 0x00007ffd38cfb000 	C:\WINDOWS\SYSTEM32\CRYPTSP.dll
0x00007ffd38570000 - 0x00007ffd385a5000 	C:\WINDOWS\system32\rsaenh.dll
0x00007ffd38b80000 - 0x00007ffd38bac000 	C:\WINDOWS\SYSTEM32\USERENV.dll
0x00007ffd38e80000 - 0x00007ffd38ea8000 	C:\WINDOWS\SYSTEM32\bcrypt.dll
0x00007ffd38d00000 - 0x00007ffd38d0c000 	C:\WINDOWS\SYSTEM32\CRYPTBASE.dll
0x00007ffd38070000 - 0x00007ffd3809d000 	C:\WINDOWS\SYSTEM32\IPHLPAPI.DLL
0x00007ffd3a040000 - 0x00007ffd3a049000 	C:\WINDOWS\System32\NSI.dll
0x00007ffd2de30000 - 0x00007ffd2de49000 	C:\WINDOWS\SYSTEM32\dhcpcsvc6.DLL
0x00007ffd2de10000 - 0x00007ffd2de2f000 	C:\WINDOWS\SYSTEM32\dhcpcsvc.DLL
0x00007ffd380a0000 - 0x00007ffd38193000 	C:\WINDOWS\SYSTEM32\DNSAPI.dll
0x00007ffcefa60000 - 0x00007ffcefa77000 	C:\WINDOWS\system32\napinsp.dll
0x00007ffcefa40000 - 0x00007ffcefa5b000 	C:\WINDOWS\system32\pnrpnsp.dll
0x00007ffcefa20000 - 0x00007ffcefa31000 	C:\WINDOWS\System32\winrnr.dll
0x00007ffd2d640000 - 0x00007ffd2d655000 	C:\WINDOWS\system32\wshbth.dll
0x00007ffcef9f0000 - 0x00007ffcefa11000 	C:\WINDOWS\system32\nlansp_c.dll
0x00007ffd26350000 - 0x00007ffd2635a000 	C:\Windows\System32\rasadhlp.dll
0x00007ffd2c760000 - 0x00007ffd2c7e4000 	C:\WINDOWS\System32\fwpuclnt.dll

dbghelp: loaded successfully - version: 4.0.5 - missing functions: none
symbol engine: initialized successfully - sym options: 0x614 - pdb path: .;C:\Program Files\Android\Android Studio1\jbr\bin;C:\WINDOWS\SYSTEM32;C:\WINDOWS\WinSxS\amd64_microsoft.windows.common-controls_6595b64144ccf1df_6.0.22621.1635_none_270f70857386168e;C:\Program Files\Android\Android Studio1\jbr\bin\server;C:\Users\user\.gradle\native\68d5fa5c4cc2d200863cafc0d521ce42e7d3e7ee720ec0a83991735586a16f82\windows-amd64;C:\Users\user\.gradle\native\e376f236ea51e6404a007f0833ffe2c6e607c4080706a723a18a27aeea778392\windows-amd64

VM Arguments:
jvm_args: --add-opens=java.base/java.util=ALL-UNNAMED --add-opens=java.base/java.lang=ALL-UNNAMED --add-opens=java.base/java.lang.invoke=ALL-UNNAMED --add-opens=java.prefs/java.util.prefs=ALL-UNNAMED --add-opens=java.base/java.nio.charset=ALL-UNNAMED --add-opens=java.base/java.net=ALL-UNNAMED --add-opens=java.base/java.util.concurrent.atomic=ALL-UNNAMED -Xmx2048m -Dfile.encoding=UTF-8 -Duser.country=KR -Duser.language=ko -Duser.variant 
java_command: org.gradle.launcher.daemon.bootstrap.GradleDaemon 8.0
java_class_path (initial): C:\Users\user\.gradle\wrapper\dists\gradle-8.0-bin\ca5e32bp14vu59qr306oxotwh\gradle-8.0\lib\gradle-launcher-8.0.jar
Launcher Type: SUN_STANDARD

[Global flags]
     intx CICompilerCount                          = 4                                         {product} {ergonomic}
     uint ConcGCThreads                            = 2                                         {product} {ergonomic}
     uint G1ConcRefinementThreads                  = 8                                         {product} {ergonomic}
   size_t G1HeapRegionSize                         = 1048576                                   {product} {ergonomic}
    uintx GCDrainStackTargetSize                   = 64                                        {product} {ergonomic}
   size_t InitialHeapSize                          = 132120576                                 {product} {ergonomic}
   size_t MarkStackSize                            = 4194304                                   {product} {ergonomic}
   size_t MaxHeapSize                              = 2147483648                                {product} {command line}
   size_t MaxNewSize                               = 1287651328                                {product} {ergonomic}
   size_t MinHeapDeltaBytes                        = 1048576                                   {product} {ergonomic}
    uintx NonNMethodCodeHeapSize                   = 5836300                                {pd product} {ergonomic}
    uintx NonProfiledCodeHeapSize                  = 122910970                              {pd product} {ergonomic}
    uintx ProfiledCodeHeapSize                     = 122910970                              {pd product} {ergonomic}
    uintx ReservedCodeCacheSize                    = 251658240                              {pd product} {ergonomic}
     bool SegmentedCodeCache                       = true                                      {product} {ergonomic}
     bool UseCompressedClassPointers               = true                                 {lp64_product} {ergonomic}
     bool UseCompressedOops                        = true                                 {lp64_product} {ergonomic}
     bool UseG1GC                                  = true                                      {product} {ergonomic}
     bool UseLargePagesIndividualAllocation        = false                                  {pd product} {ergonomic}

Logging:
Log output configuration:
 #0: stdout all=warning uptime,level,tags
 #1: stderr all=off uptime,level,tags

Environment Variables:
PATH=C:\Program Files\openssl-0.9.8e_X64\bin;C:\Program Files\Common Files\Oracle\Java\javapath;C:\WINDOWS\system32;C:\WINDOWS;C:\WINDOWS\System32\Wbem;C:\WINDOWS\System32\WindowsPowerShell\v1.0\;C:\WINDOWS\System32\OpenSSH\;C:\Program Files\OpenSSL-Win64\bin;C:\Program Files\Java\jdk-19\bin;C:\Program Files\Git\cmd;C:\Users\user\AppData\Local\Programs\Python\Python39\Scripts\;C:\Users\user\AppData\Local\Programs\Python\Python39\;C:\Users\user\AppData\Local\Microsoft\WindowsApps;
USERNAME=user
OS=Windows_NT
PROCESSOR_IDENTIFIER=Intel64 Family 6 Model 166 Stepping 0, GenuineIntel



---------------  S Y S T E M  ---------------

OS: Windows 11 , 64 bit Build 22621 (10.0.22621.1928)
OS uptime: 0 days 0:36 hours

CPU:total 8 (initial active 8) (4 cores per cpu, 2 threads per core) family 6 model 166 stepping 0 microcode 0xe0, cmov, cx8, fxsr, mmx, sse, sse2, sse3, ssse3, sse4.1, sse4.2, popcnt, avx, avx2, aes, clmul, erms, 3dnowpref, lzcnt, ht, tsc, tscinvbit, bmi1, bmi2, adx, fma

Memory: 4k page, system-wide physical 8006M (351M free)
TotalPageFile size 11950M (AvailPageFile size 6M)
current process WorkingSet (physical memory assigned to process): 515M, peak: 515M
current process commit charge ("private bytes"): 586M, peak: 587M

vm_info: OpenJDK 64-Bit Server VM (11.0.15+0-b2043.56-9505619) for windows-amd64 JRE (11.0.15+0-b2043.56-9505619), built on Jan 19 2023 02:48:00 by "builduser" with unknown MS VC++:1929

END.
