#
# There is insufficient memory for the Java Runtime Environment to continue.
# Native memory allocation (malloc) failed to allocate 32744 bytes for ChunkPool::allocate
# Possible reasons:
#   The system is out of physical RAM or swap space
#   The process is running with CompressedOops enabled, and the Java Heap may be blocking the growth of the native heap
# Possible solutions:
#   Reduce memory load on the system
#   Increase physical memory or swap space
#   Check if swap backing store is full
#   Decrease Java heap size (-Xmx/-Xms)
#   Decrease number of Java threads
#   Decrease Java thread stack sizes (-Xss)
#   Set larger code cache with -XX:ReservedCodeCacheSize=
#   JVM is running with Unscaled Compressed Oops mode in which the Java heap is
#     placed in the first 4GB address space. The Java Heap base address is the
#     maximum limit for the native heap growth. Please use -XX:HeapBaseMinAddress
#     to set the Java Heap base and to place the Java Heap above 4GB virtual address.
# This output file may be truncated or incomplete.
#
#  Out of Memory Error (src/hotspot/share/memory/arena.cpp:81), pid=9660, tid=2592
#
# JRE version: OpenJDK Runtime Environment (11.0.15) (build 11.0.15+0-b2043.56-9505619)
# Java VM: OpenJDK 64-Bit Server VM (11.0.15+0-b2043.56-9505619, mixed mode, tiered, compressed oops, g1 gc, windows-amd64)
# No core dump will be written. Minidumps are not enabled by default on client versions of Windows
#

---------------  S U M M A R Y ------------

Command Line: --add-opens=java.base/java.util=ALL-UNNAMED --add-opens=java.base/java.lang=ALL-UNNAMED --add-opens=java.base/java.lang.invoke=ALL-UNNAMED --add-opens=java.prefs/java.util.prefs=ALL-UNNAMED --add-opens=java.base/java.nio.charset=ALL-UNNAMED --add-opens=java.base/java.net=ALL-UNNAMED --add-opens=java.base/java.util.concurrent.atomic=ALL-UNNAMED -Xmx2048m -Dfile.encoding=UTF-8 -Duser.country=KR -Duser.language=ko -Duser.variant org.gradle.launcher.daemon.bootstrap.GradleDaemon 8.0

Host: Intel(R) Core(TM) i5-10210U CPU @ 1.60GHz, 8 cores, 7G,  Windows 11 , 64 bit Build 22621 (10.0.22621.1928)
Time: Wed Aug  2 12:03:20 2023  Windows 11 , 64 bit Build 22621 (10.0.22621.1928) elapsed time: 110.450305 seconds (0d 0h 1m 50s)

---------------  T H R E A D  ---------------

Current thread (0x000001cfa705e800):  VMThread "VM Thread" [stack: 0x0000000192e00000,0x0000000192f00000] [id=2592] _threads_hazard_ptr=0x000001cfb0c39950

Stack: [0x0000000192e00000,0x0000000192f00000]
[error occurred during error reporting (printing stack bounds), id 0xc0000005, EXCEPTION_ACCESS_VIOLATION (0xc0000005) at pc=0x000001cf906e112d]

Native frames: (J=compiled Java code, j=interpreted, Vv=VM code, C=native code)
V  [jvm.dll+0x64135a]
V  [jvm.dll+0x7d39f9]
V  [jvm.dll+0x7d51b9]
V  [jvm.dll+0x7d5805]
V  [jvm.dll+0x7d57bb]
V  [jvm.dll+0x640655]
V  [jvm.dll+0x640d68]
C  [ntdll.dll+0xa3dff]
C  [ntdll.dll+0x1e456]
C  [ntdll.dll+0xa2dee]
C  0x000001cf906e112d

VM_Operation (0x000000019b9facd0): BulkRevokeBias, mode: safepoint, requested by thread 0x000001cfb3080000


---------------  P R O C E S S  ---------------

Threads class SMR info:
_java_thread_list=0x000001cfb0c39950, length=137, elements={
0x000001cf8cbbb000, 0x000001cfa7062000, 0x000001cfa7063800, 0x000001cfa7085000,
0x000001cfa78e2800, 0x000001cfa78e6000, 0x000001cfa78eb000, 0x000001cfa78ec800,
0x000001cfa7901000, 0x000001cfa7a7c000, 0x000001cfaabbf800, 0x000001cfaaabe800,
0x000001cfa7c18800, 0x000001cfa9f9f000, 0x000001cfa9c91000, 0x000001cfaa035000,
0x000001cfaa038800, 0x000001cfaa037000, 0x000001cfaa033000, 0x000001cfaa037800,
0x000001cfaa036000, 0x000001cfaa92c000, 0x000001cfaa929800, 0x000001cfaa92b000,
0x000001cfaa934000, 0x000001cfaa933000, 0x000001cfaa92e800, 0x000001cfad017800,
0x000001cfad019800, 0x000001cfad013800, 0x000001cfad01b000, 0x000001cfad01e000,
0x000001cfaf06c800, 0x000001cfaf070000, 0x000001cfaf071800, 0x000001cfaf06c000,
0x000001cfaf072800, 0x000001cfaf073000, 0x000001cfaf071000, 0x000001cfaf06e800,
0x000001cfaf06d800, 0x000001cfaf074000, 0x000001cfaf075000, 0x000001cfaf06f000,
0x000001cfaf076800, 0x000001cfaf077800, 0x000001cfaf078000, 0x000001cfaf07a800,
0x000001cfaf079000, 0x000001cfaf07a000, 0x000001cfaf075800, 0x000001cfad014800,
0x000001cfad017000, 0x000001cfad011000, 0x000001cfad015000, 0x000001cfad016000,
0x000001cfad012000, 0x000001cfad013000, 0x000001cfad01d800, 0x000001cfad01c000,
0x000001cfad018800, 0x000001cfad01f000, 0x000001cfad020000, 0x000001cfaa92a000,
0x000001cfaa935000, 0x000001cfaa92f000, 0x000001cfaa935800, 0x000001cfaa931800,
0x000001cfaa932800, 0x000001cfaa936800, 0x000001cfaa930800, 0x000001cfaa937000,
0x000001cfaa938000, 0x000001cfaa039800, 0x000001cfaa033800, 0x000001cfaa034800,
0x000001cfab6fa800, 0x000001cfab6fb000, 0x000001cfab6fc000, 0x000001cfab6fd000,
0x000001cfab6f8800, 0x000001cfab6fe800, 0x000001cfab6fd800, 0x000001cfab6ff800,
0x000001cfab6f9800, 0x000001cfab701800, 0x000001cfab702800, 0x000001cfab701000,
0x000001cfab704000, 0x000001cfab703800, 0x000001cfab700000, 0x000001cfab705000,
0x000001cfab707800, 0x000001cfab706000, 0x000001cfab706800, 0x000001cfb2fcb800,
0x000001cfb2fcc000, 0x000001cfb2fce000, 0x000001cfb2fcd000, 0x000001cfb2fc8000,
0x000001cfb2fc9000, 0x000001cfb2fce800, 0x000001cfb2fca000, 0x000001cfb2fcf800,
0x000001cfb2fd0800, 0x000001cfb2fca800, 0x000001cfb2fd3800, 0x000001cfb2fd5000,
0x000001cfb2fd2000, 0x000001cfb2fd6000, 0x000001cfb2fd7000, 0x000001cfb2fd4800,
0x000001cfb2fd1000, 0x000001cfb2fd3000, 0x000001cfb3075800, 0x000001cfb3077000,
0x000001cfb3072000, 0x000001cfb3073800, 0x000001cfb3076000, 0x000001cfb3074800,
0x000001cfb3071800, 0x000001cfb3078000, 0x000001cfb3078800, 0x000001cfb3073000,
0x000001cfb307c000, 0x000001cfb307c800, 0x000001cfb307b000, 0x000001cfb307f000,
0x000001cfb3079800, 0x000001cfb307a800, 0x000001cfb3080000, 0x000001cfb307e800,
0x000001cfb307d800, 0x000001cfaed20000, 0x000001cfaed21800, 0x000001cfaed20800,
0x000001cfaed1b800
}

Java Threads: ( => current thread )
  0x000001cf8cbbb000 JavaThread "main" [_thread_blocked, id=14612, stack(0x0000000192800000,0x0000000192900000)]
  0x000001cfa7062000 JavaThread "Reference Handler" daemon [_thread_blocked, id=7052, stack(0x0000000192f00000,0x0000000193000000)]
  0x000001cfa7063800 JavaThread "Finalizer" daemon [_thread_blocked, id=7296, stack(0x0000000193000000,0x0000000193100000)]
  0x000001cfa7085000 JavaThread "Signal Dispatcher" daemon [_thread_blocked, id=11560, stack(0x0000000193100000,0x0000000193200000)]
  0x000001cfa78e2800 JavaThread "Attach Listener" daemon [_thread_blocked, id=12344, stack(0x0000000193200000,0x0000000193300000)]
  0x000001cfa78e6000 JavaThread "Service Thread" daemon [_thread_blocked, id=13620, stack(0x0000000193300000,0x0000000193400000)]
  0x000001cfa78eb000 JavaThread "C2 CompilerThread0" daemon [_thread_in_native, id=4496, stack(0x0000000193400000,0x0000000193500000)]
  0x000001cfa78ec800 JavaThread "C1 CompilerThread0" daemon [_thread_blocked, id=10300, stack(0x0000000193500000,0x0000000193600000)]
  0x000001cfa7901000 JavaThread "Sweeper thread" daemon [_thread_blocked, id=2428, stack(0x0000000193600000,0x0000000193700000)]
  0x000001cfa7a7c000 JavaThread "Common-Cleaner" daemon [_thread_blocked, id=14200, stack(0x0000000193700000,0x0000000193800000)]
  0x000001cfaabbf800 JavaThread "Daemon health stats" [_thread_blocked, id=2168, stack(0x0000000193d00000,0x0000000193e00000)]
  0x000001cfaaabe800 JavaThread "Incoming local TCP Connector on port 51206" [_thread_in_native, id=13760, stack(0x0000000193900000,0x0000000193a00000)]
  0x000001cfa7c18800 JavaThread "Daemon periodic checks" [_thread_blocked, id=13788, stack(0x0000000193c00000,0x0000000193d00000)]
  0x000001cfa9f9f000 JavaThread "Daemon" [_thread_blocked, id=14992, stack(0x0000000193e00000,0x0000000193f00000)]
  0x000001cfa9c91000 JavaThread "Daemon worker" [_thread_blocked, id=5464, stack(0x0000000194100000,0x0000000194200000)]
  0x000001cfaa035000 JavaThread "Cache worker for journal cache (C:\Users\user\.gradle\caches\journal-1)" [_thread_blocked, id=13348, stack(0x0000000194a00000,0x0000000194b00000)]
  0x000001cfaa038800 JavaThread "File lock request listener" [_thread_in_native, id=6768, stack(0x0000000194c00000,0x0000000194d00000)]
  0x000001cfaa037000 JavaThread "Cache worker for file hash cache (C:\Users\user\.gradle\caches\8.0\fileHashes)" [_thread_blocked, id=1624, stack(0x0000000194d00000,0x0000000194e00000)]
  0x000001cfaa033000 JavaThread "File watcher server" daemon [_thread_blocked, id=13588, stack(0x0000000194f00000,0x0000000195000000)]
  0x000001cfaa037800 JavaThread "File watcher consumer" daemon [_thread_blocked, id=12788, stack(0x0000000195000000,0x0000000195100000)]
  0x000001cfaa036000 JavaThread "Cache worker for file content cache (C:\Users\user\.gradle\caches\8.0\fileContent)" [_thread_blocked, id=15284, stack(0x0000000195300000,0x0000000195400000)]
  0x000001cfaa92c000 JavaThread "Cache worker for execution history cache (C:\Users\user\.gradle\caches\8.0\executionHistory)" [_thread_blocked, id=3884, stack(0x0000000195600000,0x0000000195700000)]
  0x000001cfaa929800 JavaThread "jar transforms" [_thread_blocked, id=1060, stack(0x0000000195700000,0x0000000195800000)]
  0x000001cfaa92b000 JavaThread "jar transforms Thread 2" [_thread_blocked, id=13872, stack(0x0000000195900000,0x0000000195a00000)]
  0x000001cfaa934000 JavaThread "jar transforms Thread 3" [_thread_blocked, id=11804, stack(0x0000000195a00000,0x0000000195b00000)]
  0x000001cfaa933000 JavaThread "jar transforms Thread 4" [_thread_blocked, id=4528, stack(0x0000000195b00000,0x0000000195c00000)]
  0x000001cfaa92e800 JavaThread "jar transforms Thread 5" [_thread_blocked, id=2576, stack(0x0000000195d00000,0x0000000195e00000)]
  0x000001cfad017800 JavaThread "jar transforms Thread 6" [_thread_blocked, id=11932, stack(0x000000019af00000,0x000000019b000000)]
  0x000001cfad019800 JavaThread "jar transforms Thread 7" [_thread_blocked, id=15168, stack(0x000000019b000000,0x000000019b100000)]
  0x000001cfad013800 JavaThread "jar transforms Thread 8" [_thread_blocked, id=15164, stack(0x000000019b100000,0x000000019b200000)]
  0x000001cfad01b000 JavaThread "Memory manager" [_thread_blocked, id=9300, stack(0x000000019b300000,0x000000019b400000)]
  0x000001cfad01e000 JavaThread "pool-3-thread-1" [_thread_blocked, id=2000, stack(0x000000019b400000,0x000000019b500000)]
  0x000001cfaf06c800 JavaThread "pool-6-thread-1" [_thread_blocked, id=13108, stack(0x000000019bb00000,0x000000019bc00000)]
  0x000001cfaf070000 JavaThread "included builds" [_thread_blocked, id=8912, stack(0x000000019bd00000,0x000000019be00000)]
  0x000001cfaf071800 JavaThread "Handler for socket connection from /127.0.0.1:51206 to /127.0.0.1:51296" [_thread_in_native, id=3120, stack(0x0000000192500000,0x0000000192600000)]
  0x000001cfaf06c000 JavaThread "Cancel handler" [_thread_blocked, id=11504, stack(0x0000000192600000,0x0000000192700000)]
  0x000001cfaf072800 JavaThread "Asynchronous log dispatcher for DefaultDaemonConnection: socket connection from /127.0.0.1:51206 to /127.0.0.1:51296" [_thread_blocked, id=11628, stack(0x0000000192700000,0x0000000192800000)]
  0x000001cfaf073000 JavaThread "Stdin handler" [_thread_blocked, id=1180, stack(0x0000000194200000,0x0000000194300000)]
  0x000001cfaf071000 JavaThread "Daemon client event forwarder" [_thread_blocked, id=2736, stack(0x0000000194300000,0x0000000194400000)]
  0x000001cfaf06e800 JavaThread "Cache worker for checksums cache (C:\Users\user\Desktop\github_ww\WW_Client\.gradle\8.0\checksums)" [_thread_blocked, id=15316, stack(0x0000000194400000,0x0000000194500000)]
  0x000001cfaf06d800 JavaThread "Cache worker for cache directory md-rule (C:\Users\user\.gradle\caches\8.0\md-rule)" [_thread_blocked, id=6292, stack(0x0000000194e00000,0x0000000194f00000)]
  0x000001cfaf074000 JavaThread "Cache worker for file hash cache (C:\Users\user\Desktop\github_ww\WW_Client\.gradle\8.0\fileHashes)" [_thread_blocked, id=15288, stack(0x0000000195500000,0x0000000195600000)]
  0x000001cfaf075000 JavaThread "Cache worker for cache directory md-supplier (C:\Users\user\.gradle\caches\8.0\md-supplier)" [_thread_blocked, id=3644, stack(0x0000000195800000,0x0000000195900000)]
  0x000001cfaf06f000 JavaThread "Cache worker for dependencies-accessors (C:\Users\user\Desktop\github_ww\WW_Client\.gradle\8.0\dependencies-accessors)" [_thread_blocked, id=14860, stack(0x0000000195c00000,0x0000000195d00000)]
  0x000001cfaf076800 JavaThread "Cache worker for Build Output Cleanup Cache (C:\Users\user\Desktop\github_ww\WW_Client\.gradle\buildOutputCleanup)" [_thread_blocked, id=14260, stack(0x0000000195e00000,0x0000000195f00000)]
  0x000001cfaf077800 JavaThread "Unconstrained build operations" [_thread_blocked, id=2480, stack(0x0000000195f00000,0x0000000196000000)]
  0x000001cfaf078000 JavaThread "Unconstrained build operations Thread 2" [_thread_blocked, id=2348, stack(0x0000000196000000,0x0000000196100000)]
  0x000001cfaf07a800 JavaThread "Unconstrained build operations Thread 3" [_thread_blocked, id=5268, stack(0x0000000196100000,0x0000000196200000)]
  0x000001cfaf079000 JavaThread "Unconstrained build operations Thread 4" [_thread_blocked, id=8420, stack(0x0000000196200000,0x0000000196300000)]
  0x000001cfaf07a000 JavaThread "Unconstrained build operations Thread 5" [_thread_blocked, id=12576, stack(0x0000000196300000,0x0000000196400000)]
  0x000001cfaf075800 JavaThread "Unconstrained build operations Thread 6" [_thread_blocked, id=6280, stack(0x0000000196400000,0x0000000196500000)]
  0x000001cfad014800 JavaThread "Unconstrained build operations Thread 7" [_thread_blocked, id=8440, stack(0x0000000196500000,0x0000000196600000)]
  0x000001cfad017000 JavaThread "Unconstrained build operations Thread 8" [_thread_blocked, id=7172, stack(0x0000000196600000,0x0000000196700000)]
  0x000001cfad011000 JavaThread "Unconstrained build operations Thread 9" [_thread_blocked, id=8008, stack(0x0000000196700000,0x0000000196800000)]
  0x000001cfad015000 JavaThread "Unconstrained build operations Thread 10" [_thread_blocked, id=5668, stack(0x0000000196800000,0x0000000196900000)]
  0x000001cfad016000 JavaThread "Unconstrained build operations Thread 11" [_thread_blocked, id=8620, stack(0x0000000196900000,0x0000000196a00000)]
  0x000001cfad012000 JavaThread "Unconstrained build operations Thread 12" [_thread_blocked, id=2112, stack(0x0000000196a00000,0x0000000196b00000)]
  0x000001cfad013000 JavaThread "Unconstrained build operations Thread 13" [_thread_blocked, id=6564, stack(0x0000000196b00000,0x0000000196c00000)]
  0x000001cfad01d800 JavaThread "Unconstrained build operations Thread 14" [_thread_blocked, id=9196, stack(0x0000000196c00000,0x0000000196d00000)]
  0x000001cfad01c000 JavaThread "Unconstrained build operations Thread 15" [_thread_blocked, id=13672, stack(0x0000000196d00000,0x0000000196e00000)]
  0x000001cfad018800 JavaThread "Unconstrained build operations Thread 16" [_thread_blocked, id=2336, stack(0x0000000196e00000,0x0000000196f00000)]
  0x000001cfad01f000 JavaThread "Unconstrained build operations Thread 17" [_thread_blocked, id=12428, stack(0x0000000196f00000,0x0000000197000000)]
  0x000001cfad020000 JavaThread "Unconstrained build operations Thread 18" [_thread_blocked, id=1796, stack(0x0000000197000000,0x0000000197100000)]
  0x000001cfaa92a000 JavaThread "Unconstrained build operations Thread 19" [_thread_blocked, id=9448, stack(0x0000000197100000,0x0000000197200000)]
  0x000001cfaa935000 JavaThread "Unconstrained build operations Thread 20" [_thread_blocked, id=11564, stack(0x0000000197200000,0x0000000197300000)]
  0x000001cfaa92f000 JavaThread "Unconstrained build operations Thread 21" [_thread_blocked, id=7744, stack(0x0000000197300000,0x0000000197400000)]
  0x000001cfaa935800 JavaThread "Unconstrained build operations Thread 22" [_thread_blocked, id=12700, stack(0x0000000197400000,0x0000000197500000)]
  0x000001cfaa931800 JavaThread "Unconstrained build operations Thread 23" [_thread_blocked, id=8768, stack(0x0000000197500000,0x0000000197600000)]
  0x000001cfaa932800 JavaThread "Unconstrained build operations Thread 24" [_thread_blocked, id=5820, stack(0x0000000197600000,0x0000000197700000)]
  0x000001cfaa936800 JavaThread "Unconstrained build operations Thread 25" [_thread_blocked, id=5380, stack(0x0000000197700000,0x0000000197800000)]
  0x000001cfaa930800 JavaThread "Unconstrained build operations Thread 26" [_thread_blocked, id=3088, stack(0x0000000197800000,0x0000000197900000)]
  0x000001cfaa937000 JavaThread "Unconstrained build operations Thread 27" [_thread_blocked, id=15196, stack(0x0000000197900000,0x0000000197a00000)]
  0x000001cfaa938000 JavaThread "Unconstrained build operations Thread 28" [_thread_blocked, id=15128, stack(0x0000000197a00000,0x0000000197b00000)]
  0x000001cfaa039800 JavaThread "Unconstrained build operations Thread 29" [_thread_blocked, id=6908, stack(0x0000000197b00000,0x0000000197c00000)]
  0x000001cfaa033800 JavaThread "Unconstrained build operations Thread 30" [_thread_blocked, id=6168, stack(0x0000000197c00000,0x0000000197d00000)]
  0x000001cfaa034800 JavaThread "Unconstrained build operations Thread 31" [_thread_blocked, id=15256, stack(0x0000000197d00000,0x0000000197e00000)]
  0x000001cfab6fa800 JavaThread "Unconstrained build operations Thread 32" [_thread_blocked, id=6880, stack(0x0000000197e00000,0x0000000197f00000)]
  0x000001cfab6fb000 JavaThread "Unconstrained build operations Thread 33" [_thread_blocked, id=13684, stack(0x0000000197f00000,0x0000000198000000)]
  0x000001cfab6fc000 JavaThread "Unconstrained build operations Thread 34" [_thread_blocked, id=11840, stack(0x0000000198000000,0x0000000198100000)]
  0x000001cfab6fd000 JavaThread "Unconstrained build operations Thread 35" [_thread_blocked, id=14052, stack(0x0000000198100000,0x0000000198200000)]
  0x000001cfab6f8800 JavaThread "Unconstrained build operations Thread 36" [_thread_blocked, id=12988, stack(0x0000000198200000,0x0000000198300000)]
  0x000001cfab6fe800 JavaThread "Unconstrained build operations Thread 37" [_thread_blocked, id=1276, stack(0x0000000198300000,0x0000000198400000)]
  0x000001cfab6fd800 JavaThread "Unconstrained build operations Thread 38" [_thread_blocked, id=12372, stack(0x0000000198400000,0x0000000198500000)]
  0x000001cfab6ff800 JavaThread "Unconstrained build operations Thread 39" [_thread_blocked, id=12892, stack(0x0000000198500000,0x0000000198600000)]
  0x000001cfab6f9800 JavaThread "Unconstrained build operations Thread 40" [_thread_blocked, id=6156, stack(0x0000000198600000,0x0000000198700000)]
  0x000001cfab701800 JavaThread "Unconstrained build operations Thread 41" [_thread_blocked, id=2768, stack(0x0000000198700000,0x0000000198800000)]
  0x000001cfab702800 JavaThread "Unconstrained build operations Thread 42" [_thread_blocked, id=3568, stack(0x0000000198800000,0x0000000198900000)]
  0x000001cfab701000 JavaThread "Unconstrained build operations Thread 43" [_thread_blocked, id=14732, stack(0x0000000198900000,0x0000000198a00000)]
  0x000001cfab704000 JavaThread "Unconstrained build operations Thread 44" [_thread_blocked, id=4844, stack(0x0000000198a00000,0x0000000198b00000)]
  0x000001cfab703800 JavaThread "Unconstrained build operations Thread 45" [_thread_blocked, id=8392, stack(0x0000000198b00000,0x0000000198c00000)]
  0x000001cfab700000 JavaThread "Unconstrained build operations Thread 46" [_thread_blocked, id=2540, stack(0x0000000198c00000,0x0000000198d00000)]
  0x000001cfab705000 JavaThread "Unconstrained build operations Thread 47" [_thread_blocked, id=9192, stack(0x0000000198d00000,0x0000000198e00000)]
  0x000001cfab707800 JavaThread "Unconstrained build operations Thread 48" [_thread_blocked, id=15124, stack(0x0000000198e00000,0x0000000198f00000)]
  0x000001cfab706000 JavaThread "Unconstrained build operations Thread 49" [_thread_blocked, id=13484, stack(0x0000000198f00000,0x0000000199000000)]
  0x000001cfab706800 JavaThread "Unconstrained build operations Thread 50" [_thread_blocked, id=6720, stack(0x0000000199000000,0x0000000199100000)]
  0x000001cfb2fcb800 JavaThread "Unconstrained build operations Thread 51" [_thread_blocked, id=7772, stack(0x0000000199100000,0x0000000199200000)]
  0x000001cfb2fcc000 JavaThread "Unconstrained build operations Thread 52" [_thread_blocked, id=15312, stack(0x0000000199200000,0x0000000199300000)]
  0x000001cfb2fce000 JavaThread "Unconstrained build operations Thread 53" [_thread_blocked, id=14908, stack(0x0000000199300000,0x0000000199400000)]
  0x000001cfb2fcd000 JavaThread "Unconstrained build operations Thread 54" [_thread_blocked, id=3312, stack(0x0000000199400000,0x0000000199500000)]
  0x000001cfb2fc8000 JavaThread "Unconstrained build operations Thread 55" [_thread_blocked, id=10068, stack(0x0000000199500000,0x0000000199600000)]
  0x000001cfb2fc9000 JavaThread "Unconstrained build operations Thread 56" [_thread_blocked, id=15068, stack(0x0000000199600000,0x0000000199700000)]
  0x000001cfb2fce800 JavaThread "Unconstrained build operations Thread 57" [_thread_blocked, id=7216, stack(0x0000000199700000,0x0000000199800000)]
  0x000001cfb2fca000 JavaThread "Unconstrained build operations Thread 58" [_thread_blocked, id=1564, stack(0x0000000199800000,0x0000000199900000)]
  0x000001cfb2fcf800 JavaThread "Unconstrained build operations Thread 59" [_thread_blocked, id=14352, stack(0x0000000199900000,0x0000000199a00000)]
  0x000001cfb2fd0800 JavaThread "Unconstrained build operations Thread 60" [_thread_blocked, id=6192, stack(0x0000000199a00000,0x0000000199b00000)]
  0x000001cfb2fca800 JavaThread "Unconstrained build operations Thread 61" [_thread_blocked, id=12360, stack(0x0000000199b00000,0x0000000199c00000)]
  0x000001cfb2fd3800 JavaThread "Unconstrained build operations Thread 62" [_thread_blocked, id=14952, stack(0x0000000199c00000,0x0000000199d00000)]
  0x000001cfb2fd5000 JavaThread "Unconstrained build operations Thread 63" [_thread_blocked, id=15052, stack(0x0000000199d00000,0x0000000199e00000)]
  0x000001cfb2fd2000 JavaThread "Unconstrained build operations Thread 64" [_thread_blocked, id=9504, stack(0x0000000199e00000,0x0000000199f00000)]
  0x000001cfb2fd6000 JavaThread "Unconstrained build operations Thread 65" [_thread_blocked, id=14552, stack(0x0000000199f00000,0x000000019a000000)]
  0x000001cfb2fd7000 JavaThread "Unconstrained build operations Thread 66" [_thread_blocked, id=14684, stack(0x000000019a000000,0x000000019a100000)]
  0x000001cfb2fd4800 JavaThread "Unconstrained build operations Thread 67" [_thread_blocked, id=6112, stack(0x000000019a100000,0x000000019a200000)]
  0x000001cfb2fd1000 JavaThread "Unconstrained build operations Thread 68" [_thread_blocked, id=4352, stack(0x000000019a200000,0x000000019a300000)]
  0x000001cfb2fd3000 JavaThread "Unconstrained build operations Thread 69" [_thread_blocked, id=2668, stack(0x000000019a300000,0x000000019a400000)]
  0x000001cfb3075800 JavaThread "Unconstrained build operations Thread 70" [_thread_blocked, id=10520, stack(0x000000019a400000,0x000000019a500000)]
  0x000001cfb3077000 JavaThread "Unconstrained build operations Thread 71" [_thread_blocked, id=5916, stack(0x000000019a500000,0x000000019a600000)]
  0x000001cfb3072000 JavaThread "Unconstrained build operations Thread 72" [_thread_blocked, id=14804, stack(0x000000019a600000,0x000000019a700000)]
  0x000001cfb3073800 JavaThread "Unconstrained build operations Thread 73" [_thread_blocked, id=14896, stack(0x000000019a700000,0x000000019a800000)]
  0x000001cfb3076000 JavaThread "Unconstrained build operations Thread 74" [_thread_blocked, id=13240, stack(0x000000019a800000,0x000000019a900000)]
  0x000001cfb3074800 JavaThread "Unconstrained build operations Thread 75" [_thread_blocked, id=15084, stack(0x000000019a900000,0x000000019aa00000)]
  0x000001cfb3071800 JavaThread "Unconstrained build operations Thread 76" [_thread_blocked, id=14708, stack(0x000000019aa00000,0x000000019ab00000)]
  0x000001cfb3078000 JavaThread "Unconstrained build operations Thread 77" [_thread_blocked, id=14892, stack(0x000000019ab00000,0x000000019ac00000)]
  0x000001cfb3078800 JavaThread "Unconstrained build operations Thread 78" [_thread_blocked, id=14812, stack(0x000000019ac00000,0x000000019ad00000)]
  0x000001cfb3073000 JavaThread "Unconstrained build operations Thread 79" [_thread_blocked, id=2132, stack(0x000000019ad00000,0x000000019ae00000)]
  0x000001cfb307c000 JavaThread "Unconstrained build operations Thread 80" [_thread_blocked, id=2880, stack(0x000000019ae00000,0x000000019af00000)]
  0x000001cfb307c800 JavaThread "build event listener" [_thread_blocked, id=13772, stack(0x000000019b200000,0x000000019b300000)]
  0x000001cfb307b000 JavaThread "pool-9-thread-1" [_thread_blocked, id=6528, stack(0x000000019b500000,0x000000019b600000)]
  0x000001cfb307f000 JavaThread "build event listener" [_thread_blocked, id=13668, stack(0x000000019b600000,0x000000019b700000)]
  0x000001cfb3079800 JavaThread "included builds" [_thread_blocked, id=9412, stack(0x000000019b700000,0x000000019b800000)]
  0x000001cfb307a800 JavaThread "Execution worker" [_thread_blocked, id=2612, stack(0x000000019b800000,0x000000019b900000)]
  0x000001cfb3080000 JavaThread "Execution worker Thread 2" [_thread_blocked, id=2732, stack(0x000000019b900000,0x000000019ba00000)]
  0x000001cfb307e800 JavaThread "Execution worker Thread 3" [_thread_blocked, id=14720, stack(0x000000019ba00000,0x000000019bb00000)]
  0x000001cfb307d800 JavaThread "Execution worker Thread 4" [_thread_blocked, id=980, stack(0x000000019bc00000,0x000000019bd00000)]
  0x000001cfaed20000 JavaThread "Execution worker Thread 5" [_thread_blocked, id=14584, stack(0x000000019be00000,0x000000019bf00000)]
  0x000001cfaed21800 JavaThread "Execution worker Thread 6" [_thread_blocked, id=10868, stack(0x000000019bf00000,0x000000019c000000)]
  0x000001cfaed20800 JavaThread "Execution worker Thread 7" [_thread_blocked, id=14620, stack(0x000000019c000000,0x000000019c100000)]
  0x000001cfaed1b800 JavaThread "Cache worker for execution history cache (C:\Users\user\Desktop\github_ww\WW_Client\.gradle\8.0\executionHistory)" [_thread_blocked, id=6512, stack(0x000000019c100000,0x000000019c200000)]

Other Threads:
=>0x000001cfa705e800 VMThread "VM Thread" [stack: 0x0000000192e00000,0x0000000192f00000] [id=2592] _threads_hazard_ptr=0x000001cfb0c39950
  0x000001cfa7a9e800 WatcherThread [stack: 0x0000000193800000,0x0000000193900000] [id=14360]
  0x000001cf8cbd7000 GCTaskThread "GC Thread#0" [stack: 0x0000000192900000,0x0000000192a00000] [id=8]
  0x000001cfa86bb800 GCTaskThread "GC Thread#1" [stack: 0x0000000193a00000,0x0000000193b00000] [id=7984]
  0x000001cfa8568800 GCTaskThread "GC Thread#2" [stack: 0x0000000193b00000,0x0000000193c00000] [id=12464]
  0x000001cfa99b6000 GCTaskThread "GC Thread#3" [stack: 0x0000000194500000,0x0000000194600000] [id=15272]
  0x000001cfa9b85800 GCTaskThread "GC Thread#4" [stack: 0x0000000194600000,0x0000000194700000] [id=3764]
  0x000001cfa92d6800 GCTaskThread "GC Thread#5" [stack: 0x0000000194700000,0x0000000194800000] [id=11016]
  0x000001cfa9f29800 GCTaskThread "GC Thread#6" [stack: 0x0000000194800000,0x0000000194900000] [id=6864]
  0x000001cfa9ab5800 GCTaskThread "GC Thread#7" [stack: 0x0000000194900000,0x0000000194a00000] [id=7176]
  0x000001cf8cc08800 ConcurrentGCThread "G1 Main Marker" [stack: 0x0000000192a00000,0x0000000192b00000] [id=3092]
  0x000001cf8cc0a800 ConcurrentGCThread "G1 Conc#0" [stack: 0x0000000192b00000,0x0000000192c00000] [id=10268]
  0x000001cfa9264800 ConcurrentGCThread "G1 Conc#1" [stack: 0x0000000194b00000,0x0000000194c00000] [id=13808]
  0x000001cf8cc8c800 ConcurrentGCThread "G1 Refine#0" [stack: 0x0000000192c00000,0x0000000192d00000] [id=11540]
  0x000001cfb2f74000 ConcurrentGCThread "G1 Refine#1" [stack: 0x0000000195100000,0x0000000195200000] [id=13088]
  0x000001cfad239800 ConcurrentGCThread "G1 Refine#2" [stack: 0x0000000195200000,0x0000000195300000] [id=13172]
  0x000001cfb2bf4800 ConcurrentGCThread "G1 Refine#3" [stack: 0x0000000195400000,0x0000000195500000] [id=14828]
  0x000001cfa6eb2800 ConcurrentGCThread "G1 Young RemSet Sampling" [stack: 0x0000000192d00000,0x0000000192e00000] [id=15356]

Threads with active compile tasks:
C2 CompilerThread0   110485 14998       4       org.gradle.api.internal.artifacts.ModuleComponentSelectorSerializer::read (50 bytes)

VM state:at safepoint (normal execution)

VM Mutex/Monitor currently owned by a thread:  ([mutex/lock_event])
[0x000001cf8cbb8540] Threads_lock - owner thread: 0x000001cfa705e800

Heap address: 0x0000000080000000, size: 2048 MB, Compressed Oops mode: 32-bit
Narrow klass base: 0x0000000000000000, Narrow klass shift: 3
Compressed class space size: 1073741824 Address: 0x0000000100000000

Heap:
 garbage-first heap   total 270336K, used 152679K [0x0000000080000000, 0x0000000100000000)
  region size 1024K, 22 young (22528K), 10 survivors (10240K)
 Metaspace       used 104485K, capacity 107337K, committed 107472K, reserved 1142784K
  class space    used 13100K, capacity 14157K, committed 14188K, reserved 1048576K
Heap Regions: E=young(eden), S=young(survivor), O=old, HS=humongous(starts), HC=humongous(continues), CS=collection set, F=free, A=archive, TAMS=top-at-mark-start (previous, next)
|   0|0x0000000080000000, 0x0000000080100000, 0x0000000080100000|100%|HS|  |TAMS 0x0000000080100000, 0x0000000080000000| Complete 
|   1|0x0000000080100000, 0x0000000080200000, 0x0000000080200000|100%|HC|  |TAMS 0x0000000080200000, 0x0000000080100000| Complete 
|   2|0x0000000080200000, 0x0000000080300000, 0x0000000080300000|100%|HC|  |TAMS 0x0000000080300000, 0x0000000080200000| Complete 
|   3|0x0000000080300000, 0x0000000080400000, 0x0000000080400000|100%|HC|  |TAMS 0x0000000080400000, 0x0000000080300000| Complete 
|   4|0x0000000080400000, 0x0000000080500000, 0x0000000080500000|100%| O|  |TAMS 0x0000000080500000, 0x0000000080400000| Untracked 
|   5|0x0000000080500000, 0x0000000080600000, 0x0000000080600000|100%| O|  |TAMS 0x0000000080600000, 0x0000000080500000| Untracked 
|   6|0x0000000080600000, 0x0000000080700000, 0x0000000080700000|100%| O|  |TAMS 0x0000000080700000, 0x0000000080600000| Untracked 
|   7|0x0000000080700000, 0x0000000080800000, 0x0000000080800000|100%| O|  |TAMS 0x0000000080800000, 0x0000000080700000| Untracked 
|   8|0x0000000080800000, 0x0000000080900000, 0x0000000080900000|100%| O|  |TAMS 0x0000000080900000, 0x0000000080800000| Untracked 
|   9|0x0000000080900000, 0x0000000080a00000, 0x0000000080a00000|100%| O|  |TAMS 0x0000000080a00000, 0x0000000080900000| Untracked 
|  10|0x0000000080a00000, 0x0000000080b00000, 0x0000000080b00000|100%| O|  |TAMS 0x0000000080b00000, 0x0000000080a00000| Untracked 
|  11|0x0000000080b00000, 0x0000000080c00000, 0x0000000080c00000|100%| O|  |TAMS 0x0000000080c00000, 0x0000000080b00000| Untracked 
|  12|0x0000000080c00000, 0x0000000080d00000, 0x0000000080d00000|100%| O|  |TAMS 0x0000000080d00000, 0x0000000080c00000| Untracked 
|  13|0x0000000080d00000, 0x0000000080e00000, 0x0000000080e00000|100%| O|  |TAMS 0x0000000080e00000, 0x0000000080d00000| Untracked 
|  14|0x0000000080e00000, 0x0000000080f00000, 0x0000000080f00000|100%| O|  |TAMS 0x0000000080f00000, 0x0000000080e00000| Untracked 
|  15|0x0000000080f00000, 0x0000000081000000, 0x0000000081000000|100%| O|  |TAMS 0x0000000081000000, 0x0000000080f00000| Untracked 
|  16|0x0000000081000000, 0x0000000081100000, 0x0000000081100000|100%| O|  |TAMS 0x0000000081100000, 0x0000000081000000| Untracked 
|  17|0x0000000081100000, 0x0000000081200000, 0x0000000081200000|100%|HS|  |TAMS 0x0000000081200000, 0x0000000081100000| Complete 
|  18|0x0000000081200000, 0x0000000081300000, 0x0000000081300000|100%| O|  |TAMS 0x0000000081300000, 0x0000000081200000| Untracked 
|  19|0x0000000081300000, 0x0000000081400000, 0x0000000081400000|100%| O|  |TAMS 0x0000000081400000, 0x0000000081300000| Untracked 
|  20|0x0000000081400000, 0x0000000081500000, 0x0000000081500000|100%| O|  |TAMS 0x0000000081500000, 0x0000000081400000| Untracked 
|  21|0x0000000081500000, 0x0000000081600000, 0x0000000081600000|100%| O|  |TAMS 0x0000000081600000, 0x0000000081500000| Untracked 
|  22|0x0000000081600000, 0x0000000081700000, 0x0000000081700000|100%| O|  |TAMS 0x0000000081700000, 0x0000000081600000| Untracked 
|  23|0x0000000081700000, 0x0000000081800000, 0x0000000081800000|100%| O|  |TAMS 0x0000000081800000, 0x0000000081700000| Untracked 
|  24|0x0000000081800000, 0x0000000081900000, 0x0000000081900000|100%| O|  |TAMS 0x0000000081900000, 0x0000000081800000| Untracked 
|  25|0x0000000081900000, 0x0000000081a00000, 0x0000000081a00000|100%| O|  |TAMS 0x0000000081a00000, 0x0000000081900000| Untracked 
|  26|0x0000000081a00000, 0x0000000081b00000, 0x0000000081b00000|100%| O|  |TAMS 0x0000000081b00000, 0x0000000081a00000| Untracked 
|  27|0x0000000081b00000, 0x0000000081c00000, 0x0000000081c00000|100%| O|  |TAMS 0x0000000081c00000, 0x0000000081b00000| Untracked 
|  28|0x0000000081c00000, 0x0000000081d00000, 0x0000000081d00000|100%| O|  |TAMS 0x0000000081d00000, 0x0000000081c00000| Untracked 
|  29|0x0000000081d00000, 0x0000000081e00000, 0x0000000081e00000|100%| O|  |TAMS 0x0000000081e00000, 0x0000000081d00000| Untracked 
|  30|0x0000000081e00000, 0x0000000081f00000, 0x0000000081f00000|100%|HS|  |TAMS 0x0000000081f00000, 0x0000000081e00000| Complete 
|  31|0x0000000081f00000, 0x0000000082000000, 0x0000000082000000|100%|HS|  |TAMS 0x0000000082000000, 0x0000000081f00000| Complete 
|  32|0x0000000082000000, 0x0000000082100000, 0x0000000082100000|100%|HC|  |TAMS 0x0000000082100000, 0x0000000082000000| Complete 
|  33|0x0000000082100000, 0x0000000082200000, 0x0000000082200000|100%|HS|  |TAMS 0x0000000082200000, 0x0000000082100000| Complete 
|  34|0x0000000082200000, 0x0000000082300000, 0x0000000082300000|100%|HC|  |TAMS 0x0000000082300000, 0x0000000082200000| Complete 
|  35|0x0000000082300000, 0x0000000082400000, 0x0000000082400000|100%|HC|  |TAMS 0x0000000082400000, 0x0000000082300000| Complete 
|  36|0x0000000082400000, 0x0000000082500000, 0x0000000082500000|100%|HC|  |TAMS 0x0000000082500000, 0x0000000082400000| Complete 
|  37|0x0000000082500000, 0x0000000082600000, 0x0000000082600000|100%| O|  |TAMS 0x0000000082600000, 0x0000000082500000| Untracked 
|  38|0x0000000082600000, 0x0000000082700000, 0x0000000082700000|100%| O|  |TAMS 0x0000000082700000, 0x0000000082600000| Untracked 
|  39|0x0000000082700000, 0x0000000082800000, 0x0000000082800000|100%| O|  |TAMS 0x0000000082800000, 0x0000000082700000| Untracked 
|  40|0x0000000082800000, 0x0000000082900000, 0x0000000082900000|100%| O|  |TAMS 0x0000000082900000, 0x0000000082800000| Untracked 
|  41|0x0000000082900000, 0x0000000082a00000, 0x0000000082a00000|100%| O|  |TAMS 0x0000000082a00000, 0x0000000082900000| Untracked 
|  42|0x0000000082a00000, 0x0000000082b00000, 0x0000000082b00000|100%| O|  |TAMS 0x0000000082b00000, 0x0000000082a00000| Untracked 
|  43|0x0000000082b00000, 0x0000000082c00000, 0x0000000082c00000|100%| O|  |TAMS 0x0000000082c00000, 0x0000000082b00000| Untracked 
|  44|0x0000000082c00000, 0x0000000082d00000, 0x0000000082d00000|100%| O|  |TAMS 0x0000000082d00000, 0x0000000082c00000| Untracked 
|  45|0x0000000082d00000, 0x0000000082e00000, 0x0000000082e00000|100%| O|  |TAMS 0x0000000082e00000, 0x0000000082d00000| Untracked 
|  46|0x0000000082e00000, 0x0000000082f00000, 0x0000000082f00000|100%| O|  |TAMS 0x0000000082f00000, 0x0000000082e00000| Untracked 
|  47|0x0000000082f00000, 0x0000000083000000, 0x0000000083000000|100%| O|  |TAMS 0x0000000083000000, 0x0000000082f00000| Untracked 
|  48|0x0000000083000000, 0x0000000083100000, 0x0000000083100000|100%| O|  |TAMS 0x0000000083100000, 0x0000000083000000| Untracked 
|  49|0x0000000083100000, 0x0000000083200000, 0x0000000083200000|100%| O|  |TAMS 0x0000000083200000, 0x0000000083100000| Untracked 
|  50|0x0000000083200000, 0x0000000083300000, 0x0000000083300000|100%| O|  |TAMS 0x0000000083300000, 0x0000000083200000| Untracked 
|  51|0x0000000083300000, 0x0000000083400000, 0x0000000083400000|100%| O|  |TAMS 0x0000000083400000, 0x0000000083300000| Untracked 
|  52|0x0000000083400000, 0x0000000083500000, 0x0000000083500000|100%| O|  |TAMS 0x0000000083500000, 0x0000000083400000| Untracked 
|  53|0x0000000083500000, 0x0000000083600000, 0x0000000083600000|100%| O|  |TAMS 0x0000000083600000, 0x0000000083500000| Untracked 
|  54|0x0000000083600000, 0x0000000083700000, 0x0000000083700000|100%| O|  |TAMS 0x0000000083700000, 0x0000000083600000| Untracked 
|  55|0x0000000083700000, 0x0000000083800000, 0x0000000083800000|100%| O|  |TAMS 0x0000000083800000, 0x0000000083700000| Untracked 
|  56|0x0000000083800000, 0x0000000083900000, 0x0000000083900000|100%| O|  |TAMS 0x0000000083900000, 0x0000000083800000| Untracked 
|  57|0x0000000083900000, 0x0000000083a00000, 0x0000000083a00000|100%| O|  |TAMS 0x0000000083a00000, 0x0000000083900000| Untracked 
|  58|0x0000000083a00000, 0x0000000083b00000, 0x0000000083b00000|100%| O|  |TAMS 0x0000000083b00000, 0x0000000083a00000| Untracked 
|  59|0x0000000083b00000, 0x0000000083c00000, 0x0000000083c00000|100%| O|  |TAMS 0x0000000083c00000, 0x0000000083b00000| Untracked 
|  60|0x0000000083c00000, 0x0000000083d00000, 0x0000000083d00000|100%| O|  |TAMS 0x0000000083d00000, 0x0000000083c00000| Untracked 
|  61|0x0000000083d00000, 0x0000000083e00000, 0x0000000083e00000|100%| O|  |TAMS 0x0000000083e00000, 0x0000000083d00000| Untracked 
|  62|0x0000000083e00000, 0x0000000083f00000, 0x0000000083f00000|100%| O|  |TAMS 0x0000000083f00000, 0x0000000083e00000| Untracked 
|  63|0x0000000083f00000, 0x0000000084000000, 0x0000000084000000|100%| O|  |TAMS 0x0000000084000000, 0x0000000083f00000| Untracked 
|  64|0x0000000084000000, 0x0000000084100000, 0x0000000084100000|100%| O|  |TAMS 0x0000000084100000, 0x0000000084000000| Untracked 
|  65|0x0000000084100000, 0x0000000084200000, 0x0000000084200000|100%| O|  |TAMS 0x0000000084200000, 0x0000000084100000| Untracked 
|  66|0x0000000084200000, 0x0000000084300000, 0x0000000084300000|100%| O|  |TAMS 0x0000000084300000, 0x0000000084200000| Untracked 
|  67|0x0000000084300000, 0x0000000084400000, 0x0000000084400000|100%| O|  |TAMS 0x0000000084400000, 0x0000000084300000| Untracked 
|  68|0x0000000084400000, 0x0000000084500000, 0x0000000084500000|100%| O|  |TAMS 0x0000000084500000, 0x0000000084400000| Untracked 
|  69|0x0000000084500000, 0x0000000084600000, 0x0000000084600000|100%| O|  |TAMS 0x0000000084600000, 0x0000000084500000| Untracked 
|  70|0x0000000084600000, 0x0000000084700000, 0x0000000084700000|100%| O|  |TAMS 0x0000000084700000, 0x0000000084600000| Untracked 
|  71|0x0000000084700000, 0x0000000084800000, 0x0000000084800000|100%| O|  |TAMS 0x0000000084800000, 0x0000000084700000| Untracked 
|  72|0x0000000084800000, 0x0000000084900000, 0x0000000084900000|100%| O|  |TAMS 0x0000000084900000, 0x0000000084800000| Untracked 
|  73|0x0000000084900000, 0x0000000084a00000, 0x0000000084a00000|100%| O|  |TAMS 0x0000000084a00000, 0x0000000084900000| Untracked 
|  74|0x0000000084a00000, 0x0000000084b00000, 0x0000000084b00000|100%| O|  |TAMS 0x0000000084b00000, 0x0000000084a00000| Untracked 
|  75|0x0000000084b00000, 0x0000000084c00000, 0x0000000084c00000|100%| O|  |TAMS 0x0000000084c00000, 0x0000000084b00000| Untracked 
|  76|0x0000000084c00000, 0x0000000084d00000, 0x0000000084d00000|100%| O|  |TAMS 0x0000000084d00000, 0x0000000084c00000| Untracked 
|  77|0x0000000084d00000, 0x0000000084e00000, 0x0000000084e00000|100%| O|  |TAMS 0x0000000084e00000, 0x0000000084d00000| Untracked 
|  78|0x0000000084e00000, 0x0000000084f00000, 0x0000000084f00000|100%| O|  |TAMS 0x0000000084f00000, 0x0000000084e00000| Untracked 
|  79|0x0000000084f00000, 0x0000000085000000, 0x0000000085000000|100%| O|  |TAMS 0x0000000085000000, 0x0000000084f00000| Untracked 
|  80|0x0000000085000000, 0x0000000085100000, 0x0000000085100000|100%| O|  |TAMS 0x0000000085100000, 0x0000000085000000| Untracked 
|  81|0x0000000085100000, 0x0000000085200000, 0x0000000085200000|100%| O|  |TAMS 0x0000000085200000, 0x0000000085100000| Untracked 
|  82|0x0000000085200000, 0x0000000085300000, 0x0000000085300000|100%| O|  |TAMS 0x0000000085300000, 0x0000000085200000| Untracked 
|  83|0x0000000085300000, 0x0000000085400000, 0x0000000085400000|100%| O|  |TAMS 0x0000000085400000, 0x0000000085300000| Untracked 
|  84|0x0000000085400000, 0x0000000085500000, 0x0000000085500000|100%| O|  |TAMS 0x0000000085500000, 0x0000000085400000| Untracked 
|  85|0x0000000085500000, 0x0000000085600000, 0x0000000085600000|100%| O|  |TAMS 0x0000000085600000, 0x0000000085500000| Untracked 
|  86|0x0000000085600000, 0x0000000085700000, 0x0000000085700000|100%| O|  |TAMS 0x0000000085700000, 0x0000000085600000| Untracked 
|  87|0x0000000085700000, 0x0000000085800000, 0x0000000085800000|100%| O|  |TAMS 0x0000000085800000, 0x0000000085700000| Untracked 
|  88|0x0000000085800000, 0x0000000085900000, 0x0000000085900000|100%| O|  |TAMS 0x0000000085900000, 0x0000000085800000| Untracked 
|  89|0x0000000085900000, 0x0000000085a00000, 0x0000000085a00000|100%| O|  |TAMS 0x0000000085a00000, 0x0000000085900000| Untracked 
|  90|0x0000000085a00000, 0x0000000085b00000, 0x0000000085b00000|100%| O|  |TAMS 0x0000000085b00000, 0x0000000085a00000| Untracked 
|  91|0x0000000085b00000, 0x0000000085c00000, 0x0000000085c00000|100%| O|  |TAMS 0x0000000085c00000, 0x0000000085b00000| Untracked 
|  92|0x0000000085c00000, 0x0000000085d00000, 0x0000000085d00000|100%| O|  |TAMS 0x0000000085d00000, 0x0000000085c00000| Untracked 
|  93|0x0000000085d00000, 0x0000000085e00000, 0x0000000085e00000|100%| O|  |TAMS 0x0000000085e00000, 0x0000000085d00000| Untracked 
|  94|0x0000000085e00000, 0x0000000085f00000, 0x0000000085f00000|100%| O|  |TAMS 0x0000000085f00000, 0x0000000085e00000| Untracked 
|  95|0x0000000085f00000, 0x0000000086000000, 0x0000000086000000|100%| O|  |TAMS 0x0000000086000000, 0x0000000085f00000| Untracked 
|  96|0x0000000086000000, 0x0000000086100000, 0x0000000086100000|100%| O|  |TAMS 0x0000000086100000, 0x0000000086000000| Untracked 
|  97|0x0000000086100000, 0x0000000086200000, 0x0000000086200000|100%| O|  |TAMS 0x0000000086200000, 0x0000000086100000| Untracked 
|  98|0x0000000086200000, 0x0000000086300000, 0x0000000086300000|100%| O|  |TAMS 0x0000000086300000, 0x0000000086200000| Untracked 
|  99|0x0000000086300000, 0x0000000086400000, 0x0000000086400000|100%| O|  |TAMS 0x0000000086400000, 0x0000000086300000| Untracked 
| 100|0x0000000086400000, 0x0000000086500000, 0x0000000086500000|100%| O|  |TAMS 0x0000000086500000, 0x0000000086400000| Untracked 
| 101|0x0000000086500000, 0x0000000086600000, 0x0000000086600000|100%| O|  |TAMS 0x0000000086600000, 0x0000000086500000| Untracked 
| 102|0x0000000086600000, 0x0000000086700000, 0x0000000086700000|100%| O|  |TAMS 0x0000000086700000, 0x0000000086600000| Untracked 
| 103|0x0000000086700000, 0x0000000086800000, 0x0000000086800000|100%| O|  |TAMS 0x0000000086800000, 0x0000000086700000| Untracked 
| 104|0x0000000086800000, 0x0000000086900000, 0x0000000086900000|100%| O|  |TAMS 0x0000000086900000, 0x0000000086800000| Untracked 
| 105|0x0000000086900000, 0x0000000086a00000, 0x0000000086a00000|100%| O|  |TAMS 0x0000000086a00000, 0x0000000086900000| Untracked 
| 106|0x0000000086a00000, 0x0000000086b00000, 0x0000000086b00000|100%| O|  |TAMS 0x0000000086b00000, 0x0000000086a00000| Untracked 
| 107|0x0000000086b00000, 0x0000000086c00000, 0x0000000086c00000|100%| O|  |TAMS 0x0000000086c00000, 0x0000000086b00000| Untracked 
| 108|0x0000000086c00000, 0x0000000086d00000, 0x0000000086d00000|100%| O|  |TAMS 0x0000000086d00000, 0x0000000086c00000| Untracked 
| 109|0x0000000086d00000, 0x0000000086e00000, 0x0000000086e00000|100%| O|  |TAMS 0x0000000086d76e00, 0x0000000086d00000| Untracked 
| 110|0x0000000086e00000, 0x0000000086f00000, 0x0000000086f00000|100%| O|  |TAMS 0x0000000086e00000, 0x0000000086e00000| Untracked 
| 111|0x0000000086f00000, 0x0000000087000000, 0x0000000087000000|100%| O|  |TAMS 0x0000000086f00000, 0x0000000086f00000| Untracked 
| 112|0x0000000087000000, 0x0000000087100000, 0x0000000087100000|100%| O|  |TAMS 0x0000000087000000, 0x0000000087000000| Untracked 
| 113|0x0000000087100000, 0x0000000087200000, 0x0000000087200000|100%| O|  |TAMS 0x0000000087100000, 0x0000000087100000| Untracked 
| 114|0x0000000087200000, 0x0000000087300000, 0x0000000087300000|100%| O|  |TAMS 0x0000000087200000, 0x0000000087200000| Untracked 
| 115|0x0000000087300000, 0x0000000087400000, 0x0000000087400000|100%| O|  |TAMS 0x0000000087300000, 0x0000000087300000| Untracked 
| 116|0x0000000087400000, 0x0000000087500000, 0x0000000087500000|100%| O|  |TAMS 0x0000000087400000, 0x0000000087400000| Untracked 
| 117|0x0000000087500000, 0x0000000087600000, 0x0000000087600000|100%| O|  |TAMS 0x0000000087500000, 0x0000000087500000| Untracked 
| 118|0x0000000087600000, 0x0000000087700000, 0x0000000087700000|100%| O|  |TAMS 0x0000000087600000, 0x0000000087600000| Untracked 
| 119|0x0000000087700000, 0x0000000087800000, 0x0000000087800000|100%| O|  |TAMS 0x0000000087700000, 0x0000000087700000| Untracked 
| 120|0x0000000087800000, 0x0000000087900000, 0x0000000087900000|100%| O|  |TAMS 0x0000000087800000, 0x0000000087800000| Untracked 
| 121|0x0000000087900000, 0x0000000087a00000, 0x0000000087a00000|100%| O|  |TAMS 0x0000000087900000, 0x0000000087900000| Untracked 
| 122|0x0000000087a00000, 0x0000000087b00000, 0x0000000087b00000|100%| O|  |TAMS 0x0000000087a00000, 0x0000000087a00000| Untracked 
| 123|0x0000000087b00000, 0x0000000087c00000, 0x0000000087c00000|100%| O|  |TAMS 0x0000000087b00000, 0x0000000087b00000| Untracked 
| 124|0x0000000087c00000, 0x0000000087d00000, 0x0000000087d00000|100%| O|  |TAMS 0x0000000087c00000, 0x0000000087c00000| Untracked 
| 125|0x0000000087d00000, 0x0000000087e00000, 0x0000000087e00000|100%| O|  |TAMS 0x0000000087d00000, 0x0000000087d00000| Untracked 
| 126|0x0000000087e00000, 0x0000000087f00000, 0x0000000087f00000|100%| O|  |TAMS 0x0000000087e00000, 0x0000000087e00000| Untracked 
| 127|0x0000000087f00000, 0x0000000088000000, 0x0000000088000000|100%| O|  |TAMS 0x0000000087f00000, 0x0000000087f00000| Untracked 
| 128|0x0000000088000000, 0x0000000088019c00, 0x0000000088100000| 10%| O|  |TAMS 0x0000000088000000, 0x0000000088000000| Untracked 
| 129|0x0000000088100000, 0x0000000088100000, 0x0000000088200000|  0%| F|  |TAMS 0x0000000088100000, 0x0000000088100000| Untracked 
| 130|0x0000000088200000, 0x0000000088200000, 0x0000000088300000|  0%| F|  |TAMS 0x0000000088200000, 0x0000000088200000| Untracked 
| 131|0x0000000088300000, 0x0000000088300000, 0x0000000088400000|  0%| F|  |TAMS 0x0000000088300000, 0x0000000088300000| Untracked 
| 132|0x0000000088400000, 0x0000000088400000, 0x0000000088500000|  0%| F|  |TAMS 0x0000000088400000, 0x0000000088400000| Untracked 
| 133|0x0000000088500000, 0x0000000088500000, 0x0000000088600000|  0%| F|  |TAMS 0x0000000088500000, 0x0000000088500000| Untracked 
| 134|0x0000000088600000, 0x0000000088600000, 0x0000000088700000|  0%| F|  |TAMS 0x0000000088600000, 0x0000000088600000| Untracked 
| 135|0x0000000088700000, 0x0000000088700000, 0x0000000088800000|  0%| F|  |TAMS 0x0000000088700000, 0x0000000088700000| Untracked 
| 136|0x0000000088800000, 0x0000000088800000, 0x0000000088900000|  0%| F|  |TAMS 0x0000000088800000, 0x0000000088800000| Untracked 
| 137|0x0000000088900000, 0x0000000088900000, 0x0000000088a00000|  0%| F|  |TAMS 0x0000000088900000, 0x0000000088900000| Untracked 
| 138|0x0000000088a00000, 0x0000000088a00000, 0x0000000088b00000|  0%| F|  |TAMS 0x0000000088a00000, 0x0000000088a00000| Untracked 
| 139|0x0000000088b00000, 0x0000000088b00000, 0x0000000088c00000|  0%| F|  |TAMS 0x0000000088b00000, 0x0000000088b00000| Untracked 
| 140|0x0000000088c00000, 0x0000000088c00000, 0x0000000088d00000|  0%| F|  |TAMS 0x0000000088c00000, 0x0000000088c00000| Untracked 
| 141|0x0000000088d00000, 0x0000000088d00000, 0x0000000088e00000|  0%| F|  |TAMS 0x0000000088d00000, 0x0000000088d00000| Untracked 
| 142|0x0000000088e00000, 0x0000000088e00000, 0x0000000088f00000|  0%| F|  |TAMS 0x0000000088e00000, 0x0000000088e00000| Untracked 
| 143|0x0000000088f00000, 0x0000000088f00000, 0x0000000089000000|  0%| F|  |TAMS 0x0000000088f00000, 0x0000000088f00000| Untracked 
| 144|0x0000000089000000, 0x0000000089000000, 0x0000000089100000|  0%| F|  |TAMS 0x0000000089000000, 0x0000000089000000| Untracked 
| 145|0x0000000089100000, 0x0000000089100000, 0x0000000089200000|  0%| F|  |TAMS 0x0000000089100000, 0x0000000089100000| Untracked 
| 146|0x0000000089200000, 0x0000000089200000, 0x0000000089300000|  0%| F|  |TAMS 0x0000000089200000, 0x0000000089200000| Untracked 
| 147|0x0000000089300000, 0x0000000089300000, 0x0000000089400000|  0%| F|  |TAMS 0x0000000089300000, 0x0000000089300000| Untracked 
| 148|0x0000000089400000, 0x0000000089400000, 0x0000000089500000|  0%| F|  |TAMS 0x0000000089400000, 0x0000000089400000| Untracked 
| 149|0x0000000089500000, 0x0000000089500000, 0x0000000089600000|  0%| F|  |TAMS 0x0000000089500000, 0x0000000089500000| Untracked 
| 150|0x0000000089600000, 0x0000000089600000, 0x0000000089700000|  0%| F|  |TAMS 0x0000000089600000, 0x0000000089600000| Untracked 
| 151|0x0000000089700000, 0x0000000089700000, 0x0000000089800000|  0%| F|  |TAMS 0x0000000089700000, 0x0000000089700000| Untracked 
| 152|0x0000000089800000, 0x0000000089800000, 0x0000000089900000|  0%| F|  |TAMS 0x0000000089800000, 0x0000000089800000| Untracked 
| 153|0x0000000089900000, 0x0000000089900000, 0x0000000089a00000|  0%| F|  |TAMS 0x0000000089900000, 0x0000000089900000| Untracked 
| 154|0x0000000089a00000, 0x0000000089a00000, 0x0000000089b00000|  0%| F|  |TAMS 0x0000000089a00000, 0x0000000089a00000| Untracked 
| 155|0x0000000089b00000, 0x0000000089b00000, 0x0000000089c00000|  0%| F|  |TAMS 0x0000000089b00000, 0x0000000089b00000| Untracked 
| 156|0x0000000089c00000, 0x0000000089c00000, 0x0000000089d00000|  0%| F|  |TAMS 0x0000000089c00000, 0x0000000089c00000| Untracked 
| 157|0x0000000089d00000, 0x0000000089d00000, 0x0000000089e00000|  0%| F|  |TAMS 0x0000000089d00000, 0x0000000089d00000| Untracked 
| 158|0x0000000089e00000, 0x0000000089e00000, 0x0000000089f00000|  0%| F|  |TAMS 0x0000000089e00000, 0x0000000089e00000| Untracked 
| 159|0x0000000089f00000, 0x0000000089f00000, 0x000000008a000000|  0%| F|  |TAMS 0x0000000089f00000, 0x0000000089f00000| Untracked 
| 160|0x000000008a000000, 0x000000008a000000, 0x000000008a100000|  0%| F|  |TAMS 0x000000008a000000, 0x000000008a000000| Untracked 
| 161|0x000000008a100000, 0x000000008a100000, 0x000000008a200000|  0%| F|  |TAMS 0x000000008a100000, 0x000000008a100000| Untracked 
| 162|0x000000008a200000, 0x000000008a200000, 0x000000008a300000|  0%| F|  |TAMS 0x000000008a200000, 0x000000008a200000| Untracked 
| 163|0x000000008a300000, 0x000000008a300000, 0x000000008a400000|  0%| F|  |TAMS 0x000000008a300000, 0x000000008a300000| Untracked 
| 164|0x000000008a400000, 0x000000008a400000, 0x000000008a500000|  0%| F|  |TAMS 0x000000008a400000, 0x000000008a400000| Untracked 
| 165|0x000000008a500000, 0x000000008a600000, 0x000000008a600000|100%| S|CS|TAMS 0x000000008a500000, 0x000000008a500000| Complete 
| 166|0x000000008a600000, 0x000000008a700000, 0x000000008a700000|100%| S|CS|TAMS 0x000000008a600000, 0x000000008a600000| Complete 
| 167|0x000000008a700000, 0x000000008a800000, 0x000000008a800000|100%| S|CS|TAMS 0x000000008a700000, 0x000000008a700000| Complete 
| 168|0x000000008a800000, 0x000000008a900000, 0x000000008a900000|100%| S|CS|TAMS 0x000000008a800000, 0x000000008a800000| Complete 
| 169|0x000000008a900000, 0x000000008aa00000, 0x000000008aa00000|100%| S|CS|TAMS 0x000000008a900000, 0x000000008a900000| Complete 
| 170|0x000000008aa00000, 0x000000008ab00000, 0x000000008ab00000|100%| S|CS|TAMS 0x000000008aa00000, 0x000000008aa00000| Complete 
| 171|0x000000008ab00000, 0x000000008ac00000, 0x000000008ac00000|100%| S|CS|TAMS 0x000000008ab00000, 0x000000008ab00000| Complete 
| 172|0x000000008ac00000, 0x000000008ad00000, 0x000000008ad00000|100%| S|CS|TAMS 0x000000008ac00000, 0x000000008ac00000| Complete 
| 173|0x000000008ad00000, 0x000000008ae00000, 0x000000008ae00000|100%| S|CS|TAMS 0x000000008ad00000, 0x000000008ad00000| Complete 
| 174|0x000000008ae00000, 0x000000008ae00000, 0x000000008af00000|  0%| F|  |TAMS 0x000000008ae00000, 0x000000008ae00000| Untracked 
| 175|0x000000008af00000, 0x000000008af00000, 0x000000008b000000|  0%| F|  |TAMS 0x000000008af00000, 0x000000008af00000| Untracked 
| 176|0x000000008b000000, 0x000000008b000000, 0x000000008b100000|  0%| F|  |TAMS 0x000000008b000000, 0x000000008b000000| Untracked 
| 177|0x000000008b100000, 0x000000008b100000, 0x000000008b200000|  0%| F|  |TAMS 0x000000008b100000, 0x000000008b100000| Untracked 
| 178|0x000000008b200000, 0x000000008b200000, 0x000000008b300000|  0%| F|  |TAMS 0x000000008b200000, 0x000000008b200000| Untracked 
| 179|0x000000008b300000, 0x000000008b300000, 0x000000008b400000|  0%| F|  |TAMS 0x000000008b300000, 0x000000008b300000| Untracked 
| 180|0x000000008b400000, 0x000000008b400000, 0x000000008b500000|  0%| F|  |TAMS 0x000000008b400000, 0x000000008b400000| Untracked 
| 181|0x000000008b500000, 0x000000008b500000, 0x000000008b600000|  0%| F|  |TAMS 0x000000008b500000, 0x000000008b500000| Untracked 
| 182|0x000000008b600000, 0x000000008b600000, 0x000000008b700000|  0%| F|  |TAMS 0x000000008b600000, 0x000000008b600000| Untracked 
| 183|0x000000008b700000, 0x000000008b700000, 0x000000008b800000|  0%| F|  |TAMS 0x000000008b700000, 0x000000008b700000| Untracked 
| 184|0x000000008b800000, 0x000000008b800000, 0x000000008b900000|  0%| F|  |TAMS 0x000000008b800000, 0x000000008b800000| Untracked 
| 185|0x000000008b900000, 0x000000008ba00000, 0x000000008ba00000|100%| S|CS|TAMS 0x000000008b900000, 0x000000008b900000| Complete 
| 186|0x000000008ba00000, 0x000000008ba00000, 0x000000008bb00000|  0%| F|  |TAMS 0x000000008ba00000, 0x000000008ba00000| Untracked 
| 187|0x000000008bb00000, 0x000000008bb00000, 0x000000008bc00000|  0%| F|  |TAMS 0x000000008bb00000, 0x000000008bb00000| Untracked 
| 188|0x000000008bc00000, 0x000000008bc00000, 0x000000008bd00000|  0%| F|  |TAMS 0x000000008bc00000, 0x000000008bc00000| Untracked 
| 189|0x000000008bd00000, 0x000000008bd00000, 0x000000008be00000|  0%| F|  |TAMS 0x000000008bd00000, 0x000000008bd00000| Untracked 
| 190|0x000000008be00000, 0x000000008be00000, 0x000000008bf00000|  0%| F|  |TAMS 0x000000008be00000, 0x000000008be00000| Untracked 
| 191|0x000000008bf00000, 0x000000008bf00000, 0x000000008c000000|  0%| F|  |TAMS 0x000000008bf00000, 0x000000008bf00000| Untracked 
| 192|0x000000008c000000, 0x000000008c000000, 0x000000008c100000|  0%| F|  |TAMS 0x000000008c000000, 0x000000008c000000| Untracked 
| 193|0x000000008c100000, 0x000000008c100000, 0x000000008c200000|  0%| F|  |TAMS 0x000000008c100000, 0x000000008c100000| Untracked 
| 194|0x000000008c200000, 0x000000008c200000, 0x000000008c300000|  0%| F|  |TAMS 0x000000008c200000, 0x000000008c200000| Untracked 
| 195|0x000000008c300000, 0x000000008c300000, 0x000000008c400000|  0%| F|  |TAMS 0x000000008c300000, 0x000000008c300000| Untracked 
| 196|0x000000008c400000, 0x000000008c400000, 0x000000008c500000|  0%| F|  |TAMS 0x000000008c400000, 0x000000008c400000| Untracked 
| 197|0x000000008c500000, 0x000000008c500000, 0x000000008c600000|  0%| F|  |TAMS 0x000000008c500000, 0x000000008c500000| Untracked 
| 198|0x000000008c600000, 0x000000008c600000, 0x000000008c700000|  0%| F|  |TAMS 0x000000008c600000, 0x000000008c600000| Untracked 
| 199|0x000000008c700000, 0x000000008c700000, 0x000000008c800000|  0%| F|  |TAMS 0x000000008c700000, 0x000000008c700000| Untracked 
| 200|0x000000008c800000, 0x000000008c800000, 0x000000008c900000|  0%| F|  |TAMS 0x000000008c800000, 0x000000008c800000| Untracked 
| 201|0x000000008c900000, 0x000000008c900000, 0x000000008ca00000|  0%| F|  |TAMS 0x000000008c900000, 0x000000008c900000| Untracked 
| 202|0x000000008ca00000, 0x000000008ca00000, 0x000000008cb00000|  0%| F|  |TAMS 0x000000008ca00000, 0x000000008ca00000| Untracked 
| 203|0x000000008cb00000, 0x000000008cb00000, 0x000000008cc00000|  0%| F|  |TAMS 0x000000008cb00000, 0x000000008cb00000| Untracked 
| 204|0x000000008cc00000, 0x000000008cc00000, 0x000000008cd00000|  0%| F|  |TAMS 0x000000008cc00000, 0x000000008cc00000| Untracked 
| 205|0x000000008cd00000, 0x000000008cd00000, 0x000000008ce00000|  0%| F|  |TAMS 0x000000008cd00000, 0x000000008cd00000| Untracked 
| 206|0x000000008ce00000, 0x000000008ce00000, 0x000000008cf00000|  0%| F|  |TAMS 0x000000008ce00000, 0x000000008ce00000| Untracked 
| 207|0x000000008cf00000, 0x000000008cf00000, 0x000000008d000000|  0%| F|  |TAMS 0x000000008cf00000, 0x000000008cf00000| Untracked 
| 208|0x000000008d000000, 0x000000008d000000, 0x000000008d100000|  0%| F|  |TAMS 0x000000008d000000, 0x000000008d000000| Untracked 
| 209|0x000000008d100000, 0x000000008d100000, 0x000000008d200000|  0%| F|  |TAMS 0x000000008d100000, 0x000000008d100000| Untracked 
| 210|0x000000008d200000, 0x000000008d200000, 0x000000008d300000|  0%| F|  |TAMS 0x000000008d200000, 0x000000008d200000| Untracked 
| 211|0x000000008d300000, 0x000000008d300000, 0x000000008d400000|  0%| F|  |TAMS 0x000000008d300000, 0x000000008d300000| Untracked 
| 212|0x000000008d400000, 0x000000008d400000, 0x000000008d500000|  0%| F|  |TAMS 0x000000008d400000, 0x000000008d400000| Untracked 
| 213|0x000000008d500000, 0x000000008d500000, 0x000000008d600000|  0%| F|  |TAMS 0x000000008d500000, 0x000000008d500000| Untracked 
| 214|0x000000008d600000, 0x000000008d600000, 0x000000008d700000|  0%| F|  |TAMS 0x000000008d600000, 0x000000008d600000| Untracked 
| 215|0x000000008d700000, 0x000000008d700000, 0x000000008d800000|  0%| F|  |TAMS 0x000000008d700000, 0x000000008d700000| Untracked 
| 216|0x000000008d800000, 0x000000008d800000, 0x000000008d900000|  0%| F|  |TAMS 0x000000008d800000, 0x000000008d800000| Untracked 
| 217|0x000000008d900000, 0x000000008d900000, 0x000000008da00000|  0%| F|  |TAMS 0x000000008d900000, 0x000000008d900000| Untracked 
| 218|0x000000008da00000, 0x000000008da00000, 0x000000008db00000|  0%| F|  |TAMS 0x000000008da00000, 0x000000008da00000| Untracked 
| 219|0x000000008db00000, 0x000000008db00000, 0x000000008dc00000|  0%| F|  |TAMS 0x000000008db00000, 0x000000008db00000| Untracked 
| 220|0x000000008dc00000, 0x000000008dc00000, 0x000000008dd00000|  0%| F|  |TAMS 0x000000008dc00000, 0x000000008dc00000| Untracked 
| 221|0x000000008dd00000, 0x000000008dd00000, 0x000000008de00000|  0%| F|  |TAMS 0x000000008dd00000, 0x000000008dd00000| Untracked 
| 222|0x000000008de00000, 0x000000008de00000, 0x000000008df00000|  0%| F|  |TAMS 0x000000008de00000, 0x000000008de00000| Untracked 
| 223|0x000000008df00000, 0x000000008df00000, 0x000000008e000000|  0%| F|  |TAMS 0x000000008df00000, 0x000000008df00000| Untracked 
| 224|0x000000008e000000, 0x000000008e000000, 0x000000008e100000|  0%| F|  |TAMS 0x000000008e000000, 0x000000008e000000| Untracked 
| 225|0x000000008e100000, 0x000000008e100000, 0x000000008e200000|  0%| F|  |TAMS 0x000000008e100000, 0x000000008e100000| Untracked 
| 226|0x000000008e200000, 0x000000008e200000, 0x000000008e300000|  0%| F|  |TAMS 0x000000008e200000, 0x000000008e200000| Untracked 
| 227|0x000000008e300000, 0x000000008e300000, 0x000000008e400000|  0%| F|  |TAMS 0x000000008e300000, 0x000000008e300000| Untracked 
| 228|0x000000008e400000, 0x000000008e400000, 0x000000008e500000|  0%| F|  |TAMS 0x000000008e400000, 0x000000008e400000| Untracked 
| 229|0x000000008e500000, 0x000000008e500000, 0x000000008e600000|  0%| F|  |TAMS 0x000000008e500000, 0x000000008e500000| Untracked 
| 230|0x000000008e600000, 0x000000008e600000, 0x000000008e700000|  0%| F|  |TAMS 0x000000008e600000, 0x000000008e600000| Untracked 
| 231|0x000000008e700000, 0x000000008e700000, 0x000000008e800000|  0%| F|  |TAMS 0x000000008e700000, 0x000000008e700000| Untracked 
| 232|0x000000008e800000, 0x000000008e800000, 0x000000008e900000|  0%| F|  |TAMS 0x000000008e800000, 0x000000008e800000| Untracked 
| 233|0x000000008e900000, 0x000000008e900000, 0x000000008ea00000|  0%| F|  |TAMS 0x000000008e900000, 0x000000008e900000| Untracked 
| 234|0x000000008ea00000, 0x000000008ea00000, 0x000000008eb00000|  0%| F|  |TAMS 0x000000008ea00000, 0x000000008ea00000| Untracked 
| 235|0x000000008eb00000, 0x000000008eb00000, 0x000000008ec00000|  0%| F|  |TAMS 0x000000008eb00000, 0x000000008eb00000| Untracked 
| 236|0x000000008ec00000, 0x000000008ec00000, 0x000000008ed00000|  0%| F|  |TAMS 0x000000008ec00000, 0x000000008ec00000| Untracked 
| 237|0x000000008ed00000, 0x000000008ed00000, 0x000000008ee00000|  0%| F|  |TAMS 0x000000008ed00000, 0x000000008ed00000| Untracked 
| 238|0x000000008ee00000, 0x000000008ee00000, 0x000000008ef00000|  0%| F|  |TAMS 0x000000008ee00000, 0x000000008ee00000| Untracked 
| 239|0x000000008ef00000, 0x000000008ef00000, 0x000000008f000000|  0%| F|  |TAMS 0x000000008ef00000, 0x000000008ef00000| Untracked 
| 240|0x000000008f000000, 0x000000008f000000, 0x000000008f100000|  0%| F|  |TAMS 0x000000008f000000, 0x000000008f000000| Untracked 
| 241|0x000000008f100000, 0x000000008f100000, 0x000000008f200000|  0%| F|  |TAMS 0x000000008f100000, 0x000000008f100000| Untracked 
| 242|0x000000008f200000, 0x000000008f200000, 0x000000008f300000|  0%| F|  |TAMS 0x000000008f200000, 0x000000008f200000| Untracked 
| 243|0x000000008f300000, 0x000000008f300000, 0x000000008f400000|  0%| F|  |TAMS 0x000000008f300000, 0x000000008f300000| Untracked 
| 244|0x000000008f400000, 0x000000008f400000, 0x000000008f500000|  0%| F|  |TAMS 0x000000008f400000, 0x000000008f400000| Untracked 
| 245|0x000000008f500000, 0x000000008f500000, 0x000000008f600000|  0%| F|  |TAMS 0x000000008f500000, 0x000000008f500000| Untracked 
| 246|0x000000008f600000, 0x000000008f600000, 0x000000008f700000|  0%| F|  |TAMS 0x000000008f600000, 0x000000008f600000| Untracked 
| 247|0x000000008f700000, 0x000000008f700000, 0x000000008f800000|  0%| F|  |TAMS 0x000000008f700000, 0x000000008f700000| Untracked 
| 248|0x000000008f800000, 0x000000008f800000, 0x000000008f900000|  0%| F|  |TAMS 0x000000008f800000, 0x000000008f800000| Untracked 
| 249|0x000000008f900000, 0x000000008f900000, 0x000000008fa00000|  0%| F|  |TAMS 0x000000008f900000, 0x000000008f900000| Untracked 
| 250|0x000000008fa00000, 0x000000008fa00000, 0x000000008fb00000|  0%| F|  |TAMS 0x000000008fa00000, 0x000000008fa00000| Untracked 
| 251|0x000000008fb00000, 0x000000008fb00000, 0x000000008fc00000|  0%| F|  |TAMS 0x000000008fb00000, 0x000000008fb00000| Untracked 
| 252|0x000000008fc00000, 0x000000008fc18888, 0x000000008fd00000|  9%| E|  |TAMS 0x000000008fc00000, 0x000000008fc00000| Complete 
| 253|0x000000008fd00000, 0x000000008fe00000, 0x000000008fe00000|100%| E|CS|TAMS 0x000000008fd00000, 0x000000008fd00000| Complete 
| 254|0x000000008fe00000, 0x000000008ff00000, 0x000000008ff00000|100%| E|CS|TAMS 0x000000008fe00000, 0x000000008fe00000| Complete 
| 255|0x000000008ff00000, 0x0000000090000000, 0x0000000090000000|100%| E|CS|TAMS 0x000000008ff00000, 0x000000008ff00000| Complete 
| 256|0x0000000090000000, 0x0000000090100000, 0x0000000090100000|100%| E|CS|TAMS 0x0000000090000000, 0x0000000090000000| Complete 
| 257|0x0000000090100000, 0x0000000090200000, 0x0000000090200000|100%| E|CS|TAMS 0x0000000090100000, 0x0000000090100000| Complete 
| 258|0x0000000090200000, 0x0000000090300000, 0x0000000090300000|100%| E|CS|TAMS 0x0000000090200000, 0x0000000090200000| Complete 
| 259|0x0000000090300000, 0x0000000090400000, 0x0000000090400000|100%| E|CS|TAMS 0x0000000090300000, 0x0000000090300000| Complete 
| 260|0x0000000090400000, 0x0000000090500000, 0x0000000090500000|100%| E|CS|TAMS 0x0000000090400000, 0x0000000090400000| Complete 
| 261|0x0000000090500000, 0x0000000090600000, 0x0000000090600000|100%| E|CS|TAMS 0x0000000090500000, 0x0000000090500000| Complete 
| 262|0x0000000090600000, 0x0000000090700000, 0x0000000090700000|100%| E|CS|TAMS 0x0000000090600000, 0x0000000090600000| Complete 
| 263|0x0000000090700000, 0x0000000090800000, 0x0000000090800000|100%| E|CS|TAMS 0x0000000090700000, 0x0000000090700000| Complete 

Card table byte_map: [0x000001cf9fe10000,0x000001cfa0210000] _byte_map_base: 0x000001cf9fa10000

Marking Bits (Prev, Next): (CMBitMap*) 0x000001cf8cbffcd0, (CMBitMap*) 0x000001cf8cbffc98
 Prev Bits: [0x000001cfa2610000, 0x000001cfa4610000)
 Next Bits: [0x000001cfa0610000, 0x000001cfa2610000)

Polling page: 0x000001cf8aaf0000

Metaspace:

Usage:
  Non-class:     91.00 MB capacity,    89.24 MB ( 98%) used,     1.42 MB (  2%) free+waste,   338.06 KB ( <1%) overhead. 
      Class:     13.83 MB capacity,    12.79 MB ( 93%) used,   909.49 KB (  6%) free+waste,   147.50 KB (  1%) overhead. 
       Both:    104.82 MB capacity,   102.04 MB ( 97%) used,     2.31 MB (  2%) free+waste,   485.56 KB ( <1%) overhead. 

Virtual space:
  Non-class space:       92.00 MB reserved,      91.10 MB (>99%) committed 
      Class space:        1.00 GB reserved,      13.86 MB (  1%) committed 
             Both:        1.09 GB reserved,     104.95 MB (  9%) committed 

Chunk freelists:
   Non-Class:  40.00 KB
       Class:  0 bytes
        Both:  40.00 KB

MaxMetaspaceSize: 17179869184.00 GB
CompressedClassSpaceSize: 1.00 GB
Initial GC threshold: 20.80 MB
Current GC threshold: 165.55 MB
CDS: off

CodeHeap 'non-profiled nmethods': size=120000Kb used=9908Kb max_used=9908Kb free=110091Kb
 bounds [0x000001cf981b0000, 0x000001cf98b60000, 0x000001cf9f6e0000]
CodeHeap 'profiled nmethods': size=120000Kb used=32960Kb max_used=32960Kb free=87039Kb
 bounds [0x000001cf90c80000, 0x000001cf92cc0000, 0x000001cf981b0000]
CodeHeap 'non-nmethods': size=5760Kb used=2399Kb max_used=2464Kb free=3361Kb
 bounds [0x000001cf906e0000, 0x000001cf90950000, 0x000001cf90c80000]
 total_blobs=15896 nmethods=14971 adapters=837
 compilation: enabled
              stopped_count=0, restarted_count=0
 full_count=0

Compilation events (20 events):
Event: 110.427 Thread 0x000001cfa78ec800 15123       2       org.gradle.internal.snapshot.impl.FileSystemSnapshotFilter$FilteringVisitor$1::visitDirectory (6 bytes)
Event: 110.427 Thread 0x000001cfa78ec800 nmethod 15123 0x000001cf92cae290 code [0x000001cf92cae440, 0x000001cf92cae558]
Event: 110.427 Thread 0x000001cfa78ec800 15124       2       org.gradle.internal.snapshot.impl.FileSystemSnapshotFilter$FilteringVisitor::enterDirectory (14 bytes)
Event: 110.427 Thread 0x000001cfa78ec800 nmethod 15124 0x000001cf92cae610 code [0x000001cf92cae7c0, 0x000001cf92cae8e8]
Event: 110.433 Thread 0x000001cfa78ec800 15125   !   2       org.apache.tools.ant.DirectoryScanner::getDefaultExcludes (36 bytes)
Event: 110.434 Thread 0x000001cfa78ec800 nmethod 15125 0x000001cf92cae990 code [0x000001cf92caeb60, 0x000001cf92caeec8]
Event: 110.434 Thread 0x000001cfa78ec800 15126       2       org.gradle.internal.collect.PersistentList$Cons::forEach (19 bytes)
Event: 110.434 Thread 0x000001cfa78ec800 nmethod 15126 0x000001cf92caf090 code [0x000001cf92caf260, 0x000001cf92caf3b8]
Event: 110.434 Thread 0x000001cfa78ec800 15127       2       org.gradle.api.tasks.util.internal.PatternSpecFactory::invalidChangeOfExcludes (17 bytes)
Event: 110.434 Thread 0x000001cfa78ec800 nmethod 15127 0x000001cf92caf490 code [0x000001cf92caf640, 0x000001cf92caf768]
Event: 110.435 Thread 0x000001cfa78ec800 15128       2       org.gradle.execution.plan.LocalTaskNode::hasPendingPreExecutionNodes (13 bytes)
Event: 110.435 Thread 0x000001cfa78ec800 nmethod 15128 0x000001cf92caf810 code [0x000001cf92caf9c0, 0x000001cf92cafad8]
Event: 110.435 Thread 0x000001cfa78ec800 15129       1       com.android.repository.Revision::getMajor (5 bytes)
Event: 110.436 Thread 0x000001cfa78ec800 nmethod 15129 0x000001cf98b5c810 code [0x000001cf98b5c9c0, 0x000001cf98b5ca78]
Event: 110.436 Thread 0x000001cfa78ec800 15130       1       com.android.repository.Revision::getMinor (5 bytes)
Event: 110.436 Thread 0x000001cfa78ec800 nmethod 15130 0x000001cf98b5cb10 code [0x000001cf98b5ccc0, 0x000001cf98b5cd78]
Event: 110.436 Thread 0x000001cfa78ec800 15131       1       com.android.repository.Revision::getMicro (5 bytes)
Event: 110.436 Thread 0x000001cfa78ec800 nmethod 15131 0x000001cf98b5ce10 code [0x000001cf98b5cfc0, 0x000001cf98b5d078]
Event: 110.436 Thread 0x000001cfa78ec800 15132       2       org.gradle.api.internal.artifacts.transform.ConsumerProvidedVariantFinder$$Lambda$324/0x000000010044dc40::apply (16 bytes)
Event: 110.436 Thread 0x000001cfa78ec800 nmethod 15132 0x000001cf92cafb90 code [0x000001cf92cafd60, 0x000001cf92caff28]

GC Heap History (20 events):
Event: 15.403 GC heap before
{Heap before GC invocations=29 (full 0):
 garbage-first heap   total 187392K, used 142815K [0x0000000080000000, 0x0000000100000000)
  region size 1024K, 55 young (56320K), 6 survivors (6144K)
 Metaspace       used 96797K, capacity 99248K, committed 99408K, reserved 1134592K
  class space    used 12541K, capacity 13485K, committed 13548K, reserved 1048576K
}
Event: 15.415 GC heap after
{Heap after GC invocations=30 (full 0):
 garbage-first heap   total 187392K, used 99344K [0x0000000080000000, 0x0000000100000000)
  region size 1024K, 7 young (7168K), 7 survivors (7168K)
 Metaspace       used 96797K, capacity 99248K, committed 99408K, reserved 1134592K
  class space    used 12541K, capacity 13485K, committed 13548K, reserved 1048576K
}
Event: 15.964 GC heap before
{Heap before GC invocations=31 (full 0):
 garbage-first heap   total 187392K, used 145424K [0x0000000080000000, 0x0000000100000000)
  region size 1024K, 53 young (54272K), 7 survivors (7168K)
 Metaspace       used 97501K, capacity 100209K, committed 100304K, reserved 1136640K
  class space    used 12625K, capacity 13646K, committed 13676K, reserved 1048576K
}
Event: 15.974 GC heap after
{Heap after GC invocations=32 (full 0):
 garbage-first heap   total 187392K, used 102768K [0x0000000080000000, 0x0000000100000000)
  region size 1024K, 4 young (4096K), 4 survivors (4096K)
 Metaspace       used 97501K, capacity 100209K, committed 100304K, reserved 1136640K
  class space    used 12625K, capacity 13646K, committed 13676K, reserved 1048576K
}
Event: 16.559 GC heap before
{Heap before GC invocations=32 (full 0):
 garbage-first heap   total 187392K, used 148848K [0x0000000080000000, 0x0000000100000000)
  region size 1024K, 50 young (51200K), 4 survivors (4096K)
 Metaspace       used 98003K, capacity 100717K, committed 100816K, reserved 1136640K
  class space    used 12673K, capacity 13675K, committed 13676K, reserved 1048576K
}
Event: 16.567 GC heap after
{Heap after GC invocations=33 (full 0):
 garbage-first heap   total 187392K, used 105395K [0x0000000080000000, 0x0000000100000000)
  region size 1024K, 6 young (6144K), 6 survivors (6144K)
 Metaspace       used 98003K, capacity 100717K, committed 100816K, reserved 1136640K
  class space    used 12673K, capacity 13675K, committed 13676K, reserved 1048576K
}
Event: 17.191 GC heap before
{Heap before GC invocations=34 (full 0):
 garbage-first heap   total 187392K, used 151475K [0x0000000080000000, 0x0000000100000000)
  region size 1024K, 52 young (53248K), 6 survivors (6144K)
 Metaspace       used 98345K, capacity 101081K, committed 101200K, reserved 1136640K
  class space    used 12685K, capacity 13690K, committed 13804K, reserved 1048576K
}
Event: 17.206 GC heap after
{Heap after GC invocations=35 (full 0):
 garbage-first heap   total 225280K, used 108459K [0x0000000080000000, 0x0000000100000000)
  region size 1024K, 7 young (7168K), 7 survivors (7168K)
 Metaspace       used 98345K, capacity 101081K, committed 101200K, reserved 1136640K
  class space    used 12685K, capacity 13690K, committed 13804K, reserved 1048576K
}
Event: 17.749 GC heap before
{Heap before GC invocations=35 (full 0):
 garbage-first heap   total 225280K, used 168875K [0x0000000080000000, 0x0000000100000000)
  region size 1024K, 67 young (68608K), 7 survivors (7168K)
 Metaspace       used 98562K, capacity 101331K, committed 101456K, reserved 1136640K
  class space    used 12707K, capacity 13738K, committed 13804K, reserved 1048576K
}
Event: 17.761 GC heap after
{Heap after GC invocations=36 (full 0):
 garbage-first heap   total 225280K, used 112454K [0x0000000080000000, 0x0000000100000000)
  region size 1024K, 7 young (7168K), 7 survivors (7168K)
 Metaspace       used 98562K, capacity 101331K, committed 101456K, reserved 1136640K
  class space    used 12707K, capacity 13738K, committed 13804K, reserved 1048576K
}
Event: 18.491 GC heap before
{Heap before GC invocations=37 (full 0):
 garbage-first heap   total 225280K, used 173894K [0x0000000080000000, 0x0000000100000000)
  region size 1024K, 68 young (69632K), 7 survivors (7168K)
 Metaspace       used 98588K, capacity 101174K, committed 101712K, reserved 1136640K
  class space    used 12667K, capacity 13657K, committed 13804K, reserved 1048576K
}
Event: 18.505 GC heap after
{Heap after GC invocations=38 (full 0):
 garbage-first heap   total 225280K, used 116038K [0x0000000080000000, 0x0000000100000000)
  region size 1024K, 8 young (8192K), 8 survivors (8192K)
 Metaspace       used 98588K, capacity 101174K, committed 101712K, reserved 1136640K
  class space    used 12667K, capacity 13657K, committed 13804K, reserved 1048576K
}
Event: 19.074 GC heap before
{Heap before GC invocations=38 (full 0):
 garbage-first heap   total 225280K, used 177478K [0x0000000080000000, 0x0000000100000000)
  region size 1024K, 69 young (70656K), 8 survivors (8192K)
 Metaspace       used 98651K, capacity 101256K, committed 101712K, reserved 1136640K
  class space    used 12669K, capacity 13660K, committed 13804K, reserved 1048576K
}
Event: 19.092 GC heap after
{Heap after GC invocations=39 (full 0):
 garbage-first heap   total 225280K, used 119259K [0x0000000080000000, 0x0000000100000000)
  region size 1024K, 7 young (7168K), 7 survivors (7168K)
 Metaspace       used 98651K, capacity 101256K, committed 101712K, reserved 1136640K
  class space    used 12669K, capacity 13660K, committed 13804K, reserved 1048576K
}
Event: 57.974 GC heap before
{Heap before GC invocations=40 (full 0):
 garbage-first heap   total 225280K, used 180699K [0x0000000080000000, 0x0000000100000000)
  region size 1024K, 68 young (69632K), 7 survivors (7168K)
 Metaspace       used 103105K, capacity 105822K, committed 106192K, reserved 1140736K
  class space    used 13055K, capacity 14050K, committed 14188K, reserved 1048576K
}
Event: 57.988 GC heap after
{Heap after GC invocations=41 (full 0):
 garbage-first heap   total 270336K, used 122846K [0x0000000080000000, 0x0000000100000000)
  region size 1024K, 7 young (7168K), 7 survivors (7168K)
 Metaspace       used 103105K, capacity 105822K, committed 106192K, reserved 1140736K
  class space    used 13055K, capacity 14050K, committed 14188K, reserved 1048576K
}
Event: 59.329 GC heap before
{Heap before GC invocations=41 (full 0):
 garbage-first heap   total 270336K, used 202718K [0x0000000080000000, 0x0000000100000000)
  region size 1024K, 86 young (88064K), 7 survivors (7168K)
 Metaspace       used 103833K, capacity 106631K, committed 106960K, reserved 1142784K
  class space    used 13073K, capacity 14082K, committed 14188K, reserved 1048576K
}
Event: 59.347 GC heap after
{Heap after GC invocations=42 (full 0):
 garbage-first heap   total 270336K, used 131941K [0x0000000080000000, 0x0000000100000000)
  region size 1024K, 11 young (11264K), 11 survivors (11264K)
 Metaspace       used 103833K, capacity 106631K, committed 106960K, reserved 1142784K
  class space    used 13073K, capacity 14082K, committed 14188K, reserved 1048576K
}
Event: 110.316 GC heap before
{Heap before GC invocations=42 (full 0):
 garbage-first heap   total 270336K, used 210789K [0x0000000080000000, 0x0000000100000000)
  region size 1024K, 89 young (91136K), 11 survivors (11264K)
 Metaspace       used 104440K, capacity 107185K, committed 107472K, reserved 1142784K
  class space    used 13097K, capacity 14152K, committed 14188K, reserved 1048576K
}
Event: 110.334 GC heap after
{Heap after GC invocations=43 (full 0):
 garbage-first heap   total 270336K, used 141415K [0x0000000080000000, 0x0000000100000000)
  region size 1024K, 10 young (10240K), 10 survivors (10240K)
 Metaspace       used 104440K, capacity 107185K, committed 107472K, reserved 1142784K
  class space    used 13097K, capacity 14152K, committed 14188K, reserved 1048576K
}

Deoptimization events (20 events):
Event: 109.993 Thread 0x000001cfa9c91000 DEOPT PACKING pc=0x000001cf92add8b3 sp=0x00000001941f8bf0
Event: 109.993 Thread 0x000001cfa9c91000 DEOPT UNPACKING pc=0x000001cf9072a95e sp=0x00000001941f8130 mode 0
Event: 110.073 Thread 0x000001cfaed20800 Uncommon trap: trap_request=0xffffffbe fr.pc=0x000001cf98b20680 relative=0x0000000000001ea0
Event: 110.073 Thread 0x000001cfaed20800 Uncommon trap: reason=profile_predicate action=maybe_recompile pc=0x000001cf98b20680 method=org.gradle.api.internal.artifacts.ivyservice.resolveengine.result.DesugaredAttributeContainerSerializer.read(Lorg/gradle/internal/serialize/Decoder;)Lorg/gradle/ap
Event: 110.073 Thread 0x000001cfaed20800 DEOPT PACKING pc=0x000001cf98b20680 sp=0x000000019c0fa600
Event: 110.073 Thread 0x000001cfaed20800 DEOPT UNPACKING pc=0x000001cf9072a1af sp=0x000000019c0fa5e8 mode 2
Event: 110.075 Thread 0x000001cfaed20800 Uncommon trap: trap_request=0xffffffbe fr.pc=0x000001cf98b20680 relative=0x0000000000001ea0
Event: 110.075 Thread 0x000001cfaed20800 Uncommon trap: reason=profile_predicate action=maybe_recompile pc=0x000001cf98b20680 method=org.gradle.api.internal.artifacts.ivyservice.resolveengine.result.DesugaredAttributeContainerSerializer.read(Lorg/gradle/internal/serialize/Decoder;)Lorg/gradle/ap
Event: 110.075 Thread 0x000001cfaed20800 DEOPT PACKING pc=0x000001cf98b20680 sp=0x000000019c0fa600
Event: 110.075 Thread 0x000001cfaed20800 DEOPT UNPACKING pc=0x000001cf9072a1af sp=0x000000019c0fa5e8 mode 2
Event: 110.075 Thread 0x000001cfaed20800 Uncommon trap: trap_request=0xffffffbe fr.pc=0x000001cf98b20680 relative=0x0000000000001ea0
Event: 110.075 Thread 0x000001cfaed20800 Uncommon trap: reason=profile_predicate action=maybe_recompile pc=0x000001cf98b20680 method=org.gradle.api.internal.artifacts.ivyservice.resolveengine.result.DesugaredAttributeContainerSerializer.read(Lorg/gradle/internal/serialize/Decoder;)Lorg/gradle/ap
Event: 110.075 Thread 0x000001cfaed20800 DEOPT PACKING pc=0x000001cf98b20680 sp=0x000000019c0fa500
Event: 110.075 Thread 0x000001cfaed20800 DEOPT UNPACKING pc=0x000001cf9072a1af sp=0x000000019c0fa4e8 mode 2
Event: 110.075 Thread 0x000001cfaed20800 Uncommon trap: trap_request=0xffffffbe fr.pc=0x000001cf98b20680 relative=0x0000000000001ea0
Event: 110.075 Thread 0x000001cfaed20800 Uncommon trap: reason=profile_predicate action=maybe_recompile pc=0x000001cf98b20680 method=org.gradle.api.internal.artifacts.ivyservice.resolveengine.result.DesugaredAttributeContainerSerializer.read(Lorg/gradle/internal/serialize/Decoder;)Lorg/gradle/ap
Event: 110.075 Thread 0x000001cfaed20800 DEOPT PACKING pc=0x000001cf98b20680 sp=0x000000019c0fa500
Event: 110.075 Thread 0x000001cfaed20800 DEOPT UNPACKING pc=0x000001cf9072a1af sp=0x000000019c0fa4e8 mode 2
Event: 110.368 Thread 0x000001cfb3080000 DEOPT PACKING pc=0x000001cf91514a51 sp=0x000000019b9f94f0
Event: 110.368 Thread 0x000001cfb3080000 DEOPT UNPACKING pc=0x000001cf9072a95e sp=0x000000019b9f8a28 mode 0

Classes redefined (0 events):
No events

Internal exceptions (20 events):
Event: 59.356 Thread 0x000001cfa9c91000 Exception <a 'sun/nio/fs/WindowsException'{0x000000009079f068}> (0x000000009079f068) thrown at [src/hotspot/share/prims/jni.cpp, line 617]
Event: 59.377 Thread 0x000001cfaf072800 Exception <a 'sun/nio/fs/WindowsException'{0x0000000090618588}> (0x0000000090618588) thrown at [src/hotspot/share/prims/jni.cpp, line 617]
Event: 109.260 Thread 0x000001cfa9c91000 Implicit null exception at 0x000001cf988aaf56 to 0x000001cf988ab22c
Event: 109.735 Thread 0x000001cfa9c91000 Exception <a 'sun/nio/fs/WindowsException'{0x000000008e787830}> (0x000000008e787830) thrown at [src/hotspot/share/prims/jni.cpp, line 617]
Event: 109.759 Thread 0x000001cfa9c91000 Exception <a 'java/lang/NoSuchMethodError'{0x000000008e67b340}: 'org.gradle.internal.buildoption.BuildOption$Value org.gradle.api.internal.StartParameterInternal.getIsolatedProjects()'> (0x000000008e67b340) thrown at [src/hotspot/share/interpreter/linkResolver.cpp, line 773]
Event: 109.977 Thread 0x000001cfa9c91000 Exception <a 'sun/nio/fs/WindowsException'{0x000000008d7dd5b8}> (0x000000008d7dd5b8) thrown at [src/hotspot/share/prims/jni.cpp, line 617]
Event: 109.990 Thread 0x000001cfa9c91000 Exception <a 'sun/nio/fs/WindowsException'{0x000000008d67bdb8}> (0x000000008d67bdb8) thrown at [src/hotspot/share/prims/jni.cpp, line 617]
Event: 109.990 Thread 0x000001cfa9c91000 Exception <a 'sun/nio/fs/WindowsException'{0x000000008d67d130}> (0x000000008d67d130) thrown at [src/hotspot/share/prims/jni.cpp, line 617]
Event: 109.990 Thread 0x000001cfa9c91000 Exception <a 'sun/nio/fs/WindowsException'{0x000000008d67e4f8}> (0x000000008d67e4f8) thrown at [src/hotspot/share/prims/jni.cpp, line 617]
Event: 109.990 Thread 0x000001cfa9c91000 Exception <a 'sun/nio/fs/WindowsException'{0x000000008d67f8c0}> (0x000000008d67f8c0) thrown at [src/hotspot/share/prims/jni.cpp, line 617]
Event: 110.029 Thread 0x000001cfa9c91000 Exception <a 'java/lang/NoSuchMethodError'{0x000000008d34d648}: 'org.gradle.internal.buildoption.BuildOption$Value org.gradle.api.internal.StartParameterInternal.getIsolatedProjects()'> (0x000000008d34d648) thrown at [src/hotspot/share/interpreter/linkResolver.cpp, line 773]
Event: 110.030 Thread 0x000001cfa9c91000 Exception <a 'java/lang/NoSuchMethodError'{0x000000008d3546b8}: 'org.gradle.internal.buildoption.BuildOption$Value org.gradle.api.internal.StartParameterInternal.getConfigurationCache()'> (0x000000008d3546b8) thrown at [src/hotspot/share/interpreter/linkResolver.cpp, line 773]
Event: 110.037 Thread 0x000001cfa9c91000 Exception <a 'sun/nio/fs/WindowsException'{0x000000008d3e9bf8}> (0x000000008d3e9bf8) thrown at [src/hotspot/share/prims/jni.cpp, line 617]
Event: 110.042 Thread 0x000001cfa9c91000 Exception <a 'java/lang/NoSuchMethodError'{0x000000008d23d818}: 'org.gradle.internal.buildoption.BuildOption$Value org.gradle.api.internal.StartParameterInternal.getConfigurationCache()'> (0x000000008d23d818) thrown at [src/hotspot/share/interpreter/linkResolver.cpp, line 773]
Event: 110.058 Thread 0x000001cfaed20800 Exception <a 'sun/nio/fs/WindowsException'{0x000000008d2ea5f0}> (0x000000008d2ea5f0) thrown at [src/hotspot/share/prims/jni.cpp, line 617]
Event: 110.060 Thread 0x000001cfaed20800 Exception <a 'sun/nio/fs/WindowsException'{0x000000008d2f0508}> (0x000000008d2f0508) thrown at [src/hotspot/share/prims/jni.cpp, line 617]
Event: 110.064 Thread 0x000001cfb307a800 Exception <a 'sun/nio/fs/WindowsException'{0x000000008d10ccd0}> (0x000000008d10ccd0) thrown at [src/hotspot/share/prims/jni.cpp, line 617]
Event: 110.064 Thread 0x000001cfb307a800 Exception <a 'sun/nio/fs/WindowsException'{0x000000008d10e8a8}> (0x000000008d10e8a8) thrown at [src/hotspot/share/prims/jni.cpp, line 617]
Event: 110.064 Thread 0x000001cfb307a800 Exception <a 'sun/nio/fs/WindowsException'{0x000000008d110430}> (0x000000008d110430) thrown at [src/hotspot/share/prims/jni.cpp, line 617]
Event: 110.065 Thread 0x000001cfb307a800 Exception <a 'sun/nio/fs/WindowsException'{0x000000008d112388}> (0x000000008d112388) thrown at [src/hotspot/share/prims/jni.cpp, line 617]

Events (20 events):
Event: 110.419 Executing VM operation: RevokeBias done
Event: 110.419 Executing VM operation: RevokeBias
Event: 110.419 Executing VM operation: RevokeBias done
Event: 110.419 Executing VM operation: RevokeBias
Event: 110.419 Executing VM operation: RevokeBias done
Event: 110.420 Executing VM operation: RevokeBias
Event: 110.420 Executing VM operation: RevokeBias done
Event: 110.423 Executing VM operation: RevokeBias
Event: 110.423 Executing VM operation: RevokeBias done
Event: 110.442 Executing VM operation: RevokeBias
Event: 110.442 Executing VM operation: RevokeBias done
Event: 110.442 Executing VM operation: RevokeBias
Event: 110.442 Executing VM operation: RevokeBias done
Event: 110.442 Executing VM operation: RevokeBias
Event: 110.442 Executing VM operation: RevokeBias done
Event: 110.442 Executing VM operation: RevokeBias
Event: 110.443 Executing VM operation: RevokeBias done
Event: 110.443 Executing VM operation: RevokeBias
Event: 110.443 Executing VM operation: RevokeBias done
Event: 110.443 Executing VM operation: BulkRevokeBias


Dynamic libraries:
0x00007ff70bb70000 - 0x00007ff70bb7a000 	C:\Program Files\Android\Android Studio1\jbr\bin\java.exe
0x00007ffd3c0d0000 - 0x00007ffd3c2e4000 	C:\WINDOWS\SYSTEM32\ntdll.dll
0x00007ffd3a6e0000 - 0x00007ffd3a7a2000 	C:\WINDOWS\System32\KERNEL32.DLL
0x00007ffd39920000 - 0x00007ffd39cc3000 	C:\WINDOWS\System32\KERNELBASE.dll
0x00007ffd396e0000 - 0x00007ffd397f1000 	C:\WINDOWS\System32\ucrtbase.dll
0x00007ffce6950000 - 0x00007ffce6967000 	C:\Program Files\Android\Android Studio1\jbr\bin\jli.dll
0x00007ffce6930000 - 0x00007ffce694b000 	C:\Program Files\Android\Android Studio1\jbr\bin\VCRUNTIME140.dll
0x00007ffd3a340000 - 0x00007ffd3a4ea000 	C:\WINDOWS\System32\USER32.dll
0x00007ffd395f0000 - 0x00007ffd39616000 	C:\WINDOWS\System32\win32u.dll
0x00007ffd3b070000 - 0x00007ffd3b099000 	C:\WINDOWS\System32\GDI32.dll
0x00007ffd394d0000 - 0x00007ffd395e9000 	C:\WINDOWS\System32\gdi32full.dll
0x00007ffd39800000 - 0x00007ffd3989a000 	C:\WINDOWS\System32\msvcp_win.dll
0x00007ffd168f0000 - 0x00007ffd16b7e000 	C:\WINDOWS\WinSxS\amd64_microsoft.windows.common-controls_6595b64144ccf1df_6.0.22621.1635_none_270f70857386168e\COMCTL32.dll
0x00007ffd3b0a0000 - 0x00007ffd3b147000 	C:\WINDOWS\System32\msvcrt.dll
0x00007ffd3a590000 - 0x00007ffd3a5c1000 	C:\WINDOWS\System32\IMM32.DLL
0x00007ffd32450000 - 0x00007ffd3245c000 	C:\Program Files\Android\Android Studio1\jbr\bin\vcruntime140_1.dll
0x00007ffce68a0000 - 0x00007ffce692d000 	C:\Program Files\Android\Android Studio1\jbr\bin\msvcp140.dll
0x00007ffcefd80000 - 0x00007ffcf093c000 	C:\Program Files\Android\Android Studio1\jbr\bin\server\jvm.dll
0x00007ffd3bdd0000 - 0x00007ffd3be7e000 	C:\WINDOWS\System32\ADVAPI32.dll
0x00007ffd3a290000 - 0x00007ffd3a334000 	C:\WINDOWS\System32\sechost.dll
0x00007ffd3a170000 - 0x00007ffd3a287000 	C:\WINDOWS\System32\RPCRT4.dll
0x00007ffd3a6d0000 - 0x00007ffd3a6d8000 	C:\WINDOWS\System32\PSAPI.DLL
0x00007ffd31d80000 - 0x00007ffd31db4000 	C:\WINDOWS\SYSTEM32\WINMM.dll
0x00007ffd2c5e0000 - 0x00007ffd2c5ea000 	C:\WINDOWS\SYSTEM32\VERSION.dll
0x00007ffd08a40000 - 0x00007ffd08a49000 	C:\WINDOWS\SYSTEM32\WSOCK32.dll
0x00007ffd3a0d0000 - 0x00007ffd3a141000 	C:\WINDOWS\System32\WS2_32.dll
0x00007ffd38600000 - 0x00007ffd38618000 	C:\WINDOWS\SYSTEM32\kernel.appcore.dll
0x00007ffcf1860000 - 0x00007ffcf1870000 	C:\Program Files\Android\Android Studio1\jbr\bin\verify.dll
0x00007ffd366a0000 - 0x00007ffd368ce000 	C:\WINDOWS\SYSTEM32\DBGHELP.DLL
0x00007ffd3aad0000 - 0x00007ffd3ae59000 	C:\WINDOWS\System32\combase.dll
0x00007ffd3ae60000 - 0x00007ffd3af37000 	C:\WINDOWS\System32\OLEAUT32.dll
0x00007ffd1e6c0000 - 0x00007ffd1e6f2000 	C:\WINDOWS\SYSTEM32\dbgcore.DLL
0x00007ffd398a0000 - 0x00007ffd3991a000 	C:\WINDOWS\System32\bcryptPrimitives.dll
0x00007ffcefd50000 - 0x00007ffcefd78000 	C:\Program Files\Android\Android Studio1\jbr\bin\java.dll
0x00007ffcf1180000 - 0x00007ffcf118a000 	C:\Program Files\Android\Android Studio1\jbr\bin\jimage.dll
0x00007ffcefd30000 - 0x00007ffcefd48000 	C:\Program Files\Android\Android Studio1\jbr\bin\zip.dll
0x00007ffd3b150000 - 0x00007ffd3b949000 	C:\WINDOWS\System32\SHELL32.dll
0x00007ffd374d0000 - 0x00007ffd37d9e000 	C:\WINDOWS\SYSTEM32\windows.storage.dll
0x00007ffd37390000 - 0x00007ffd374ce000 	C:\WINDOWS\SYSTEM32\wintypes.dll
0x00007ffd3a5d0000 - 0x00007ffd3a6c1000 	C:\WINDOWS\System32\SHCORE.dll
0x00007ffd3aa70000 - 0x00007ffd3aace000 	C:\WINDOWS\System32\shlwapi.dll
0x00007ffd39400000 - 0x00007ffd39426000 	C:\WINDOWS\SYSTEM32\profapi.dll
0x00007ffcefac0000 - 0x00007ffcefad9000 	C:\Program Files\Android\Android Studio1\jbr\bin\net.dll
0x00007ffd2dea0000 - 0x00007ffd2dfd7000 	C:\WINDOWS\SYSTEM32\WINHTTP.dll
0x00007ffd38a80000 - 0x00007ffd38ae9000 	C:\WINDOWS\system32\mswsock.dll
0x00007ffcefaa0000 - 0x00007ffcefab3000 	C:\Program Files\Android\Android Studio1\jbr\bin\nio.dll
0x00007ffce6970000 - 0x00007ffce6997000 	C:\Users\user\.gradle\native\68d5fa5c4cc2d200863cafc0d521ce42e7d3e7ee720ec0a83991735586a16f82\windows-amd64\native-platform.dll
0x00007ffce6410000 - 0x00007ffce6554000 	C:\Users\user\.gradle\native\e376f236ea51e6404a007f0833ffe2c6e607c4080706a723a18a27aeea778392\windows-amd64\native-platform-file-events.dll
0x00007ffcefa90000 - 0x00007ffcefa9a000 	C:\Program Files\Android\Android Studio1\jbr\bin\management.dll
0x00007ffcefa80000 - 0x00007ffcefa8b000 	C:\Program Files\Android\Android Studio1\jbr\bin\management_ext.dll
0x00007ffd38ce0000 - 0x00007ffd38cfb000 	C:\WINDOWS\SYSTEM32\CRYPTSP.dll
0x00007ffd38570000 - 0x00007ffd385a5000 	C:\WINDOWS\system32\rsaenh.dll
0x00007ffd38b80000 - 0x00007ffd38bac000 	C:\WINDOWS\SYSTEM32\USERENV.dll
0x00007ffd38e80000 - 0x00007ffd38ea8000 	C:\WINDOWS\SYSTEM32\bcrypt.dll
0x00007ffd38d00000 - 0x00007ffd38d0c000 	C:\WINDOWS\SYSTEM32\CRYPTBASE.dll
0x00007ffd38070000 - 0x00007ffd3809d000 	C:\WINDOWS\SYSTEM32\IPHLPAPI.DLL
0x00007ffd3a040000 - 0x00007ffd3a049000 	C:\WINDOWS\System32\NSI.dll
0x00007ffd2de30000 - 0x00007ffd2de49000 	C:\WINDOWS\SYSTEM32\dhcpcsvc6.DLL
0x00007ffd2de10000 - 0x00007ffd2de2f000 	C:\WINDOWS\SYSTEM32\dhcpcsvc.DLL
0x00007ffd380a0000 - 0x00007ffd38193000 	C:\WINDOWS\SYSTEM32\DNSAPI.dll
0x00007ffcefa60000 - 0x00007ffcefa77000 	C:\WINDOWS\system32\napinsp.dll
0x00007ffcefa40000 - 0x00007ffcefa5b000 	C:\WINDOWS\system32\pnrpnsp.dll
0x00007ffcefa20000 - 0x00007ffcefa31000 	C:\WINDOWS\System32\winrnr.dll
0x00007ffd2d640000 - 0x00007ffd2d655000 	C:\WINDOWS\system32\wshbth.dll
0x00007ffcef9f0000 - 0x00007ffcefa11000 	C:\WINDOWS\system32\nlansp_c.dll
0x00007ffd26350000 - 0x00007ffd2635a000 	C:\Windows\System32\rasadhlp.dll
0x00007ffd2c760000 - 0x00007ffd2c7e4000 	C:\WINDOWS\System32\fwpuclnt.dll

dbghelp: loaded successfully - version: 4.0.5 - missing functions: none
symbol engine: initialized successfully - sym options: 0x614 - pdb path: .;C:\Program Files\Android\Android Studio1\jbr\bin;C:\WINDOWS\SYSTEM32;C:\WINDOWS\WinSxS\amd64_microsoft.windows.common-controls_6595b64144ccf1df_6.0.22621.1635_none_270f70857386168e;C:\Program Files\Android\Android Studio1\jbr\bin\server;C:\Users\user\.gradle\native\68d5fa5c4cc2d200863cafc0d521ce42e7d3e7ee720ec0a83991735586a16f82\windows-amd64;C:\Users\user\.gradle\native\e376f236ea51e6404a007f0833ffe2c6e607c4080706a723a18a27aeea778392\windows-amd64

VM Arguments:
jvm_args: --add-opens=java.base/java.util=ALL-UNNAMED --add-opens=java.base/java.lang=ALL-UNNAMED --add-opens=java.base/java.lang.invoke=ALL-UNNAMED --add-opens=java.prefs/java.util.prefs=ALL-UNNAMED --add-opens=java.base/java.nio.charset=ALL-UNNAMED --add-opens=java.base/java.net=ALL-UNNAMED --add-opens=java.base/java.util.concurrent.atomic=ALL-UNNAMED -Xmx2048m -Dfile.encoding=UTF-8 -Duser.country=KR -Duser.language=ko -Duser.variant 
java_command: org.gradle.launcher.daemon.bootstrap.GradleDaemon 8.0
java_class_path (initial): C:\Users\user\.gradle\wrapper\dists\gradle-8.0-bin\ca5e32bp14vu59qr306oxotwh\gradle-8.0\lib\gradle-launcher-8.0.jar
Launcher Type: SUN_STANDARD

[Global flags]
     intx CICompilerCount                          = 4                                         {product} {ergonomic}
     uint ConcGCThreads                            = 2                                         {product} {ergonomic}
     uint G1ConcRefinementThreads                  = 8                                         {product} {ergonomic}
   size_t G1HeapRegionSize                         = 1048576                                   {product} {ergonomic}
    uintx GCDrainStackTargetSize                   = 64                                        {product} {ergonomic}
   size_t InitialHeapSize                          = 132120576                                 {product} {ergonomic}
   size_t MarkStackSize                            = 4194304                                   {product} {ergonomic}
   size_t MaxHeapSize                              = 2147483648                                {product} {command line}
   size_t MaxNewSize                               = 1287651328                                {product} {ergonomic}
   size_t MinHeapDeltaBytes                        = 1048576                                   {product} {ergonomic}
    uintx NonNMethodCodeHeapSize                   = 5836300                                {pd product} {ergonomic}
    uintx NonProfiledCodeHeapSize                  = 122910970                              {pd product} {ergonomic}
    uintx ProfiledCodeHeapSize                     = 122910970                              {pd product} {ergonomic}
    uintx ReservedCodeCacheSize                    = 251658240                              {pd product} {ergonomic}
     bool SegmentedCodeCache                       = true                                      {product} {ergonomic}
     bool UseCompressedClassPointers               = true                                 {lp64_product} {ergonomic}
     bool UseCompressedOops                        = true                                 {lp64_product} {ergonomic}
     bool UseG1GC                                  = true                                      {product} {ergonomic}
     bool UseLargePagesIndividualAllocation        = false                                  {pd product} {ergonomic}

Logging:
Log output configuration:
 #0: stdout all=warning uptime,level,tags
 #1: stderr all=off uptime,level,tags

Environment Variables:
PATH=C:\Program Files\openssl-0.9.8e_X64\bin;C:\Program Files\Common Files\Oracle\Java\javapath;C:\WINDOWS\system32;C:\WINDOWS;C:\WINDOWS\System32\Wbem;C:\WINDOWS\System32\WindowsPowerShell\v1.0\;C:\WINDOWS\System32\OpenSSH\;C:\Program Files\OpenSSL-Win64\bin;C:\Program Files\Java\jdk-19\bin;C:\Program Files\Git\cmd;C:\Users\user\AppData\Local\Programs\Python\Python39\Scripts\;C:\Users\user\AppData\Local\Programs\Python\Python39\;C:\Users\user\AppData\Local\Microsoft\WindowsApps;
USERNAME=user
OS=Windows_NT
PROCESSOR_IDENTIFIER=Intel64 Family 6 Model 166 Stepping 0, GenuineIntel



---------------  S Y S T E M  ---------------

OS: Windows 11 , 64 bit Build 22621 (10.0.22621.1928)
OS uptime: 0 days 0:36 hours

CPU:total 8 (initial active 8) (4 cores per cpu, 2 threads per core) family 6 model 166 stepping 0 microcode 0xe0, cmov, cx8, fxsr, mmx, sse, sse2, sse3, ssse3, sse4.1, sse4.2, popcnt, avx, avx2, aes, clmul, erms, 3dnowpref, lzcnt, ht, tsc, tscinvbit, bmi1, bmi2, adx, fma

Memory: 4k page, system-wide physical 8006M (336M free)
TotalPageFile size 11950M (AvailPageFile size 3M)
current process WorkingSet (physical memory assigned to process): 493M, peak: 578M
current process commit charge ("private bytes"): 608M, peak: 614M

vm_info: OpenJDK 64-Bit Server VM (11.0.15+0-b2043.56-9505619) for windows-amd64 JRE (11.0.15+0-b2043.56-9505619), built on Jan 19 2023 02:48:00 by "builduser" with unknown MS VC++:1929

END.
